#
# There is insufficient memory for the Java Runtime Environment to continue.
# Native memory allocation (malloc) failed to allocate 2597424 bytes for Chunk::new
# Possible reasons:
#   The system is out of physical RAM or swap space
#   The process is running with CompressedOops enabled, and the Java Heap may be blocking the growth of the native heap
# Possible solutions:
#   Reduce memory load on the system
#   Increase physical memory or swap space
#   Check if swap backing store is full
#   Decrease Java heap size (-Xmx/-Xms)
#   Decrease number of Java threads
#   Decrease Java thread stack sizes (-Xss)
#   Set larger code cache with -XX:ReservedCodeCacheSize=
#   JVM is running with Unscaled Compressed Oops mode in which the Java heap is
#     placed in the first 4GB address space. The Java Heap base address is the
#     maximum limit for the native heap growth. Please use -XX:HeapBaseMinAddress
#     to set the Java Heap base and to place the Java Heap above 4GB virtual address.
# This output file may be truncated or incomplete.
#
#  Out of Memory Error (arena.cpp:189), pid=10160, tid=26508
#
# JRE version: Java(TM) SE Runtime Environment (17.0.8+9) (build 17.0.8+9-LTS-211)
# Java VM: Java HotSpot(TM) 64-Bit Server VM (17.0.8+9-LTS-211, mixed mode, sharing, tiered, compressed oops, compressed class ptrs, g1 gc, windows-amd64)
# No core dump will be written. Minidumps are not enabled by default on client versions of Windows
#

---------------  S U M M A R Y ------------

Command Line: --add-opens=java.base/java.util=ALL-UNNAMED --add-opens=java.base/java.lang=ALL-UNNAMED --add-opens=java.base/java.lang.invoke=ALL-UNNAMED --add-opens=java.prefs/java.util.prefs=ALL-UNNAMED --add-opens=java.base/java.nio.charset=ALL-UNNAMED --add-opens=java.base/java.net=ALL-UNNAMED --add-opens=java.base/java.util.concurrent.atomic=ALL-UNNAMED -XX:MaxMetaspaceSize=384m -XX:+HeapDumpOnOutOfMemoryError -Xms256m -Xmx512m -Dfile.encoding=UTF-8 -Duser.country=US -Duser.language=en -Duser.variant -javaagent:T:\ToolJava\gradle-8.8\wrapper\dists\gradle-8.8-bin\dl7vupf4psengwqhwktix4v1\gradle-8.8\lib\agents\gradle-instrumentation-agent-8.8.jar org.gradle.launcher.daemon.bootstrap.GradleDaemon 8.8

Host: Intel(R) Core(TM) i5-10210U CPU @ 1.60GHz, 8 cores, 23G,  Windows 11 , 64 bit Build 22621 (10.0.22621.3958)
Time: Sat Oct 12 17:00:50 2024 SE Asia Standard Time elapsed time: 74.313548 seconds (0d 0h 1m 14s)

---------------  T H R E A D  ---------------

Current thread (0x000001e6778335e0):  JavaThread "C2 CompilerThread2" daemon [_thread_in_native, id=26508, stack(0x0000006110a00000,0x0000006110b00000)]


Current CompileTask:
C2:  74313 3508       4       java.net.URLClassLoader$1::run (5 bytes)

Stack: [0x0000006110a00000,0x0000006110b00000]
Native frames: (J=compiled Java code, j=interpreted, Vv=VM code, C=native code)
V  [jvm.dll+0x677d0a]
V  [jvm.dll+0x7d8c54]
V  [jvm.dll+0x7da3fe]
V  [jvm.dll+0x7daa63]
V  [jvm.dll+0x245c5f]
V  [jvm.dll+0xaaa6b]
V  [jvm.dll+0xab00c]
V  [jvm.dll+0x361e8e]
V  [jvm.dll+0x32c551]
V  [jvm.dll+0x32b9ea]
V  [jvm.dll+0x217fff]
V  [jvm.dll+0x217431]
V  [jvm.dll+0x1a3af0]
V  [jvm.dll+0x2270be]
V  [jvm.dll+0x22535b]
V  [jvm.dll+0x78e7bc]
V  [jvm.dll+0x788bba]
V  [jvm.dll+0x676b35]
C  [ucrtbase.dll+0x29333]
C  [KERNEL32.DLL+0x1257d]
C  [ntdll.dll+0x5af08]


---------------  P R O C E S S  ---------------

Threads class SMR info:
_java_thread_list=0x000001e67e614a60, length=37, elements={
0x000001e65c9d3350, 0x000001e6772d3540, 0x000001e6772d43b0, 0x000001e6772ecc30,
0x000001e6772edaa0, 0x000001e6772f0970, 0x000001e6772f1320, 0x000001e6772f24c0,
0x000001e6772f2f60, 0x000001e6772f5100, 0x000001e6772bf1b0, 0x000001e677573f70,
0x000001e67d4f2d20, 0x000001e67cfaaff0, 0x000001e67d6899a0, 0x000001e67d45b0a0,
0x000001e67c512810, 0x000001e67780b6a0, 0x000001e67d43abe0, 0x000001e6775f88b0,
0x000001e67c66b000, 0x000001e67c66b4d0, 0x000001e67c66be70, 0x000001e67c66b9a0,
0x000001e67c966a80, 0x000001e67c966f50, 0x000001e67c967420, 0x000001e67c964da0,
0x000001e67c963590, 0x000001e67c961d80, 0x000001e67c963a60, 0x000001e67c9613e0,
0x000001e67c963f30, 0x000001e67c9630c0, 0x000001e67c967dc0, 0x000001e67c428800,
0x000001e6778335e0
}

Java Threads: ( => current thread )
  0x000001e65c9d3350 JavaThread "main" [_thread_blocked, id=13080, stack(0x000000610d400000,0x000000610d500000)]
  0x000001e6772d3540 JavaThread "Reference Handler" daemon [_thread_blocked, id=8580, stack(0x000000610dc00000,0x000000610dd00000)]
  0x000001e6772d43b0 JavaThread "Finalizer" daemon [_thread_blocked, id=18760, stack(0x000000610dd00000,0x000000610de00000)]
  0x000001e6772ecc30 JavaThread "Signal Dispatcher" daemon [_thread_blocked, id=23456, stack(0x000000610de00000,0x000000610df00000)]
  0x000001e6772edaa0 JavaThread "Attach Listener" daemon [_thread_blocked, id=27064, stack(0x000000610df00000,0x000000610e000000)]
  0x000001e6772f0970 JavaThread "Service Thread" daemon [_thread_blocked, id=23244, stack(0x000000610e000000,0x000000610e100000)]
  0x000001e6772f1320 JavaThread "Monitor Deflation Thread" daemon [_thread_blocked, id=15300, stack(0x000000610e100000,0x000000610e200000)]
  0x000001e6772f24c0 JavaThread "C2 CompilerThread0" daemon [_thread_in_native, id=26552, stack(0x000000610e200000,0x000000610e300000)]
  0x000001e6772f2f60 JavaThread "C1 CompilerThread0" daemon [_thread_blocked, id=14552, stack(0x000000610e300000,0x000000610e400000)]
  0x000001e6772f5100 JavaThread "Sweeper thread" daemon [_thread_blocked, id=10384, stack(0x000000610e400000,0x000000610e500000)]
  0x000001e6772bf1b0 JavaThread "Common-Cleaner" daemon [_thread_blocked, id=16952, stack(0x000000610e500000,0x000000610e600000)]
  0x000001e677573f70 JavaThread "Notification Thread" daemon [_thread_blocked, id=17628, stack(0x000000610e600000,0x000000610e700000)]
  0x000001e67d4f2d20 JavaThread "Daemon health stats" [_thread_blocked, id=23848, stack(0x000000610ed00000,0x000000610ee00000)]
  0x000001e67cfaaff0 JavaThread "Incoming local TCP Connector on port 62264" [_thread_in_native, id=27328, stack(0x000000610ee00000,0x000000610ef00000)]
  0x000001e67d6899a0 JavaThread "Daemon periodic checks" [_thread_blocked, id=12516, stack(0x000000610ef00000,0x000000610f000000)]
  0x000001e67d45b0a0 JavaThread "Daemon" [_thread_blocked, id=19912, stack(0x000000610f000000,0x000000610f100000)]
  0x000001e67c512810 JavaThread "Handler for socket connection from /127.0.0.1:62264 to /127.0.0.1:62269" [_thread_in_native, id=5196, stack(0x000000610f100000,0x000000610f200000)]
  0x000001e67780b6a0 JavaThread "Cancel handler" [_thread_blocked, id=26400, stack(0x000000610f200000,0x000000610f300000)]
  0x000001e67d43abe0 JavaThread "Daemon worker" [_thread_in_vm, id=2228, stack(0x000000610f300000,0x000000610f400000)]
  0x000001e6775f88b0 JavaThread "Asynchronous log dispatcher for DefaultDaemonConnection: socket connection from /127.0.0.1:62264 to /127.0.0.1:62269" [_thread_blocked, id=19896, stack(0x000000610f400000,0x000000610f500000)]
  0x000001e67c66b000 JavaThread "Stdin handler" [_thread_blocked, id=18012, stack(0x000000610f500000,0x000000610f600000)]
  0x000001e67c66b4d0 JavaThread "Daemon client event forwarder" [_thread_blocked, id=8872, stack(0x000000610f600000,0x000000610f700000)]
  0x000001e67c66be70 JavaThread "Cache worker for journal cache (T:\ToolJava\gradle-8.8\caches\journal-1)" [_thread_blocked, id=9340, stack(0x000000610f700000,0x000000610f800000)]
  0x000001e67c66b9a0 JavaThread "File lock request listener" [_thread_in_native, id=10184, stack(0x000000610f800000,0x000000610f900000)]
  0x000001e67c966a80 JavaThread "File lock release action executor" [_thread_blocked, id=1272, stack(0x000000610f900000,0x000000610fa00000)]
  0x000001e67c966f50 JavaThread "Cache worker for file hash cache (T:\ToolJava\gradle-8.8\caches\8.8\fileHashes)" [_thread_blocked, id=15932, stack(0x000000610fa00000,0x000000610fb00000)]
  0x000001e67c967420 JavaThread "Cache worker for file hash cache (A:\DeAnTourDuLich\BookingTour\BackEnd\UserService\.gradle\8.8\fileHashes)" [_thread_blocked, id=2848, stack(0x000000610fe00000,0x000000610ff00000)]
  0x000001e67c964da0 JavaThread "File watcher server" daemon [_thread_in_native, id=22112, stack(0x000000610fd00000,0x000000610fe00000)]
  0x000001e67c963590 JavaThread "File watcher consumer" daemon [_thread_blocked, id=868, stack(0x000000610ff00000,0x0000006110000000)]
  0x000001e67c961d80 JavaThread "Cache worker for checksums cache (A:\DeAnTourDuLich\BookingTour\BackEnd\UserService\.gradle\8.8\checksums)" [_thread_blocked, id=27224, stack(0x0000006110100000,0x0000006110200000)]
  0x000001e67c963a60 JavaThread "Cache worker for file content cache (T:\ToolJava\gradle-8.8\caches\8.8\fileContent)" [_thread_blocked, id=13944, stack(0x0000006110200000,0x0000006110300000)]
  0x000001e67c9613e0 JavaThread "Cache worker for cache directory md-rule (T:\ToolJava\gradle-8.8\caches\8.8\md-rule)" [_thread_blocked, id=7216, stack(0x0000006110300000,0x0000006110400000)]
  0x000001e67c963f30 JavaThread "Cache worker for cache directory md-supplier (T:\ToolJava\gradle-8.8\caches\8.8\md-supplier)" [_thread_blocked, id=18608, stack(0x0000006110400000,0x0000006110500000)]
  0x000001e67c9630c0 JavaThread "jar transforms" [_thread_blocked, id=26804, stack(0x0000006110700000,0x0000006110800000)]
  0x000001e67c967dc0 JavaThread "jar transforms Thread 2" [_thread_blocked, id=23804, stack(0x0000006110800000,0x0000006110900000)]
  0x000001e67c428800 JavaThread "C2 CompilerThread1" daemon [_thread_in_native, id=27624, stack(0x0000006110900000,0x0000006110a00000)]
=>0x000001e6778335e0 JavaThread "C2 CompilerThread2" daemon [_thread_in_native, id=26508, stack(0x0000006110a00000,0x0000006110b00000)]

Other Threads:
  0x000001e6772cd1a0 VMThread "VM Thread" [stack: 0x000000610db00000,0x000000610dc00000] [id=18984]
  0x000001e67762cce0 WatcherThread [stack: 0x000000610e700000,0x000000610e800000] [id=6340]
  0x000001e65ca01010 GCTaskThread "GC Thread#0" [stack: 0x000000610d600000,0x000000610d700000] [id=26984]
  0x000001e67c67c5f0 GCTaskThread "GC Thread#1" [stack: 0x000000610e800000,0x000000610e900000] [id=9084]
  0x000001e67c67c8a0 GCTaskThread "GC Thread#2" [stack: 0x000000610e900000,0x000000610ea00000] [id=5248]
  0x000001e67c67cb50 GCTaskThread "GC Thread#3" [stack: 0x000000610ea00000,0x000000610eb00000] [id=9512]
  0x000001e67c67ce00 GCTaskThread "GC Thread#4" [stack: 0x000000610eb00000,0x000000610ec00000] [id=12148]
  0x000001e67c13f300 GCTaskThread "GC Thread#5" [stack: 0x000000610ec00000,0x000000610ed00000] [id=6668]
  0x000001e67dbecdc0 GCTaskThread "GC Thread#6" [stack: 0x000000610fb00000,0x000000610fc00000] [id=15772]
  0x000001e67e987850 GCTaskThread "GC Thread#7" [stack: 0x000000610fc00000,0x000000610fd00000] [id=15644]
  0x000001e65ca05f50 ConcurrentGCThread "G1 Main Marker" [stack: 0x000000610d700000,0x000000610d800000] [id=20952]
  0x000001e65ca07970 ConcurrentGCThread "G1 Conc#0" [stack: 0x000000610d800000,0x000000610d900000] [id=2884]
  0x000001e67e45a870 ConcurrentGCThread "G1 Conc#1" [stack: 0x0000006110000000,0x0000006110100000] [id=8812]
  0x000001e65ca9d790 ConcurrentGCThread "G1 Refine#0" [stack: 0x000000610d900000,0x000000610da00000] [id=23940]
  0x000001e65ca9e1b0 ConcurrentGCThread "G1 Service" [stack: 0x000000610da00000,0x000000610db00000] [id=26408]

Threads with active compile tasks:
C2 CompilerThread0    74398 3446   !   4       java.lang.ClassLoader::loadClass (121 bytes)
C2 CompilerThread1    74399 3678   !   4       java.security.AccessController::doPrivileged (26 bytes)
C2 CompilerThread2    74399 3508       4       java.net.URLClassLoader$1::run (5 bytes)

VM state: not at safepoint (normal execution)

VM Mutex/Monitor currently owned by a thread: None

Heap address: 0x00000000e0000000, size: 512 MB, Compressed Oops mode: 32-bit

CDS archive(s) mapped at: [0x000001e600000000-0x000001e600bd0000-0x000001e600bd0000), size 12386304, SharedBaseAddress: 0x000001e600000000, ArchiveRelocationMode: 1.
Compressed class space mapped at: 0x000001e601000000-0x000001e615000000, reserved size: 335544320
Narrow klass base: 0x000001e600000000, Narrow klass shift: 0, Narrow klass range: 0x100000000

GC Precious Log:
 CPUs: 8 total, 8 available
 Memory: 24398M
 Large Page Support: Disabled
 NUMA Support: Disabled
 Compressed Oops: Enabled (32-bit)
 Heap Region Size: 1M
 Heap Min Capacity: 256M
 Heap Initial Capacity: 256M
 Heap Max Capacity: 512M
 Pre-touch: Disabled
 Parallel Workers: 8
 Concurrent Workers: 2
 Concurrent Refinement Workers: 8
 Periodic GC: Disabled

Heap:
 garbage-first heap   total 262144K, used 96753K [0x00000000e0000000, 0x0000000100000000)
  region size 1024K, 83 young (84992K), 11 survivors (11264K)
 Metaspace       used 31573K, committed 31936K, reserved 393216K
  class space    used 4538K, committed 4736K, reserved 327680K

Heap Regions: E=young(eden), S=young(survivor), O=old, HS=humongous(starts), HC=humongous(continues), CS=collection set, F=free, OA=open archive, CA=closed archive, TAMS=top-at-mark-start (previous, next)
|   0|0x00000000e0000000, 0x00000000e0100000, 0x00000000e0100000|100%|HS|  |TAMS 0x00000000e0100000, 0x00000000e0000000| Complete 
|   1|0x00000000e0100000, 0x00000000e0200000, 0x00000000e0200000|100%|HC|  |TAMS 0x00000000e0200000, 0x00000000e0100000| Complete 
|   2|0x00000000e0200000, 0x00000000e0300000, 0x00000000e0300000|100%|HC|  |TAMS 0x00000000e0300000, 0x00000000e0200000| Complete 
|   3|0x00000000e0300000, 0x00000000e0400000, 0x00000000e0400000|100%|HC|  |TAMS 0x00000000e0400000, 0x00000000e0300000| Complete 
|   4|0x00000000e0400000, 0x00000000e0500000, 0x00000000e0500000|100%| O|  |TAMS 0x00000000e0500000, 0x00000000e0400000| Untracked 
|   5|0x00000000e0500000, 0x00000000e0600000, 0x00000000e0600000|100%| O|  |TAMS 0x00000000e0600000, 0x00000000e0500000| Untracked 
|   6|0x00000000e0600000, 0x00000000e0700000, 0x00000000e0700000|100%| O|  |TAMS 0x00000000e0700000, 0x00000000e0600000| Untracked 
|   7|0x00000000e0700000, 0x00000000e0800000, 0x00000000e0800000|100%| O|  |TAMS 0x00000000e0800000, 0x00000000e0700000| Untracked 
|   8|0x00000000e0800000, 0x00000000e0900000, 0x00000000e0900000|100%| O|  |TAMS 0x00000000e0900000, 0x00000000e0800000| Complete 
|   9|0x00000000e0900000, 0x00000000e0a00000, 0x00000000e0a00000|100%| O|  |TAMS 0x00000000e0a00000, 0x00000000e0900000| Untracked 
|  10|0x00000000e0a00000, 0x00000000e0b00000, 0x00000000e0b00000|100%| O|  |TAMS 0x00000000e0a95000, 0x00000000e0a00000| Untracked 
|  11|0x00000000e0b00000, 0x00000000e0c00000, 0x00000000e0c00000|100%|HS|  |TAMS 0x00000000e0c00000, 0x00000000e0b00000| Complete 
|  12|0x00000000e0c00000, 0x00000000e0c91400, 0x00000000e0d00000| 56%| O|  |TAMS 0x00000000e0c00000, 0x00000000e0c00000| Untracked 
|  13|0x00000000e0d00000, 0x00000000e0d00000, 0x00000000e0e00000|  0%| F|  |TAMS 0x00000000e0d00000, 0x00000000e0d00000| Untracked 
|  14|0x00000000e0e00000, 0x00000000e0e00000, 0x00000000e0f00000|  0%| F|  |TAMS 0x00000000e0e00000, 0x00000000e0e00000| Untracked 
|  15|0x00000000e0f00000, 0x00000000e0f00000, 0x00000000e1000000|  0%| F|  |TAMS 0x00000000e0f00000, 0x00000000e0f00000| Untracked 
|  16|0x00000000e1000000, 0x00000000e1000000, 0x00000000e1100000|  0%| F|  |TAMS 0x00000000e1000000, 0x00000000e1000000| Untracked 
|  17|0x00000000e1100000, 0x00000000e1100000, 0x00000000e1200000|  0%| F|  |TAMS 0x00000000e1100000, 0x00000000e1100000| Untracked 
|  18|0x00000000e1200000, 0x00000000e1200000, 0x00000000e1300000|  0%| F|  |TAMS 0x00000000e1200000, 0x00000000e1200000| Untracked 
|  19|0x00000000e1300000, 0x00000000e1300000, 0x00000000e1400000|  0%| F|  |TAMS 0x00000000e1300000, 0x00000000e1300000| Untracked 
|  20|0x00000000e1400000, 0x00000000e1400000, 0x00000000e1500000|  0%| F|  |TAMS 0x00000000e1400000, 0x00000000e1400000| Untracked 
|  21|0x00000000e1500000, 0x00000000e1500000, 0x00000000e1600000|  0%| F|  |TAMS 0x00000000e1500000, 0x00000000e1500000| Untracked 
|  22|0x00000000e1600000, 0x00000000e1600000, 0x00000000e1700000|  0%| F|  |TAMS 0x00000000e1600000, 0x00000000e1600000| Untracked 
|  23|0x00000000e1700000, 0x00000000e1700000, 0x00000000e1800000|  0%| F|  |TAMS 0x00000000e1700000, 0x00000000e1700000| Untracked 
|  24|0x00000000e1800000, 0x00000000e1800000, 0x00000000e1900000|  0%| F|  |TAMS 0x00000000e1800000, 0x00000000e1800000| Untracked 
|  25|0x00000000e1900000, 0x00000000e1900000, 0x00000000e1a00000|  0%| F|  |TAMS 0x00000000e1900000, 0x00000000e1900000| Untracked 
|  26|0x00000000e1a00000, 0x00000000e1a00000, 0x00000000e1b00000|  0%| F|  |TAMS 0x00000000e1a00000, 0x00000000e1a00000| Untracked 
|  27|0x00000000e1b00000, 0x00000000e1b00000, 0x00000000e1c00000|  0%| F|  |TAMS 0x00000000e1b00000, 0x00000000e1b00000| Untracked 
|  28|0x00000000e1c00000, 0x00000000e1c00000, 0x00000000e1d00000|  0%| F|  |TAMS 0x00000000e1c00000, 0x00000000e1c00000| Untracked 
|  29|0x00000000e1d00000, 0x00000000e1d00000, 0x00000000e1e00000|  0%| F|  |TAMS 0x00000000e1d00000, 0x00000000e1d00000| Untracked 
|  30|0x00000000e1e00000, 0x00000000e1e00000, 0x00000000e1f00000|  0%| F|  |TAMS 0x00000000e1e00000, 0x00000000e1e00000| Untracked 
|  31|0x00000000e1f00000, 0x00000000e1f00000, 0x00000000e2000000|  0%| F|  |TAMS 0x00000000e1f00000, 0x00000000e1f00000| Untracked 
|  32|0x00000000e2000000, 0x00000000e2000000, 0x00000000e2100000|  0%| F|  |TAMS 0x00000000e2000000, 0x00000000e2000000| Untracked 
|  33|0x00000000e2100000, 0x00000000e2100000, 0x00000000e2200000|  0%| F|  |TAMS 0x00000000e2100000, 0x00000000e2100000| Untracked 
|  34|0x00000000e2200000, 0x00000000e2200000, 0x00000000e2300000|  0%| F|  |TAMS 0x00000000e2200000, 0x00000000e2200000| Untracked 
|  35|0x00000000e2300000, 0x00000000e2300000, 0x00000000e2400000|  0%| F|  |TAMS 0x00000000e2300000, 0x00000000e2300000| Untracked 
|  36|0x00000000e2400000, 0x00000000e2400000, 0x00000000e2500000|  0%| F|  |TAMS 0x00000000e2400000, 0x00000000e2400000| Untracked 
|  37|0x00000000e2500000, 0x00000000e2500000, 0x00000000e2600000|  0%| F|  |TAMS 0x00000000e2500000, 0x00000000e2500000| Untracked 
|  38|0x00000000e2600000, 0x00000000e2600000, 0x00000000e2700000|  0%| F|  |TAMS 0x00000000e2600000, 0x00000000e2600000| Untracked 
|  39|0x00000000e2700000, 0x00000000e2700000, 0x00000000e2800000|  0%| F|  |TAMS 0x00000000e2700000, 0x00000000e2700000| Untracked 
|  40|0x00000000e2800000, 0x00000000e2800000, 0x00000000e2900000|  0%| F|  |TAMS 0x00000000e2800000, 0x00000000e2800000| Untracked 
|  41|0x00000000e2900000, 0x00000000e2900000, 0x00000000e2a00000|  0%| F|  |TAMS 0x00000000e2900000, 0x00000000e2900000| Untracked 
|  42|0x00000000e2a00000, 0x00000000e2a00000, 0x00000000e2b00000|  0%| F|  |TAMS 0x00000000e2a00000, 0x00000000e2a00000| Untracked 
|  43|0x00000000e2b00000, 0x00000000e2b00000, 0x00000000e2c00000|  0%| F|  |TAMS 0x00000000e2b00000, 0x00000000e2b00000| Untracked 
|  44|0x00000000e2c00000, 0x00000000e2c00000, 0x00000000e2d00000|  0%| F|  |TAMS 0x00000000e2c00000, 0x00000000e2c00000| Untracked 
|  45|0x00000000e2d00000, 0x00000000e2d00000, 0x00000000e2e00000|  0%| F|  |TAMS 0x00000000e2d00000, 0x00000000e2d00000| Untracked 
|  46|0x00000000e2e00000, 0x00000000e2e00000, 0x00000000e2f00000|  0%| F|  |TAMS 0x00000000e2e00000, 0x00000000e2e00000| Untracked 
|  47|0x00000000e2f00000, 0x00000000e2f00000, 0x00000000e3000000|  0%| F|  |TAMS 0x00000000e2f00000, 0x00000000e2f00000| Untracked 
|  48|0x00000000e3000000, 0x00000000e3000000, 0x00000000e3100000|  0%| F|  |TAMS 0x00000000e3000000, 0x00000000e3000000| Untracked 
|  49|0x00000000e3100000, 0x00000000e3100000, 0x00000000e3200000|  0%| F|  |TAMS 0x00000000e3100000, 0x00000000e3100000| Untracked 
|  50|0x00000000e3200000, 0x00000000e3200000, 0x00000000e3300000|  0%| F|  |TAMS 0x00000000e3200000, 0x00000000e3200000| Untracked 
|  51|0x00000000e3300000, 0x00000000e3300000, 0x00000000e3400000|  0%| F|  |TAMS 0x00000000e3300000, 0x00000000e3300000| Untracked 
|  52|0x00000000e3400000, 0x00000000e3400000, 0x00000000e3500000|  0%| F|  |TAMS 0x00000000e3400000, 0x00000000e3400000| Untracked 
|  53|0x00000000e3500000, 0x00000000e3500000, 0x00000000e3600000|  0%| F|  |TAMS 0x00000000e3500000, 0x00000000e3500000| Untracked 
|  54|0x00000000e3600000, 0x00000000e3600000, 0x00000000e3700000|  0%| F|  |TAMS 0x00000000e3600000, 0x00000000e3600000| Untracked 
|  55|0x00000000e3700000, 0x00000000e3700000, 0x00000000e3800000|  0%| F|  |TAMS 0x00000000e3700000, 0x00000000e3700000| Untracked 
|  56|0x00000000e3800000, 0x00000000e3800000, 0x00000000e3900000|  0%| F|  |TAMS 0x00000000e3800000, 0x00000000e3800000| Untracked 
|  57|0x00000000e3900000, 0x00000000e3900000, 0x00000000e3a00000|  0%| F|  |TAMS 0x00000000e3900000, 0x00000000e3900000| Untracked 
|  58|0x00000000e3a00000, 0x00000000e3a00000, 0x00000000e3b00000|  0%| F|  |TAMS 0x00000000e3a00000, 0x00000000e3a00000| Untracked 
|  59|0x00000000e3b00000, 0x00000000e3b00000, 0x00000000e3c00000|  0%| F|  |TAMS 0x00000000e3b00000, 0x00000000e3b00000| Untracked 
|  60|0x00000000e3c00000, 0x00000000e3c00000, 0x00000000e3d00000|  0%| F|  |TAMS 0x00000000e3c00000, 0x00000000e3c00000| Untracked 
|  61|0x00000000e3d00000, 0x00000000e3d00000, 0x00000000e3e00000|  0%| F|  |TAMS 0x00000000e3d00000, 0x00000000e3d00000| Untracked 
|  62|0x00000000e3e00000, 0x00000000e3e00000, 0x00000000e3f00000|  0%| F|  |TAMS 0x00000000e3e00000, 0x00000000e3e00000| Untracked 
|  63|0x00000000e3f00000, 0x00000000e3f00000, 0x00000000e4000000|  0%| F|  |TAMS 0x00000000e3f00000, 0x00000000e3f00000| Untracked 
|  64|0x00000000e4000000, 0x00000000e4000000, 0x00000000e4100000|  0%| F|  |TAMS 0x00000000e4000000, 0x00000000e4000000| Untracked 
|  65|0x00000000e4100000, 0x00000000e4100000, 0x00000000e4200000|  0%| F|  |TAMS 0x00000000e4100000, 0x00000000e4100000| Untracked 
|  66|0x00000000e4200000, 0x00000000e4200000, 0x00000000e4300000|  0%| F|  |TAMS 0x00000000e4200000, 0x00000000e4200000| Untracked 
|  67|0x00000000e4300000, 0x00000000e4300000, 0x00000000e4400000|  0%| F|  |TAMS 0x00000000e4300000, 0x00000000e4300000| Untracked 
|  68|0x00000000e4400000, 0x00000000e4400000, 0x00000000e4500000|  0%| F|  |TAMS 0x00000000e4400000, 0x00000000e4400000| Untracked 
|  69|0x00000000e4500000, 0x00000000e4500000, 0x00000000e4600000|  0%| F|  |TAMS 0x00000000e4500000, 0x00000000e4500000| Untracked 
|  70|0x00000000e4600000, 0x00000000e4600000, 0x00000000e4700000|  0%| F|  |TAMS 0x00000000e4600000, 0x00000000e4600000| Untracked 
|  71|0x00000000e4700000, 0x00000000e4700000, 0x00000000e4800000|  0%| F|  |TAMS 0x00000000e4700000, 0x00000000e4700000| Untracked 
|  72|0x00000000e4800000, 0x00000000e4800000, 0x00000000e4900000|  0%| F|  |TAMS 0x00000000e4800000, 0x00000000e4800000| Untracked 
|  73|0x00000000e4900000, 0x00000000e4900000, 0x00000000e4a00000|  0%| F|  |TAMS 0x00000000e4900000, 0x00000000e4900000| Untracked 
|  74|0x00000000e4a00000, 0x00000000e4a00000, 0x00000000e4b00000|  0%| F|  |TAMS 0x00000000e4a00000, 0x00000000e4a00000| Untracked 
|  75|0x00000000e4b00000, 0x00000000e4b00000, 0x00000000e4c00000|  0%| F|  |TAMS 0x00000000e4b00000, 0x00000000e4b00000| Untracked 
|  76|0x00000000e4c00000, 0x00000000e4c00000, 0x00000000e4d00000|  0%| F|  |TAMS 0x00000000e4c00000, 0x00000000e4c00000| Untracked 
|  77|0x00000000e4d00000, 0x00000000e4d00000, 0x00000000e4e00000|  0%| F|  |TAMS 0x00000000e4d00000, 0x00000000e4d00000| Untracked 
|  78|0x00000000e4e00000, 0x00000000e4e00000, 0x00000000e4f00000|  0%| F|  |TAMS 0x00000000e4e00000, 0x00000000e4e00000| Untracked 
|  79|0x00000000e4f00000, 0x00000000e4f00000, 0x00000000e5000000|  0%| F|  |TAMS 0x00000000e4f00000, 0x00000000e4f00000| Untracked 
|  80|0x00000000e5000000, 0x00000000e5000000, 0x00000000e5100000|  0%| F|  |TAMS 0x00000000e5000000, 0x00000000e5000000| Untracked 
|  81|0x00000000e5100000, 0x00000000e5100000, 0x00000000e5200000|  0%| F|  |TAMS 0x00000000e5100000, 0x00000000e5100000| Untracked 
|  82|0x00000000e5200000, 0x00000000e5200000, 0x00000000e5300000|  0%| F|  |TAMS 0x00000000e5200000, 0x00000000e5200000| Untracked 
|  83|0x00000000e5300000, 0x00000000e5300000, 0x00000000e5400000|  0%| F|  |TAMS 0x00000000e5300000, 0x00000000e5300000| Untracked 
|  84|0x00000000e5400000, 0x00000000e5400000, 0x00000000e5500000|  0%| F|  |TAMS 0x00000000e5400000, 0x00000000e5400000| Untracked 
|  85|0x00000000e5500000, 0x00000000e5500000, 0x00000000e5600000|  0%| F|  |TAMS 0x00000000e5500000, 0x00000000e5500000| Untracked 
|  86|0x00000000e5600000, 0x00000000e5600000, 0x00000000e5700000|  0%| F|  |TAMS 0x00000000e5600000, 0x00000000e5600000| Untracked 
|  87|0x00000000e5700000, 0x00000000e5700000, 0x00000000e5800000|  0%| F|  |TAMS 0x00000000e5700000, 0x00000000e5700000| Untracked 
|  88|0x00000000e5800000, 0x00000000e5800000, 0x00000000e5900000|  0%| F|  |TAMS 0x00000000e5800000, 0x00000000e5800000| Untracked 
|  89|0x00000000e5900000, 0x00000000e5900000, 0x00000000e5a00000|  0%| F|  |TAMS 0x00000000e5900000, 0x00000000e5900000| Untracked 
|  90|0x00000000e5a00000, 0x00000000e5a00000, 0x00000000e5b00000|  0%| F|  |TAMS 0x00000000e5a00000, 0x00000000e5a00000| Untracked 
|  91|0x00000000e5b00000, 0x00000000e5b00000, 0x00000000e5c00000|  0%| F|  |TAMS 0x00000000e5b00000, 0x00000000e5b00000| Untracked 
|  92|0x00000000e5c00000, 0x00000000e5c00000, 0x00000000e5d00000|  0%| F|  |TAMS 0x00000000e5c00000, 0x00000000e5c00000| Untracked 
|  93|0x00000000e5d00000, 0x00000000e5d00000, 0x00000000e5e00000|  0%| F|  |TAMS 0x00000000e5d00000, 0x00000000e5d00000| Untracked 
|  94|0x00000000e5e00000, 0x00000000e5e00000, 0x00000000e5f00000|  0%| F|  |TAMS 0x00000000e5e00000, 0x00000000e5e00000| Untracked 
|  95|0x00000000e5f00000, 0x00000000e5f00000, 0x00000000e6000000|  0%| F|  |TAMS 0x00000000e5f00000, 0x00000000e5f00000| Untracked 
|  96|0x00000000e6000000, 0x00000000e6000000, 0x00000000e6100000|  0%| F|  |TAMS 0x00000000e6000000, 0x00000000e6000000| Untracked 
|  97|0x00000000e6100000, 0x00000000e6100000, 0x00000000e6200000|  0%| F|  |TAMS 0x00000000e6100000, 0x00000000e6100000| Untracked 
|  98|0x00000000e6200000, 0x00000000e6200000, 0x00000000e6300000|  0%| F|  |TAMS 0x00000000e6200000, 0x00000000e6200000| Untracked 
|  99|0x00000000e6300000, 0x00000000e6300000, 0x00000000e6400000|  0%| F|  |TAMS 0x00000000e6300000, 0x00000000e6300000| Untracked 
| 100|0x00000000e6400000, 0x00000000e6400000, 0x00000000e6500000|  0%| F|  |TAMS 0x00000000e6400000, 0x00000000e6400000| Untracked 
| 101|0x00000000e6500000, 0x00000000e6500000, 0x00000000e6600000|  0%| F|  |TAMS 0x00000000e6500000, 0x00000000e6500000| Untracked 
| 102|0x00000000e6600000, 0x00000000e6600000, 0x00000000e6700000|  0%| F|  |TAMS 0x00000000e6600000, 0x00000000e6600000| Untracked 
| 103|0x00000000e6700000, 0x00000000e6700000, 0x00000000e6800000|  0%| F|  |TAMS 0x00000000e6700000, 0x00000000e6700000| Untracked 
| 104|0x00000000e6800000, 0x00000000e6800000, 0x00000000e6900000|  0%| F|  |TAMS 0x00000000e6800000, 0x00000000e6800000| Untracked 
| 105|0x00000000e6900000, 0x00000000e6900000, 0x00000000e6a00000|  0%| F|  |TAMS 0x00000000e6900000, 0x00000000e6900000| Untracked 
| 106|0x00000000e6a00000, 0x00000000e6a00000, 0x00000000e6b00000|  0%| F|  |TAMS 0x00000000e6a00000, 0x00000000e6a00000| Untracked 
| 107|0x00000000e6b00000, 0x00000000e6b00000, 0x00000000e6c00000|  0%| F|  |TAMS 0x00000000e6b00000, 0x00000000e6b00000| Untracked 
| 108|0x00000000e6c00000, 0x00000000e6c00000, 0x00000000e6d00000|  0%| F|  |TAMS 0x00000000e6c00000, 0x00000000e6c00000| Untracked 
| 109|0x00000000e6d00000, 0x00000000e6d00000, 0x00000000e6e00000|  0%| F|  |TAMS 0x00000000e6d00000, 0x00000000e6d00000| Untracked 
| 110|0x00000000e6e00000, 0x00000000e6e00000, 0x00000000e6f00000|  0%| F|  |TAMS 0x00000000e6e00000, 0x00000000e6e00000| Untracked 
| 111|0x00000000e6f00000, 0x00000000e6f00000, 0x00000000e7000000|  0%| F|  |TAMS 0x00000000e6f00000, 0x00000000e6f00000| Untracked 
| 112|0x00000000e7000000, 0x00000000e7000000, 0x00000000e7100000|  0%| F|  |TAMS 0x00000000e7000000, 0x00000000e7000000| Untracked 
| 113|0x00000000e7100000, 0x00000000e7100000, 0x00000000e7200000|  0%| F|  |TAMS 0x00000000e7100000, 0x00000000e7100000| Untracked 
| 114|0x00000000e7200000, 0x00000000e7200000, 0x00000000e7300000|  0%| F|  |TAMS 0x00000000e7200000, 0x00000000e7200000| Untracked 
| 115|0x00000000e7300000, 0x00000000e7300000, 0x00000000e7400000|  0%| F|  |TAMS 0x00000000e7300000, 0x00000000e7300000| Untracked 
| 116|0x00000000e7400000, 0x00000000e7400000, 0x00000000e7500000|  0%| F|  |TAMS 0x00000000e7400000, 0x00000000e7400000| Untracked 
| 117|0x00000000e7500000, 0x00000000e7500000, 0x00000000e7600000|  0%| F|  |TAMS 0x00000000e7500000, 0x00000000e7500000| Untracked 
| 118|0x00000000e7600000, 0x00000000e7600000, 0x00000000e7700000|  0%| F|  |TAMS 0x00000000e7600000, 0x00000000e7600000| Untracked 
| 119|0x00000000e7700000, 0x00000000e7700000, 0x00000000e7800000|  0%| F|  |TAMS 0x00000000e7700000, 0x00000000e7700000| Untracked 
| 120|0x00000000e7800000, 0x00000000e7800000, 0x00000000e7900000|  0%| F|  |TAMS 0x00000000e7800000, 0x00000000e7800000| Untracked 
| 121|0x00000000e7900000, 0x00000000e7900000, 0x00000000e7a00000|  0%| F|  |TAMS 0x00000000e7900000, 0x00000000e7900000| Untracked 
| 122|0x00000000e7a00000, 0x00000000e7a00000, 0x00000000e7b00000|  0%| F|  |TAMS 0x00000000e7a00000, 0x00000000e7a00000| Untracked 
| 123|0x00000000e7b00000, 0x00000000e7b00000, 0x00000000e7c00000|  0%| F|  |TAMS 0x00000000e7b00000, 0x00000000e7b00000| Untracked 
| 124|0x00000000e7c00000, 0x00000000e7c00000, 0x00000000e7d00000|  0%| F|  |TAMS 0x00000000e7c00000, 0x00000000e7c00000| Untracked 
| 125|0x00000000e7d00000, 0x00000000e7d00000, 0x00000000e7e00000|  0%| F|  |TAMS 0x00000000e7d00000, 0x00000000e7d00000| Untracked 
| 126|0x00000000e7e00000, 0x00000000e7e00000, 0x00000000e7f00000|  0%| F|  |TAMS 0x00000000e7e00000, 0x00000000e7e00000| Untracked 
| 127|0x00000000e7f00000, 0x00000000e7f00000, 0x00000000e8000000|  0%| F|  |TAMS 0x00000000e7f00000, 0x00000000e7f00000| Untracked 
| 128|0x00000000e8000000, 0x00000000e8000000, 0x00000000e8100000|  0%| F|  |TAMS 0x00000000e8000000, 0x00000000e8000000| Untracked 
| 129|0x00000000e8100000, 0x00000000e8100000, 0x00000000e8200000|  0%| F|  |TAMS 0x00000000e8100000, 0x00000000e8100000| Untracked 
| 130|0x00000000e8200000, 0x00000000e8200000, 0x00000000e8300000|  0%| F|  |TAMS 0x00000000e8200000, 0x00000000e8200000| Untracked 
| 131|0x00000000e8300000, 0x00000000e8300000, 0x00000000e8400000|  0%| F|  |TAMS 0x00000000e8300000, 0x00000000e8300000| Untracked 
| 132|0x00000000e8400000, 0x00000000e8400000, 0x00000000e8500000|  0%| F|  |TAMS 0x00000000e8400000, 0x00000000e8400000| Untracked 
| 133|0x00000000e8500000, 0x00000000e8500000, 0x00000000e8600000|  0%| F|  |TAMS 0x00000000e8500000, 0x00000000e8500000| Untracked 
| 134|0x00000000e8600000, 0x00000000e8600000, 0x00000000e8700000|  0%| F|  |TAMS 0x00000000e8600000, 0x00000000e8600000| Untracked 
| 135|0x00000000e8700000, 0x00000000e8700000, 0x00000000e8800000|  0%| F|  |TAMS 0x00000000e8700000, 0x00000000e8700000| Untracked 
| 136|0x00000000e8800000, 0x00000000e8800000, 0x00000000e8900000|  0%| F|  |TAMS 0x00000000e8800000, 0x00000000e8800000| Untracked 
| 137|0x00000000e8900000, 0x00000000e8900000, 0x00000000e8a00000|  0%| F|  |TAMS 0x00000000e8900000, 0x00000000e8900000| Untracked 
| 138|0x00000000e8a00000, 0x00000000e8a00000, 0x00000000e8b00000|  0%| F|  |TAMS 0x00000000e8a00000, 0x00000000e8a00000| Untracked 
| 139|0x00000000e8b00000, 0x00000000e8b00000, 0x00000000e8c00000|  0%| F|  |TAMS 0x00000000e8b00000, 0x00000000e8b00000| Untracked 
| 140|0x00000000e8c00000, 0x00000000e8c00000, 0x00000000e8d00000|  0%| F|  |TAMS 0x00000000e8c00000, 0x00000000e8c00000| Untracked 
| 141|0x00000000e8d00000, 0x00000000e8d00000, 0x00000000e8e00000|  0%| F|  |TAMS 0x00000000e8d00000, 0x00000000e8d00000| Untracked 
| 142|0x00000000e8e00000, 0x00000000e8e00000, 0x00000000e8f00000|  0%| F|  |TAMS 0x00000000e8e00000, 0x00000000e8e00000| Untracked 
| 143|0x00000000e8f00000, 0x00000000e8f00000, 0x00000000e9000000|  0%| F|  |TAMS 0x00000000e8f00000, 0x00000000e8f00000| Untracked 
| 144|0x00000000e9000000, 0x00000000e9000000, 0x00000000e9100000|  0%| F|  |TAMS 0x00000000e9000000, 0x00000000e9000000| Untracked 
| 145|0x00000000e9100000, 0x00000000e9100000, 0x00000000e9200000|  0%| F|  |TAMS 0x00000000e9100000, 0x00000000e9100000| Untracked 
| 146|0x00000000e9200000, 0x00000000e9200000, 0x00000000e9300000|  0%| F|  |TAMS 0x00000000e9200000, 0x00000000e9200000| Untracked 
| 147|0x00000000e9300000, 0x00000000e9300000, 0x00000000e9400000|  0%| F|  |TAMS 0x00000000e9300000, 0x00000000e9300000| Untracked 
| 148|0x00000000e9400000, 0x00000000e9400000, 0x00000000e9500000|  0%| F|  |TAMS 0x00000000e9400000, 0x00000000e9400000| Untracked 
| 149|0x00000000e9500000, 0x00000000e9500000, 0x00000000e9600000|  0%| F|  |TAMS 0x00000000e9500000, 0x00000000e9500000| Untracked 
| 150|0x00000000e9600000, 0x00000000e9600000, 0x00000000e9700000|  0%| F|  |TAMS 0x00000000e9600000, 0x00000000e9600000| Untracked 
| 151|0x00000000e9700000, 0x00000000e9700000, 0x00000000e9800000|  0%| F|  |TAMS 0x00000000e9700000, 0x00000000e9700000| Untracked 
| 152|0x00000000e9800000, 0x00000000e9800000, 0x00000000e9900000|  0%| F|  |TAMS 0x00000000e9800000, 0x00000000e9800000| Untracked 
| 153|0x00000000e9900000, 0x00000000e9900000, 0x00000000e9a00000|  0%| F|  |TAMS 0x00000000e9900000, 0x00000000e9900000| Untracked 
| 154|0x00000000e9a00000, 0x00000000e9a00000, 0x00000000e9b00000|  0%| F|  |TAMS 0x00000000e9a00000, 0x00000000e9a00000| Untracked 
| 155|0x00000000e9b00000, 0x00000000e9b00000, 0x00000000e9c00000|  0%| F|  |TAMS 0x00000000e9b00000, 0x00000000e9b00000| Untracked 
| 156|0x00000000e9c00000, 0x00000000e9c00000, 0x00000000e9d00000|  0%| F|  |TAMS 0x00000000e9c00000, 0x00000000e9c00000| Untracked 
| 157|0x00000000e9d00000, 0x00000000e9d00000, 0x00000000e9e00000|  0%| F|  |TAMS 0x00000000e9d00000, 0x00000000e9d00000| Untracked 
| 158|0x00000000e9e00000, 0x00000000e9e00000, 0x00000000e9f00000|  0%| F|  |TAMS 0x00000000e9e00000, 0x00000000e9e00000| Untracked 
| 159|0x00000000e9f00000, 0x00000000e9f00000, 0x00000000ea000000|  0%| F|  |TAMS 0x00000000e9f00000, 0x00000000e9f00000| Untracked 
| 160|0x00000000ea000000, 0x00000000ea000000, 0x00000000ea100000|  0%| F|  |TAMS 0x00000000ea000000, 0x00000000ea000000| Untracked 
| 161|0x00000000ea100000, 0x00000000ea100000, 0x00000000ea200000|  0%| F|  |TAMS 0x00000000ea100000, 0x00000000ea100000| Untracked 
| 162|0x00000000ea200000, 0x00000000ea200000, 0x00000000ea300000|  0%| F|  |TAMS 0x00000000ea200000, 0x00000000ea200000| Untracked 
| 163|0x00000000ea300000, 0x00000000ea300000, 0x00000000ea400000|  0%| F|  |TAMS 0x00000000ea300000, 0x00000000ea300000| Untracked 
| 164|0x00000000ea400000, 0x00000000ea400000, 0x00000000ea500000|  0%| F|  |TAMS 0x00000000ea400000, 0x00000000ea400000| Untracked 
| 165|0x00000000ea500000, 0x00000000ea500000, 0x00000000ea600000|  0%| F|  |TAMS 0x00000000ea500000, 0x00000000ea500000| Untracked 
| 166|0x00000000ea600000, 0x00000000ea600000, 0x00000000ea700000|  0%| F|  |TAMS 0x00000000ea600000, 0x00000000ea600000| Untracked 
| 167|0x00000000ea700000, 0x00000000ea700000, 0x00000000ea800000|  0%| F|  |TAMS 0x00000000ea700000, 0x00000000ea700000| Untracked 
| 168|0x00000000ea800000, 0x00000000ea800000, 0x00000000ea900000|  0%| F|  |TAMS 0x00000000ea800000, 0x00000000ea800000| Untracked 
| 169|0x00000000ea900000, 0x00000000ea900000, 0x00000000eaa00000|  0%| F|  |TAMS 0x00000000ea900000, 0x00000000ea900000| Untracked 
| 170|0x00000000eaa00000, 0x00000000eaa00000, 0x00000000eab00000|  0%| F|  |TAMS 0x00000000eaa00000, 0x00000000eaa00000| Untracked 
| 171|0x00000000eab00000, 0x00000000eab00000, 0x00000000eac00000|  0%| F|  |TAMS 0x00000000eab00000, 0x00000000eab00000| Untracked 
| 172|0x00000000eac00000, 0x00000000eac00000, 0x00000000ead00000|  0%| F|  |TAMS 0x00000000eac00000, 0x00000000eac00000| Untracked 
| 173|0x00000000ead00000, 0x00000000ead80c10, 0x00000000eae00000| 50%| E|  |TAMS 0x00000000ead00000, 0x00000000ead00000| Complete 
| 174|0x00000000eae00000, 0x00000000eaf00000, 0x00000000eaf00000|100%| E|CS|TAMS 0x00000000eae00000, 0x00000000eae00000| Complete 
| 175|0x00000000eaf00000, 0x00000000eb000000, 0x00000000eb000000|100%| E|CS|TAMS 0x00000000eaf00000, 0x00000000eaf00000| Complete 
| 176|0x00000000eb000000, 0x00000000eb100000, 0x00000000eb100000|100%| E|CS|TAMS 0x00000000eb000000, 0x00000000eb000000| Complete 
| 177|0x00000000eb100000, 0x00000000eb200000, 0x00000000eb200000|100%| E|CS|TAMS 0x00000000eb100000, 0x00000000eb100000| Complete 
| 178|0x00000000eb200000, 0x00000000eb300000, 0x00000000eb300000|100%| E|CS|TAMS 0x00000000eb200000, 0x00000000eb200000| Complete 
| 179|0x00000000eb300000, 0x00000000eb400000, 0x00000000eb400000|100%| E|CS|TAMS 0x00000000eb300000, 0x00000000eb300000| Complete 
| 180|0x00000000eb400000, 0x00000000eb500000, 0x00000000eb500000|100%| E|CS|TAMS 0x00000000eb400000, 0x00000000eb400000| Complete 
| 181|0x00000000eb500000, 0x00000000eb600000, 0x00000000eb600000|100%| E|CS|TAMS 0x00000000eb500000, 0x00000000eb500000| Complete 
| 182|0x00000000eb600000, 0x00000000eb700000, 0x00000000eb700000|100%| E|CS|TAMS 0x00000000eb600000, 0x00000000eb600000| Complete 
| 183|0x00000000eb700000, 0x00000000eb800000, 0x00000000eb800000|100%| E|CS|TAMS 0x00000000eb700000, 0x00000000eb700000| Complete 
| 184|0x00000000eb800000, 0x00000000eb900000, 0x00000000eb900000|100%| E|CS|TAMS 0x00000000eb800000, 0x00000000eb800000| Complete 
| 185|0x00000000eb900000, 0x00000000eba00000, 0x00000000eba00000|100%| E|CS|TAMS 0x00000000eb900000, 0x00000000eb900000| Complete 
| 186|0x00000000eba00000, 0x00000000ebb00000, 0x00000000ebb00000|100%| E|CS|TAMS 0x00000000eba00000, 0x00000000eba00000| Complete 
| 187|0x00000000ebb00000, 0x00000000ebc00000, 0x00000000ebc00000|100%| E|CS|TAMS 0x00000000ebb00000, 0x00000000ebb00000| Complete 
| 188|0x00000000ebc00000, 0x00000000ebd00000, 0x00000000ebd00000|100%| E|CS|TAMS 0x00000000ebc00000, 0x00000000ebc00000| Complete 
| 189|0x00000000ebd00000, 0x00000000ebe00000, 0x00000000ebe00000|100%| E|CS|TAMS 0x00000000ebd00000, 0x00000000ebd00000| Complete 
| 190|0x00000000ebe00000, 0x00000000ebf00000, 0x00000000ebf00000|100%| E|CS|TAMS 0x00000000ebe00000, 0x00000000ebe00000| Complete 
| 191|0x00000000ebf00000, 0x00000000ec000000, 0x00000000ec000000|100%| E|CS|TAMS 0x00000000ebf00000, 0x00000000ebf00000| Complete 
| 192|0x00000000ec000000, 0x00000000ec100000, 0x00000000ec100000|100%| E|CS|TAMS 0x00000000ec000000, 0x00000000ec000000| Complete 
| 193|0x00000000ec100000, 0x00000000ec200000, 0x00000000ec200000|100%| E|CS|TAMS 0x00000000ec100000, 0x00000000ec100000| Complete 
| 194|0x00000000ec200000, 0x00000000ec300000, 0x00000000ec300000|100%| E|CS|TAMS 0x00000000ec200000, 0x00000000ec200000| Complete 
| 195|0x00000000ec300000, 0x00000000ec400000, 0x00000000ec400000|100%| E|CS|TAMS 0x00000000ec300000, 0x00000000ec300000| Complete 
| 196|0x00000000ec400000, 0x00000000ec500000, 0x00000000ec500000|100%| E|CS|TAMS 0x00000000ec400000, 0x00000000ec400000| Complete 
| 197|0x00000000ec500000, 0x00000000ec600000, 0x00000000ec600000|100%| E|CS|TAMS 0x00000000ec500000, 0x00000000ec500000| Complete 
| 198|0x00000000ec600000, 0x00000000ec700000, 0x00000000ec700000|100%| E|CS|TAMS 0x00000000ec600000, 0x00000000ec600000| Complete 
| 199|0x00000000ec700000, 0x00000000ec800000, 0x00000000ec800000|100%| E|CS|TAMS 0x00000000ec700000, 0x00000000ec700000| Complete 
| 200|0x00000000ec800000, 0x00000000ec900000, 0x00000000ec900000|100%| E|CS|TAMS 0x00000000ec800000, 0x00000000ec800000| Complete 
| 201|0x00000000ec900000, 0x00000000eca00000, 0x00000000eca00000|100%| E|CS|TAMS 0x00000000ec900000, 0x00000000ec900000| Complete 
| 202|0x00000000eca00000, 0x00000000ecb00000, 0x00000000ecb00000|100%| E|CS|TAMS 0x00000000eca00000, 0x00000000eca00000| Complete 
| 203|0x00000000ecb00000, 0x00000000ecc00000, 0x00000000ecc00000|100%| E|CS|TAMS 0x00000000ecb00000, 0x00000000ecb00000| Complete 
| 204|0x00000000ecc00000, 0x00000000ecd00000, 0x00000000ecd00000|100%| E|CS|TAMS 0x00000000ecc00000, 0x00000000ecc00000| Complete 
| 205|0x00000000ecd00000, 0x00000000ece00000, 0x00000000ece00000|100%| E|CS|TAMS 0x00000000ecd00000, 0x00000000ecd00000| Complete 
| 206|0x00000000ece00000, 0x00000000ecf00000, 0x00000000ecf00000|100%| E|CS|TAMS 0x00000000ece00000, 0x00000000ece00000| Complete 
| 207|0x00000000ecf00000, 0x00000000ed000000, 0x00000000ed000000|100%| E|CS|TAMS 0x00000000ecf00000, 0x00000000ecf00000| Complete 
| 208|0x00000000ed000000, 0x00000000ed100000, 0x00000000ed100000|100%| E|CS|TAMS 0x00000000ed000000, 0x00000000ed000000| Complete 
| 209|0x00000000ed100000, 0x00000000ed200000, 0x00000000ed200000|100%| E|CS|TAMS 0x00000000ed100000, 0x00000000ed100000| Complete 
| 210|0x00000000ed200000, 0x00000000ed300000, 0x00000000ed300000|100%| E|CS|TAMS 0x00000000ed200000, 0x00000000ed200000| Complete 
| 211|0x00000000ed300000, 0x00000000ed400000, 0x00000000ed400000|100%| E|CS|TAMS 0x00000000ed300000, 0x00000000ed300000| Complete 
| 212|0x00000000ed400000, 0x00000000ed500000, 0x00000000ed500000|100%| E|CS|TAMS 0x00000000ed400000, 0x00000000ed400000| Complete 
| 213|0x00000000ed500000, 0x00000000ed600000, 0x00000000ed600000|100%| E|CS|TAMS 0x00000000ed500000, 0x00000000ed500000| Complete 
| 214|0x00000000ed600000, 0x00000000ed700000, 0x00000000ed700000|100%| E|CS|TAMS 0x00000000ed600000, 0x00000000ed600000| Complete 
| 215|0x00000000ed700000, 0x00000000ed800000, 0x00000000ed800000|100%| E|CS|TAMS 0x00000000ed700000, 0x00000000ed700000| Complete 
| 216|0x00000000ed800000, 0x00000000ed900000, 0x00000000ed900000|100%| E|CS|TAMS 0x00000000ed800000, 0x00000000ed800000| Complete 
| 217|0x00000000ed900000, 0x00000000eda00000, 0x00000000eda00000|100%| E|CS|TAMS 0x00000000ed900000, 0x00000000ed900000| Complete 
| 218|0x00000000eda00000, 0x00000000edb00000, 0x00000000edb00000|100%| E|CS|TAMS 0x00000000eda00000, 0x00000000eda00000| Complete 
| 219|0x00000000edb00000, 0x00000000edc00000, 0x00000000edc00000|100%| E|CS|TAMS 0x00000000edb00000, 0x00000000edb00000| Complete 
| 220|0x00000000edc00000, 0x00000000edd00000, 0x00000000edd00000|100%| E|CS|TAMS 0x00000000edc00000, 0x00000000edc00000| Complete 
| 221|0x00000000edd00000, 0x00000000ede00000, 0x00000000ede00000|100%| E|CS|TAMS 0x00000000edd00000, 0x00000000edd00000| Complete 
| 222|0x00000000ede00000, 0x00000000edf00000, 0x00000000edf00000|100%| E|CS|TAMS 0x00000000ede00000, 0x00000000ede00000| Complete 
| 223|0x00000000edf00000, 0x00000000ee000000, 0x00000000ee000000|100%| E|CS|TAMS 0x00000000edf00000, 0x00000000edf00000| Complete 
| 224|0x00000000ee000000, 0x00000000ee100000, 0x00000000ee100000|100%| E|CS|TAMS 0x00000000ee000000, 0x00000000ee000000| Complete 
| 225|0x00000000ee100000, 0x00000000ee200000, 0x00000000ee200000|100%| E|CS|TAMS 0x00000000ee100000, 0x00000000ee100000| Complete 
| 226|0x00000000ee200000, 0x00000000ee300000, 0x00000000ee300000|100%| E|CS|TAMS 0x00000000ee200000, 0x00000000ee200000| Complete 
| 227|0x00000000ee300000, 0x00000000ee400000, 0x00000000ee400000|100%| E|CS|TAMS 0x00000000ee300000, 0x00000000ee300000| Complete 
| 228|0x00000000ee400000, 0x00000000ee500000, 0x00000000ee500000|100%| E|CS|TAMS 0x00000000ee400000, 0x00000000ee400000| Complete 
| 229|0x00000000ee500000, 0x00000000ee5eb2c0, 0x00000000ee600000| 91%| S|CS|TAMS 0x00000000ee500000, 0x00000000ee500000| Complete 
| 230|0x00000000ee600000, 0x00000000ee700000, 0x00000000ee700000|100%| S|CS|TAMS 0x00000000ee600000, 0x00000000ee600000| Complete 
| 231|0x00000000ee700000, 0x00000000ee800000, 0x00000000ee800000|100%| S|CS|TAMS 0x00000000ee700000, 0x00000000ee700000| Complete 
| 232|0x00000000ee800000, 0x00000000ee900000, 0x00000000ee900000|100%| S|CS|TAMS 0x00000000ee800000, 0x00000000ee800000| Complete 
| 233|0x00000000ee900000, 0x00000000eea00000, 0x00000000eea00000|100%| S|CS|TAMS 0x00000000ee900000, 0x00000000ee900000| Complete 
| 234|0x00000000eea00000, 0x00000000eeb00000, 0x00000000eeb00000|100%| S|CS|TAMS 0x00000000eea00000, 0x00000000eea00000| Complete 
| 235|0x00000000eeb00000, 0x00000000eec00000, 0x00000000eec00000|100%| S|CS|TAMS 0x00000000eeb00000, 0x00000000eeb00000| Complete 
| 236|0x00000000eec00000, 0x00000000eed00000, 0x00000000eed00000|100%| S|CS|TAMS 0x00000000eec00000, 0x00000000eec00000| Complete 
| 237|0x00000000eed00000, 0x00000000eee00000, 0x00000000eee00000|100%| S|CS|TAMS 0x00000000eed00000, 0x00000000eed00000| Complete 
| 238|0x00000000eee00000, 0x00000000eef00000, 0x00000000eef00000|100%| S|CS|TAMS 0x00000000eee00000, 0x00000000eee00000| Complete 
| 239|0x00000000eef00000, 0x00000000ef000000, 0x00000000ef000000|100%| S|CS|TAMS 0x00000000eef00000, 0x00000000eef00000| Complete 
| 240|0x00000000ef000000, 0x00000000ef100000, 0x00000000ef100000|100%| E|CS|TAMS 0x00000000ef000000, 0x00000000ef000000| Complete 
| 241|0x00000000ef100000, 0x00000000ef200000, 0x00000000ef200000|100%| E|CS|TAMS 0x00000000ef100000, 0x00000000ef100000| Complete 
| 242|0x00000000ef200000, 0x00000000ef300000, 0x00000000ef300000|100%| E|CS|TAMS 0x00000000ef200000, 0x00000000ef200000| Complete 
| 243|0x00000000ef300000, 0x00000000ef400000, 0x00000000ef400000|100%| E|CS|TAMS 0x00000000ef300000, 0x00000000ef300000| Complete 
| 244|0x00000000ef400000, 0x00000000ef500000, 0x00000000ef500000|100%| E|CS|TAMS 0x00000000ef400000, 0x00000000ef400000| Complete 
| 245|0x00000000ef500000, 0x00000000ef600000, 0x00000000ef600000|100%| E|CS|TAMS 0x00000000ef500000, 0x00000000ef500000| Complete 
| 246|0x00000000ef600000, 0x00000000ef700000, 0x00000000ef700000|100%| E|CS|TAMS 0x00000000ef600000, 0x00000000ef600000| Complete 
| 247|0x00000000ef700000, 0x00000000ef800000, 0x00000000ef800000|100%| E|CS|TAMS 0x00000000ef700000, 0x00000000ef700000| Complete 
| 248|0x00000000ef800000, 0x00000000ef900000, 0x00000000ef900000|100%| E|CS|TAMS 0x00000000ef800000, 0x00000000ef800000| Complete 
| 249|0x00000000ef900000, 0x00000000efa00000, 0x00000000efa00000|100%| E|CS|TAMS 0x00000000ef900000, 0x00000000ef900000| Complete 
| 250|0x00000000efa00000, 0x00000000efb00000, 0x00000000efb00000|100%| E|CS|TAMS 0x00000000efa00000, 0x00000000efa00000| Complete 
| 251|0x00000000efb00000, 0x00000000efc00000, 0x00000000efc00000|100%| E|CS|TAMS 0x00000000efb00000, 0x00000000efb00000| Complete 
| 252|0x00000000efc00000, 0x00000000efd00000, 0x00000000efd00000|100%| E|CS|TAMS 0x00000000efc00000, 0x00000000efc00000| Complete 
| 253|0x00000000efd00000, 0x00000000efe00000, 0x00000000efe00000|100%| E|CS|TAMS 0x00000000efd00000, 0x00000000efd00000| Complete 
| 254|0x00000000efe00000, 0x00000000eff00000, 0x00000000eff00000|100%| E|CS|TAMS 0x00000000efe00000, 0x00000000efe00000| Complete 
| 255|0x00000000eff00000, 0x00000000f0000000, 0x00000000f0000000|100%| E|CS|TAMS 0x00000000eff00000, 0x00000000eff00000| Complete 

Card table byte_map: [0x000001e6736c0000,0x000001e6737c0000] _byte_map_base: 0x000001e672fc0000

Marking Bits (Prev, Next): (CMBitMap*) 0x000001e65ca01660, (CMBitMap*) 0x000001e65ca01620
 Prev Bits: [0x000001e6740c0000, 0x000001e6748c0000)
 Next Bits: [0x000001e6738c0000, 0x000001e6740c0000)

Polling page: 0x000001e65a930000

Metaspace:

Usage:
  Non-class:     26.40 MB used.
      Class:      4.43 MB used.
       Both:     30.83 MB used.

Virtual space:
  Non-class space:       64.00 MB reserved,      26.56 MB ( 42%) committed,  1 nodes.
      Class space:      320.00 MB reserved,       4.62 MB (  1%) committed,  1 nodes.
             Both:      384.00 MB reserved,      31.19 MB (  8%) committed. 

Chunk freelists:
   Non-Class:  4.56 MB
       Class:  11.20 MB
        Both:  15.77 MB

MaxMetaspaceSize: 384.00 MB
CompressedClassSpaceSize: 320.00 MB
Initial GC threshold: 21.00 MB
Current GC threshold: 35.25 MB
CDS: on
MetaspaceReclaimPolicy: balanced
 - commit_granule_bytes: 65536.
 - commit_granule_words: 8192.
 - virtual_space_node_default_size: 8388608.
 - enlarge_chunks_in_place: 1.
 - new_chunks_are_fully_committed: 0.
 - uncommit_free_chunks: 1.
 - use_allocation_guard: 0.
 - handle_deallocations: 1.


Internal statistics:

num_allocs_failed_limit: 3.
num_arena_births: 328.
num_arena_deaths: 0.
num_vsnodes_births: 2.
num_vsnodes_deaths: 0.
num_space_committed: 499.
num_space_uncommitted: 0.
num_chunks_returned_to_freelist: 3.
num_chunks_taken_from_freelist: 1468.
num_chunk_merges: 3.
num_chunk_splits: 973.
num_chunks_enlarged: 699.
num_purges: 0.
num_inconsistent_stats: 0.

CodeHeap 'non-profiled nmethods': size=120000Kb used=2049Kb max_used=2049Kb free=117950Kb
 bounds [0x000001e66bd40000, 0x000001e66bfb0000, 0x000001e673270000]
CodeHeap 'profiled nmethods': size=120000Kb used=7812Kb max_used=7812Kb free=112187Kb
 bounds [0x000001e664270000, 0x000001e664a20000, 0x000001e66b7a0000]
CodeHeap 'non-nmethods': size=5760Kb used=1254Kb max_used=1306Kb free=4506Kb
 bounds [0x000001e66b7a0000, 0x000001e66ba10000, 0x000001e66bd40000]
 total_blobs=4284 nmethods=3720 adapters=476
 compilation: enabled
              stopped_count=0, restarted_count=0
 full_count=0

Compilation events (20 events):
Event: 74.127 Thread 0x000001e6772f2f60 nmethod 3713 0x000001e664a04d10 code [0x000001e664a050e0, 0x000001e664a06cd8]
Event: 74.127 Thread 0x000001e6772f2f60 3714       3       org.codehaus.groovy.reflection.CachedClass::getSuperClassDistance (41 bytes)
Event: 74.128 Thread 0x000001e6772f2f60 nmethod 3714 0x000001e664a07410 code [0x000001e664a075c0, 0x000001e664a07848]
Event: 74.128 Thread 0x000001e6772f2f60 3712       3       java.util.Arrays::binarySearch0 (95 bytes)
Event: 74.128 Thread 0x000001e6772f2f60 nmethod 3712 0x000001e664a07990 code [0x000001e664a07b60, 0x000001e664a07f98]
Event: 74.128 Thread 0x000001e6772f2f60 3715       3       java.lang.invoke.MethodType::isConvertibleTo (164 bytes)
Event: 74.130 Thread 0x000001e6772f2f60 nmethod 3715 0x000001e664a08110 code [0x000001e664a08360, 0x000001e664a08ce8]
Event: 74.130 Thread 0x000001e6772f2f60 3716       3       java.lang.invoke.MethodHandleImpl::makePairwiseConvert (22 bytes)
Event: 74.130 Thread 0x000001e6772f2f60 nmethod 3716 0x000001e664a08f90 code [0x000001e664a09140, 0x000001e664a09368]
Event: 74.137 Thread 0x000001e6772f2f60 3718       3       java.lang.invoke.MemberName$Factory::resolveOrNull (54 bytes)
Event: 74.138 Thread 0x000001e6772f2f60 nmethod 3718 0x000001e664a09490 code [0x000001e664a09640, 0x000001e664a09908]
Event: 74.138 Thread 0x000001e6772f2f60 3719       3       java.lang.reflect.Method::isVarArgs (5 bytes)
Event: 74.138 Thread 0x000001e6772f2f60 nmethod 3719 0x000001e664a09a10 code [0x000001e664a09ba0, 0x000001e664a09d98]
Event: 74.138 Thread 0x000001e6772f2f60 3720       3       java.lang.reflect.Executable::isVarArgs (17 bytes)
Event: 74.138 Thread 0x000001e6772f2f60 nmethod 3720 0x000001e664a09e90 code [0x000001e664a0a040, 0x000001e664a0a268]
Event: 74.309 Thread 0x000001e6772f2f60 3722       3       com.sun.beans.introspect.MethodInfo$MethodOrder::compare (167 bytes)
Event: 74.310 Thread 0x000001e6772f2f60 nmethod 3722 0x000001e664a0a310 code [0x000001e664a0a600, 0x000001e664a0b4e8]
Event: 74.310 Thread 0x000001e6772f2f60 3721       3       com.sun.beans.introspect.MethodInfo$MethodOrder::compare (13 bytes)
Event: 74.311 Thread 0x000001e6772f2f60 nmethod 3721 0x000001e664a0ba90 code [0x000001e664a0bc40, 0x000001e664a0bf68]
Event: 74.311 Thread 0x000001e6772f2f60 3723   !   3       java.lang.Class::getTypeName (59 bytes)

GC Heap History (8 events):
Event: 14.906 GC heap before
{Heap before GC invocations=0 (full 0):
 garbage-first heap   total 262144K, used 26624K [0x00000000e0000000, 0x0000000100000000)
  region size 1024K, 23 young (23552K), 0 survivors (0K)
 Metaspace       used 2154K, committed 2368K, reserved 393216K
  class space    used 231K, committed 320K, reserved 327680K
}
Event: 15.770 GC heap after
{Heap after GC invocations=1 (full 0):
 garbage-first heap   total 262144K, used 10530K [0x00000000e0000000, 0x0000000100000000)
  region size 1024K, 3 young (3072K), 3 survivors (3072K)
 Metaspace       used 2154K, committed 2368K, reserved 393216K
  class space    used 231K, committed 320K, reserved 327680K
}
Event: 17.180 GC heap before
{Heap before GC invocations=1 (full 0):
 garbage-first heap   total 262144K, used 37154K [0x00000000e0000000, 0x0000000100000000)
  region size 1024K, 29 young (29696K), 3 survivors (3072K)
 Metaspace       used 4046K, committed 4224K, reserved 393216K
  class space    used 503K, committed 640K, reserved 327680K
}
Event: 17.193 GC heap after
{Heap after GC invocations=2 (full 0):
 garbage-first heap   total 262144K, used 11949K [0x00000000e0000000, 0x0000000100000000)
  region size 1024K, 2 young (2048K), 2 survivors (2048K)
 Metaspace       used 4046K, committed 4224K, reserved 393216K
  class space    used 503K, committed 640K, reserved 327680K
}
Event: 42.782 GC heap before
{Heap before GC invocations=2 (full 0):
 garbage-first heap   total 262144K, used 130733K [0x00000000e0000000, 0x0000000100000000)
  region size 1024K, 116 young (118784K), 2 survivors (2048K)
 Metaspace       used 19443K, committed 19712K, reserved 393216K
  class space    used 2820K, committed 2944K, reserved 327680K
}
Event: 43.054 GC heap after
{Heap after GC invocations=3 (full 0):
 garbage-first heap   total 262144K, used 23027K [0x00000000e0000000, 0x0000000100000000)
  region size 1024K, 11 young (11264K), 11 survivors (11264K)
 Metaspace       used 19443K, committed 19712K, reserved 393216K
  class space    used 2820K, committed 2944K, reserved 327680K
}
Event: 44.894 GC heap before
{Heap before GC invocations=3 (full 0):
 garbage-first heap   total 262144K, used 38387K [0x00000000e0000000, 0x0000000100000000)
  region size 1024K, 27 young (27648K), 11 survivors (11264K)
 Metaspace       used 21252K, committed 21504K, reserved 393216K
  class space    used 3119K, committed 3264K, reserved 327680K
}
Event: 44.905 GC heap after
{Heap after GC invocations=4 (full 0):
 garbage-first heap   total 262144K, used 24049K [0x00000000e0000000, 0x0000000100000000)
  region size 1024K, 11 young (11264K), 11 survivors (11264K)
 Metaspace       used 21252K, committed 21504K, reserved 393216K
  class space    used 3119K, committed 3264K, reserved 327680K
}

Deoptimization events (20 events):
Event: 72.306 Thread 0x000001e67d43abe0 Uncommon trap: trap_request=0xffffffc6 fr.pc=0x000001e66bf058c8 relative=0x0000000000000648
Event: 72.306 Thread 0x000001e67d43abe0 Uncommon trap: reason=bimorphic_or_optimized_type_check action=maybe_recompile pc=0x000001e66bf058c8 method=java.io.BufferedInputStream.read([BII)I @ 101 c2
Event: 72.306 Thread 0x000001e67d43abe0 DEOPT PACKING pc=0x000001e66bf058c8 sp=0x000000610f3f8070
Event: 72.306 Thread 0x000001e67d43abe0 DEOPT UNPACKING pc=0x000001e66b7f23a3 sp=0x000000610f3f8028 mode 2
Event: 72.574 Thread 0x000001e67d43abe0 Uncommon trap: trap_request=0xffffff45 fr.pc=0x000001e66bef3bbc relative=0x00000000000005dc
Event: 72.574 Thread 0x000001e67d43abe0 Uncommon trap: reason=unstable_if action=reinterpret pc=0x000001e66bef3bbc method=jdk.internal.org.objectweb.asm.MethodWriter.visitVarInsn(II)V @ 108 c2
Event: 72.575 Thread 0x000001e67d43abe0 DEOPT PACKING pc=0x000001e66bef3bbc sp=0x000000610f3f1240
Event: 72.575 Thread 0x000001e67d43abe0 DEOPT UNPACKING pc=0x000001e66b7f23a3 sp=0x000000610f3f1208 mode 2
Event: 73.148 Thread 0x000001e67d43abe0 Uncommon trap: trap_request=0xffffffc6 fr.pc=0x000001e66beccd30 relative=0x00000000000001f0
Event: 73.148 Thread 0x000001e67d43abe0 Uncommon trap: reason=bimorphic_or_optimized_type_check action=maybe_recompile pc=0x000001e66beccd30 method=java.util.regex.Pattern$BmpCharProperty.match(Ljava/util/regex/Matcher;ILjava/lang/CharSequence;)Z @ 19 c2
Event: 73.148 Thread 0x000001e67d43abe0 DEOPT PACKING pc=0x000001e66beccd30 sp=0x000000610f3f7d50
Event: 73.148 Thread 0x000001e67d43abe0 DEOPT UNPACKING pc=0x000001e66b7f23a3 sp=0x000000610f3f7ce8 mode 2
Event: 73.148 Thread 0x000001e67d43abe0 Uncommon trap: trap_request=0xffffffc6 fr.pc=0x000001e66beccd30 relative=0x00000000000001f0
Event: 73.148 Thread 0x000001e67d43abe0 Uncommon trap: reason=bimorphic_or_optimized_type_check action=maybe_recompile pc=0x000001e66beccd30 method=java.util.regex.Pattern$BmpCharProperty.match(Ljava/util/regex/Matcher;ILjava/lang/CharSequence;)Z @ 19 c2
Event: 73.148 Thread 0x000001e67d43abe0 DEOPT PACKING pc=0x000001e66beccd30 sp=0x000000610f3f7d50
Event: 73.148 Thread 0x000001e67d43abe0 DEOPT UNPACKING pc=0x000001e66b7f23a3 sp=0x000000610f3f7ce8 mode 2
Event: 73.205 Thread 0x000001e67d43abe0 Uncommon trap: trap_request=0xffffff45 fr.pc=0x000001e66be20234 relative=0x0000000000000814
Event: 73.205 Thread 0x000001e67d43abe0 Uncommon trap: reason=unstable_if action=reinterpret pc=0x000001e66be20234 method=java.util.Properties$LineReader.readLine()I @ 95 c2
Event: 73.205 Thread 0x000001e67d43abe0 DEOPT PACKING pc=0x000001e66be20234 sp=0x000000610f3f80d0
Event: 73.205 Thread 0x000001e67d43abe0 DEOPT UNPACKING pc=0x000001e66b7f23a3 sp=0x000000610f3f8078 mode 2

Classes unloaded (0 events):
No events

Classes redefined (0 events):
No events

Internal exceptions (20 events):
Event: 48.418 Thread 0x000001e67d43abe0 Exception <a 'java/lang/NoSuchMethodError'{0x00000000ecdf31f0}: 'int java.lang.invoke.DirectMethodHandle$Holder.invokeStaticInit(java.lang.Object, java.lang.Object, java.lang.Object)'> (0x00000000ecdf31f0) 
thrown [s\open\src\hotspot\share\interpreter\linkResolver.cpp, line 759]
Event: 48.422 Thread 0x000001e67d43abe0 Exception <a 'java/lang/NoSuchMethodError'{0x00000000ecc59870}: 'java.lang.Object java.lang.invoke.DirectMethodHandle$Holder.newInvokeSpecial(java.lang.Object, java.lang.Object, long)'> (0x00000000ecc59870) 
thrown [s\open\src\hotspot\share\interpreter\linkResolver.cpp, line 759]
Event: 48.423 Thread 0x000001e67d43abe0 Exception <a 'java/lang/NoSuchMethodError'{0x00000000ecc5de80}: 'java.lang.Object java.lang.invoke.Invokers$Holder.linkToTargetMethod(java.lang.Object, long, java.lang.Object)'> (0x00000000ecc5de80) 
thrown [s\open\src\hotspot\share\interpreter\linkResolver.cpp, line 759]
Event: 48.707 Thread 0x000001e67d43abe0 Exception <a 'java/lang/NoSuchMethodError'{0x00000000eca68c88}: 'int java.lang.invoke.DirectMethodHandle$Holder.invokeInterface(java.lang.Object, java.lang.Object)'> (0x00000000eca68c88) 
thrown [s\open\src\hotspot\share\interpreter\linkResolver.cpp, line 759]
Event: 48.722 Thread 0x000001e67d43abe0 Exception <a 'java/lang/NoSuchMethodError'{0x00000000ecacc780}: 'java.lang.Object java.lang.invoke.DirectMethodHandle$Holder.invokeVirtual(java.lang.Object, java.lang.Object, int)'> (0x00000000ecacc780) 
thrown [s\open\src\hotspot\share\interpreter\linkResolver.cpp, line 759]
Event: 57.187 Thread 0x000001e67d43abe0 Exception <a 'java/lang/NoSuchMethodError'{0x00000000ec8a6b00}: 'java.lang.Object java.lang.invoke.DirectMethodHandle$Holder.invokeStatic(java.lang.Object, java.lang.Object, int, java.lang.Object)'> (0x00000000ec8a6b00) 
thrown [s\open\src\hotspot\share\interpreter\linkResolver.cpp, line 759]
Event: 57.188 Thread 0x000001e67d43abe0 Exception <a 'java/lang/NoSuchMethodError'{0x00000000ec8ae8a0}: 'java.lang.Object java.lang.invoke.DirectMethodHandle$Holder.newInvokeSpecial(java.lang.Object, java.lang.Object, int, java.lang.Object)'> (0x00000000ec8ae8a0) 
thrown [s\open\src\hotspot\share\interpreter\linkResolver.cpp, line 759]
Event: 57.195 Thread 0x000001e67d43abe0 Exception <a 'java/lang/NoSuchMethodError'{0x00000000ec8b3188}: 'java.lang.Object java.lang.invoke.DirectMethodHandle$Holder.invokeSpecial(java.lang.Object, java.lang.Object, java.lang.Object, int, java.lang.Object)'> (0x00000000ec8b3188) 
thrown [s\open\src\hotspot\share\interpreter\linkResolver.cpp, line 759]
Event: 71.903 Thread 0x000001e67d43abe0 Exception <a 'java/lang/NoSuchMethodError'{0x00000000ec2095c8}: 'java.lang.Object java.lang.invoke.DirectMethodHandle$Holder.invokeSpecial(java.lang.Object, java.lang.Object, java.lang.Object, int, java.lang.Object, java.lang.Object)'> (0x00000000ec2095c8) 
thrown [s\open\src\hotspot\share\interpreter\linkResolver.cpp, line 759]
Event: 72.574 Thread 0x000001e67d43abe0 Implicit null exception at 0x000001e66bef36a0 to 0x000001e66bef3bb0
Event: 72.704 Thread 0x000001e67d43abe0 Exception <a 'java/lang/NoSuchMethodError'{0x00000000ebb60640}: 'void java.lang.invoke.DirectMethodHandle$Holder.invokeStaticInit(java.lang.Object, java.lang.Object, java.lang.Object)'> (0x00000000ebb60640) 
thrown [s\open\src\hotspot\share\interpreter\linkResolver.cpp, line 759]
Event: 72.706 Thread 0x000001e67d43abe0 Exception <a 'java/lang/NoSuchMethodError'{0x00000000ebb67ae0}: 'void java.lang.invoke.DirectMethodHandle$Holder.invokeStaticInit(java.lang.Object, java.lang.Object, java.lang.Object, java.lang.Object)'> (0x00000000ebb67ae0) 
thrown [s\open\src\hotspot\share\interpreter\linkResolver.cpp, line 759]
Event: 72.742 Thread 0x000001e67d43abe0 Exception <a 'java/lang/NoSuchMethodError'{0x00000000ebb8a2b8}: 'void java.lang.invoke.DirectMethodHandle$Holder.invokeStaticInit(java.lang.Object, java.lang.Object, java.lang.Object, java.lang.Object, java.lang.Object)'> (0x00000000ebb8a2b8) 
thrown [s\open\src\hotspot\share\interpreter\linkResolver.cpp, line 759]
Event: 72.771 Thread 0x000001e67d43abe0 Exception <a 'java/lang/NoSuchMethodError'{0x00000000ebbe5f68}: 'int java.lang.invoke.DirectMethodHandle$Holder.invokeStaticInit(java.lang.Object, java.lang.Object, java.lang.Object, java.lang.Object)'> (0x00000000ebbe5f68) 
thrown [s\open\src\hotspot\share\interpreter\linkResolver.cpp, line 759]
Event: 74.130 Thread 0x000001e67d43abe0 Exception <a 'java/lang/ClassNotFoundException'{0x00000000eafcf328}: groovy/lang/ExpandoMetaClassBeanInfo> (0x00000000eafcf328) 
thrown [s\open\src\hotspot\share\classfile\systemDictionary.cpp, line 256]
Event: 74.131 Thread 0x000001e67d43abe0 Exception <a 'java/lang/ClassNotFoundException'{0x00000000eafe6370}: groovy/lang/MetaClassImplBeanInfo> (0x00000000eafe6370) 
thrown [s\open\src\hotspot\share\classfile\systemDictionary.cpp, line 256]
Event: 74.132 Thread 0x000001e67d43abe0 Exception <a 'java/lang/ClassNotFoundException'{0x00000000eafeb6b8}: java/lang/ObjectBeanInfo> (0x00000000eafeb6b8) 
thrown [s\open\src\hotspot\share\classfile\systemDictionary.cpp, line 256]
Event: 74.133 Thread 0x000001e67d43abe0 Exception <a 'java/lang/ClassNotFoundException'{0x00000000eaff1c38}: java/lang/ObjectCustomizer> (0x00000000eaff1c38) 
thrown [s\open\src\hotspot\share\classfile\systemDictionary.cpp, line 256]
Event: 74.137 Thread 0x000001e67d43abe0 Exception <a 'java/lang/IncompatibleClassChangeError'{0x00000000eae01b60}: Found class java.lang.Object, but interface was expected> (0x00000000eae01b60) 
thrown [s\open\src\hotspot\share\interpreter\linkResolver.cpp, line 826]
Event: 74.308 Thread 0x000001e67d43abe0 Exception <a 'java/lang/ClassNotFoundException'{0x00000000eae27980}: groovy/lang/MetaClassImplCustomizer> (0x00000000eae27980) 
thrown [s\open\src\hotspot\share\classfile\systemDictionary.cpp, line 256]

VM Operations (20 events):
Event: 67.790 Executing VM operation: Cleanup
Event: 67.792 Executing VM operation: Cleanup done
Event: 70.825 Executing VM operation: Cleanup
Event: 70.825 Executing VM operation: Cleanup done
Event: 71.449 Executing VM operation: HandshakeAllThreads
Event: 71.458 Executing VM operation: HandshakeAllThreads done
Event: 71.459 Executing VM operation: HandshakeAllThreads
Event: 71.694 Executing VM operation: HandshakeAllThreads done
Event: 72.557 Executing VM operation: HandshakeAllThreads
Event: 72.557 Executing VM operation: HandshakeAllThreads done
Event: 72.557 Executing VM operation: Cleanup
Event: 72.557 Executing VM operation: Cleanup done
Event: 73.339 Executing VM operation: HandshakeAllThreads
Event: 73.339 Executing VM operation: HandshakeAllThreads done
Event: 73.659 Executing VM operation: HandshakeAllThreads
Event: 73.659 Executing VM operation: HandshakeAllThreads done
Event: 73.659 Executing VM operation: Cleanup
Event: 73.660 Executing VM operation: Cleanup done
Event: 73.864 Executing VM operation: HandshakeAllThreads
Event: 73.864 Executing VM operation: HandshakeAllThreads done

Events (20 events):
Event: 74.136 loading class com/sun/beans/WeakCache
Event: 74.136 loading class com/sun/beans/WeakCache done
Event: 74.138 loading class com/sun/beans/introspect/EventSetInfo
Event: 74.138 loading class com/sun/beans/introspect/EventSetInfo done
Event: 74.139 loading class com/sun/beans/introspect/PropertyInfo
Event: 74.139 loading class com/sun/beans/introspect/PropertyInfo done
Event: 74.139 loading class com/sun/beans/WildcardTypeImpl
Event: 74.139 loading class com/sun/beans/WildcardTypeImpl done
Event: 74.139 loading class java/beans/BeanProperty
Event: 74.140 loading class java/beans/BeanProperty done
Event: 74.297 loading class com/sun/beans/introspect/PropertyInfo$Name
Event: 74.297 loading class com/sun/beans/introspect/PropertyInfo$Name done
Event: 74.300 loading class java/beans/IndexedPropertyDescriptor
Event: 74.300 loading class java/beans/IndexedPropertyDescriptor done
Event: 74.302 loading class java/beans/GenericBeanInfo
Event: 74.302 loading class java/beans/SimpleBeanInfo
Event: 74.303 loading class java/beans/SimpleBeanInfo done
Event: 74.303 loading class java/beans/GenericBeanInfo done
Event: 74.310 loading class java/util/Hashtable$EntrySet
Event: 74.311 loading class java/util/Hashtable$EntrySet done


Dynamic libraries:
0x00007ff6471f0000 - 0x00007ff647200000 	T:\ToolJava\jdk-17.0.8\bin\java.exe
0x00007ff9269f0000 - 0x00007ff926c07000 	C:\WINDOWS\SYSTEM32\ntdll.dll
0x00007ff924f30000 - 0x00007ff924ff4000 	C:\WINDOWS\System32\KERNEL32.DLL
0x00007ff923fc0000 - 0x00007ff924377000 	C:\WINDOWS\System32\KERNELBASE.dll
0x00007ff924380000 - 0x00007ff924491000 	C:\WINDOWS\System32\ucrtbase.dll
0x00007ff909eb0000 - 0x00007ff909ec9000 	T:\ToolJava\jdk-17.0.8\bin\jli.dll
0x00007ff924a80000 - 0x00007ff924b32000 	C:\WINDOWS\System32\ADVAPI32.dll
0x00007ff924ca0000 - 0x00007ff924d47000 	C:\WINDOWS\System32\msvcrt.dll
0x00007ff925d00000 - 0x00007ff925da8000 	C:\WINDOWS\System32\sechost.dll
0x00007ff923d00000 - 0x00007ff923d28000 	C:\WINDOWS\System32\bcrypt.dll
0x00007ff925340000 - 0x00007ff925454000 	C:\WINDOWS\System32\RPCRT4.dll
0x00007ff9248b0000 - 0x00007ff924a5f000 	C:\WINDOWS\System32\USER32.dll
0x00007ff9246f0000 - 0x00007ff924716000 	C:\WINDOWS\System32\win32u.dll
0x00007ff925cd0000 - 0x00007ff925cf9000 	C:\WINDOWS\System32\GDI32.dll
0x00007ff9244a0000 - 0x00007ff9245b8000 	C:\WINDOWS\System32\gdi32full.dll
0x00007ff923db0000 - 0x00007ff923e4a000 	C:\WINDOWS\System32\msvcp_win.dll
0x00007ff908070000 - 0x00007ff90808b000 	T:\ToolJava\jdk-17.0.8\bin\VCRUNTIME140.dll
0x00007ff9073c0000 - 0x00007ff907653000 	C:\WINDOWS\WinSxS\amd64_microsoft.windows.common-controls_6595b64144ccf1df_6.0.22621.3672_none_2713b9d173822955\COMCTL32.dll
0x00007ff91ae00000 - 0x00007ff91ae0a000 	C:\WINDOWS\SYSTEM32\VERSION.dll
0x00007ff926220000 - 0x00007ff926251000 	C:\WINDOWS\System32\IMM32.DLL
0x00007ff9203d0000 - 0x00007ff9203dc000 	T:\ToolJava\jdk-17.0.8\bin\vcruntime140_1.dll
0x00007ff8d8c70000 - 0x00007ff8d8cfe000 	T:\ToolJava\jdk-17.0.8\bin\msvcp140.dll
0x00007ff8b4560000 - 0x00007ff8b513e000 	T:\ToolJava\jdk-17.0.8\bin\server\jvm.dll
0x00007ff926920000 - 0x00007ff926928000 	C:\WINDOWS\System32\PSAPI.DLL
0x00007ff909a20000 - 0x00007ff909a29000 	C:\WINDOWS\SYSTEM32\WSOCK32.dll
0x00007ff924830000 - 0x00007ff9248a1000 	C:\WINDOWS\System32\WS2_32.dll
0x00007ff91d020000 - 0x00007ff91d054000 	C:\WINDOWS\SYSTEM32\WINMM.dll
0x00007ff922d10000 - 0x00007ff922d28000 	C:\WINDOWS\SYSTEM32\kernel.appcore.dll
0x00007ff91de70000 - 0x00007ff91de7a000 	T:\ToolJava\jdk-17.0.8\bin\jimage.dll
0x00007ff921550000 - 0x00007ff921782000 	C:\WINDOWS\SYSTEM32\DBGHELP.DLL
0x00007ff925db0000 - 0x00007ff92613e000 	C:\WINDOWS\System32\combase.dll
0x00007ff925260000 - 0x00007ff925337000 	C:\WINDOWS\System32\OLEAUT32.dll
0x00007ff8f3cd0000 - 0x00007ff8f3d02000 	C:\WINDOWS\SYSTEM32\dbgcore.DLL
0x00007ff923d30000 - 0x00007ff923dab000 	C:\WINDOWS\System32\bcryptPrimitives.dll
0x00007ff90aba0000 - 0x00007ff90abae000 	T:\ToolJava\jdk-17.0.8\bin\instrument.dll
0x00007ff908040000 - 0x00007ff908065000 	T:\ToolJava\jdk-17.0.8\bin\java.dll
0x00007ff8d8b90000 - 0x00007ff8d8c67000 	T:\ToolJava\jdk-17.0.8\bin\jsvml.dll
0x00007ff925460000 - 0x00007ff925cc9000 	C:\WINDOWS\System32\SHELL32.dll
0x00007ff921c20000 - 0x00007ff92251f000 	C:\WINDOWS\SYSTEM32\windows.storage.dll
0x00007ff921ae0000 - 0x00007ff921c1f000 	C:\WINDOWS\SYSTEM32\wintypes.dll
0x00007ff924730000 - 0x00007ff924829000 	C:\WINDOWS\System32\SHCORE.dll
0x00007ff926930000 - 0x00007ff92698e000 	C:\WINDOWS\System32\shlwapi.dll
0x00007ff923c30000 - 0x00007ff923c57000 	C:\WINDOWS\SYSTEM32\profapi.dll
0x00007ff9071b0000 - 0x00007ff9071c8000 	T:\ToolJava\jdk-17.0.8\bin\zip.dll
0x00007ff907160000 - 0x00007ff907179000 	T:\ToolJava\jdk-17.0.8\bin\net.dll
0x00007ff91f940000 - 0x00007ff91fa76000 	C:\WINDOWS\SYSTEM32\WINHTTP.dll
0x00007ff923180000 - 0x00007ff9231e9000 	C:\WINDOWS\system32\mswsock.dll
0x00007ff906bc0000 - 0x00007ff906bd6000 	T:\ToolJava\jdk-17.0.8\bin\nio.dll
0x00007ff90a3c0000 - 0x00007ff90a3d0000 	T:\ToolJava\jdk-17.0.8\bin\verify.dll
0x00007ff908420000 - 0x00007ff908447000 	T:\ToolJava\gradle-8.8\native\c067742578af261105cb4f569cf0c3c89f3d7b1fecec35dd04571415982c5e48\windows-amd64\native-platform.dll
0x00007ff8d7ec0000 - 0x00007ff8d8004000 	T:\ToolJava\gradle-8.8\native\100fb08df4bc3b14c8652ba06237920a3bd2aa13389f12d3474272988ae205f9\windows-amd64\native-platform-file-events.dll
0x00007ff90a1f0000 - 0x00007ff90a1fa000 	T:\ToolJava\jdk-17.0.8\bin\management.dll
0x00007ff909a30000 - 0x00007ff909a3b000 	T:\ToolJava\jdk-17.0.8\bin\management_ext.dll
0x00007ff9233c0000 - 0x00007ff9233db000 	C:\WINDOWS\SYSTEM32\CRYPTSP.dll
0x00007ff922c70000 - 0x00007ff922ca5000 	C:\WINDOWS\system32\rsaenh.dll
0x00007ff923240000 - 0x00007ff923268000 	C:\WINDOWS\SYSTEM32\USERENV.dll
0x00007ff9233b0000 - 0x00007ff9233bc000 	C:\WINDOWS\SYSTEM32\CRYPTBASE.dll
0x00007ff922780000 - 0x00007ff9227ad000 	C:\WINDOWS\SYSTEM32\IPHLPAPI.DLL
0x00007ff924720000 - 0x00007ff924729000 	C:\WINDOWS\System32\NSI.dll
0x00007ff91f920000 - 0x00007ff91f939000 	C:\WINDOWS\SYSTEM32\dhcpcsvc6.DLL
0x00007ff91f900000 - 0x00007ff91f91f000 	C:\WINDOWS\SYSTEM32\dhcpcsvc.DLL
0x00007ff9227f0000 - 0x00007ff9228f2000 	C:\WINDOWS\SYSTEM32\DNSAPI.dll
0x00007ff9089d0000 - 0x00007ff9089de000 	T:\ToolJava\jdk-17.0.8\bin\sunmscapi.dll
0x00007ff923e50000 - 0x00007ff923fb6000 	C:\WINDOWS\System32\CRYPT32.dll
0x00007ff9235d0000 - 0x00007ff9235fd000 	C:\WINDOWS\SYSTEM32\ncrypt.dll
0x00007ff923590000 - 0x00007ff9235c7000 	C:\WINDOWS\SYSTEM32\NTASN1.dll
0x00007ff909a10000 - 0x00007ff909a18000 	C:\WINDOWS\system32\wshunix.dll

dbghelp: loaded successfully - version: 4.0.5 - missing functions: none
symbol engine: initialized successfully - sym options: 0x614 - pdb path: .;T:\ToolJava\jdk-17.0.8\bin;C:\WINDOWS\SYSTEM32;C:\WINDOWS\WinSxS\amd64_microsoft.windows.common-controls_6595b64144ccf1df_6.0.22621.3672_none_2713b9d173822955;T:\ToolJava\jdk-17.0.8\bin\server;T:\ToolJava\gradle-8.8\native\c067742578af261105cb4f569cf0c3c89f3d7b1fecec35dd04571415982c5e48\windows-amd64;T:\ToolJava\gradle-8.8\native\100fb08df4bc3b14c8652ba06237920a3bd2aa13389f12d3474272988ae205f9\windows-amd64

VM Arguments:
jvm_args: --add-opens=java.base/java.util=ALL-UNNAMED --add-opens=java.base/java.lang=ALL-UNNAMED --add-opens=java.base/java.lang.invoke=ALL-UNNAMED --add-opens=java.prefs/java.util.prefs=ALL-UNNAMED --add-opens=java.base/java.nio.charset=ALL-UNNAMED --add-opens=java.base/java.net=ALL-UNNAMED --add-opens=java.base/java.util.concurrent.atomic=ALL-UNNAMED -XX:MaxMetaspaceSize=384m -XX:+HeapDumpOnOutOfMemoryError -Xms256m -Xmx512m -Dfile.encoding=UTF-8 -Duser.country=US -Duser.language=en -Duser.variant -javaagent:T:\ToolJava\gradle-8.8\wrapper\dists\gradle-8.8-bin\dl7vupf4psengwqhwktix4v1\gradle-8.8\lib\agents\gradle-instrumentation-agent-8.8.jar 
java_command: org.gradle.launcher.daemon.bootstrap.GradleDaemon 8.8
java_class_path (initial): T:\ToolJava\gradle-8.8\wrapper\dists\gradle-8.8-bin\dl7vupf4psengwqhwktix4v1\gradle-8.8\lib\gradle-launcher-8.8.jar
Launcher Type: SUN_STANDARD

[Global flags]
     intx CICompilerCount                          = 4                                         {product} {ergonomic}
   size_t CompressedClassSpaceSize                 = 335544320                                 {product} {ergonomic}
     uint ConcGCThreads                            = 2                                         {product} {ergonomic}
     uint G1ConcRefinementThreads                  = 8                                         {product} {ergonomic}
   size_t G1HeapRegionSize                         = 1048576                                   {product} {ergonomic}
    uintx GCDrainStackTargetSize                   = 64                                        {product} {ergonomic}
     bool HeapDumpOnOutOfMemoryError               = true                                   {manageable} {command line}
   size_t InitialHeapSize                          = 268435456                                 {product} {command line}
   size_t MarkStackSize                            = 4194304                                   {product} {ergonomic}
   size_t MaxHeapSize                              = 536870912                                 {product} {command line}
   size_t MaxMetaspaceSize                         = 402653184                                 {product} {command line}
   size_t MaxNewSize                               = 321912832                                 {product} {ergonomic}
   size_t MinHeapDeltaBytes                        = 1048576                                   {product} {ergonomic}
   size_t MinHeapSize                              = 268435456                                 {product} {command line}
    uintx NonNMethodCodeHeapSize                   = 5839372                                {pd product} {ergonomic}
    uintx NonProfiledCodeHeapSize                  = 122909434                              {pd product} {ergonomic}
    uintx ProfiledCodeHeapSize                     = 122909434                              {pd product} {ergonomic}
    uintx ReservedCodeCacheSize                    = 251658240                              {pd product} {ergonomic}
     bool SegmentedCodeCache                       = true                                      {product} {ergonomic}
   size_t SoftMaxHeapSize                          = 536870912                              {manageable} {ergonomic}
     bool UseCompressedClassPointers               = true                           {product lp64_product} {ergonomic}
     bool UseCompressedOops                        = true                           {product lp64_product} {ergonomic}
     bool UseG1GC                                  = true                                      {product} {ergonomic}
     bool UseLargePagesIndividualAllocation        = false                                  {pd product} {ergonomic}

Logging:
Log output configuration:
 #0: stdout all=warning uptime,level,tags
 #1: stderr all=off uptime,level,tags

Environment Variables:
JAVA_HOME=T:\ToolJava\jdk-17.0.8
PATH=C:\WINDOWS\system32;C:\WINDOWS;C:\WINDOWS\System32\Wbem;C:\WINDOWS\System32\WindowsPowerShell\v1.0\;C:\WINDOWS\System32\OpenSSH\;C:\Program Files\MongoDB\Server\tools\bin;C:\Program Files\MongoDB\Server\5.0\bin;C:\Program Files (x86)\Microsoft SQL Server\150\DTS\Binn\;C:\Program Files\Microsoft SQL Server\Client SDK\ODBC\170\Tools\Binn\;C:\Program Files (x86)\Microsoft SQL Server\150\Tools\Binn\;C:\Program Files\Microsoft SQL Server\150\Tools\Binn\;C:\Program Files\Microsoft SQL Server\150\DTS\Binn\;C:\Program Files\Azure Data Studio\bin;C:\Program Files\nodejs;C:\MinGW\bin;C:\Program Files\Git\cmd;T:\ToolJava\jdk-17.0.8\bin;C:\Program Files\HP\HP One Agent;C:\Program Files\Docker\Docker\resources\bin;T:\ToolJava\apache-maven-3.9.9\bin;C:\Users\HP\AppData\Local\Programs\Python\Python311\Scripts\;C:\Users\HP\AppData\Local\Programs\Python\Python311\;C:\Users\HP\AppData\Local\Microsoft\WindowsApps;C:\Program Files (x86)\CodeBlocks\MinGW\bin;C:\Program Files\Azure Data Studio\bin;C:\Program Files\MongoDB\Server\tools\bin;C:\Program Files\MongoDB\Server\5.0\bin;;T:\50_NguyenVanLoc\;C:\Users\HP\AppData\Local\Programs\Microsoft VS Code\bin;C:\Users\HP\AppData\Roaming\npm
USERNAME=HP
OS=Windows_NT
PROCESSOR_IDENTIFIER=Intel64 Family 6 Model 142 Stepping 12, GenuineIntel



---------------  S Y S T E M  ---------------

OS:
 Windows 11 , 64 bit Build 22621 (10.0.22621.3958)
OS uptime: 2 days 9:08 hours
Hyper-V role detected

CPU: total 8 (initial active 8) (4 cores per cpu, 2 threads per core) family 6 model 142 stepping 12 microcode 0xec, cx8, cmov, fxsr, ht, mmx, 3dnowpref, sse, sse2, sse3, ssse3, sse4.1, sse4.2, popcnt, lzcnt, tsc, tscinvbit, avx, avx2, aes, erms, clmul, bmi1, bmi2, adx, fma, vzeroupper, clflush, clflushopt, hv

Memory: 4k page, system-wide physical 24398M (2734M free)
TotalPageFile size 32398M (AvailPageFile size 31M)
current process WorkingSet (physical memory assigned to process): 301M, peak: 303M
current process commit charge ("private bytes"): 467M, peak: 470M

vm_info: Java HotSpot(TM) 64-Bit Server VM (17.0.8+9-LTS-211) for windows-amd64 JRE (17.0.8+9-LTS-211), built on Jun 14 2023 10:34:31 by "mach5one" with MS VC++ 17.1 (VS2022)

END.
