#
# There is insufficient memory for the Java Runtime Environment to continue.
# Native memory allocation (malloc) failed to allocate 1354896 bytes for Chunk::new
# Possible reasons:
#   The system is out of physical RAM or swap space
#   The process is running with CompressedOops enabled, and the Java Heap may be blocking the growth of the native heap
# Possible solutions:
#   Reduce memory load on the system
#   Increase physical memory or swap space
#   Check if swap backing store is full
#   Decrease Java heap size (-Xmx/-Xms)
#   Decrease number of Java threads
#   Decrease Java thread stack sizes (-Xss)
#   Set larger code cache with -XX:ReservedCodeCacheSize=
#   JVM is running with Unscaled Compressed Oops mode in which the Java heap is
#     placed in the first 4GB address space. The Java Heap base address is the
#     maximum limit for the native heap growth. Please use -XX:HeapBaseMinAddress
#     to set the Java Heap base and to place the Java Heap above 4GB virtual address.
# This output file may be truncated or incomplete.
#
#  Out of Memory Error (arena.cpp:189), pid=16100, tid=19256
#
# JRE version: Java(TM) SE Runtime Environment (17.0.8+9) (build 17.0.8+9-LTS-211)
# Java VM: Java HotSpot(TM) 64-Bit Server VM (17.0.8+9-LTS-211, mixed mode, sharing, tiered, compressed oops, compressed class ptrs, g1 gc, windows-amd64)
# No core dump will be written. Minidumps are not enabled by default on client versions of Windows
#

---------------  S U M M A R Y ------------

Command Line: --add-opens=java.base/java.util=ALL-UNNAMED --add-opens=java.base/java.lang=ALL-UNNAMED --add-opens=java.base/java.lang.invoke=ALL-UNNAMED --add-opens=java.prefs/java.util.prefs=ALL-UNNAMED --add-exports=jdk.compiler/com.sun.tools.javac.api=ALL-UNNAMED --add-exports=jdk.compiler/com.sun.tools.javac.util=ALL-UNNAMED --add-opens=java.base/java.nio.charset=ALL-UNNAMED --add-opens=java.base/java.net=ALL-UNNAMED --add-opens=java.base/java.util.concurrent.atomic=ALL-UNNAMED -XX:MaxMetaspaceSize=384m -XX:+HeapDumpOnOutOfMemoryError -Xms256m -Xmx512m -Dfile.encoding=UTF-8 -Duser.country=US -Duser.language=en -Duser.variant -javaagent:T:\ToolJava\gradle-8.8\wrapper\dists\gradle-8.10.2-bin\a04bxjujx95o3nb99gddekhwo\gradle-8.10.2\lib\agents\gradle-instrumentation-agent-8.10.2.jar org.gradle.launcher.daemon.bootstrap.GradleDaemon 8.10.2

Host: Intel(R) Core(TM) i5-10210U CPU @ 1.60GHz, 8 cores, 23G,  Windows 11 , 64 bit Build 22621 (10.0.22621.3958)
Time: Sat Oct 12 17:00:57 2024 SE Asia Standard Time elapsed time: 115.153127 seconds (0d 0h 1m 55s)

---------------  T H R E A D  ---------------

Current thread (0x0000016e311a29b0):  JavaThread "C2 CompilerThread0" daemon [_thread_in_native, id=19256, stack(0x0000001bc7900000,0x0000001bc7a00000)]


Current CompileTask:
C2: 115153 3639       4       javax.management.ObjectName::construct (1135 bytes)

Stack: [0x0000001bc7900000,0x0000001bc7a00000]
Native frames: (J=compiled Java code, j=interpreted, Vv=VM code, C=native code)
V  [jvm.dll+0x677d0a]
V  [jvm.dll+0x7d8c54]
V  [jvm.dll+0x7da3fe]
V  [jvm.dll+0x7daa63]
V  [jvm.dll+0x245c5f]
V  [jvm.dll+0xaaa6b]
V  [jvm.dll+0xab00c]
V  [jvm.dll+0x361e3f]
V  [jvm.dll+0x32c551]
V  [jvm.dll+0x32b9ea]
V  [jvm.dll+0x217fff]
V  [jvm.dll+0x217431]
V  [jvm.dll+0x1a3af0]
V  [jvm.dll+0x2270be]
V  [jvm.dll+0x22535b]
V  [jvm.dll+0x78e7bc]
V  [jvm.dll+0x788bba]
V  [jvm.dll+0x676b35]
C  [ucrtbase.dll+0x29333]
C  [KERNEL32.DLL+0x1257d]
C  [ntdll.dll+0x5af08]


---------------  P R O C E S S  ---------------

Threads class SMR info:
_java_thread_list=0x0000016e4bcdbac0, length=34, elements={
0x0000016e1495a5c0, 0x0000016e31187020, 0x0000016e31187bd0, 0x0000016e3119c6e0,
0x0000016e3119d290, 0x0000016e3119de40, 0x0000016e311a0800, 0x0000016e311a29b0,
0x0000016e311a5460, 0x0000016e311a6e60, 0x0000016e311d1a40, 0x0000016e31458120,
0x0000016e3165a990, 0x0000016e3165b330, 0x0000016e3165ae60, 0x0000016e3165b800,
0x0000016e3165cb40, 0x0000016e3165c1a0, 0x0000016e31659ff0, 0x0000016e31659650,
0x0000016e3165bcd0, 0x0000016e3165d010, 0x0000016e31659b20, 0x0000016e3165a4c0,
0x0000016e4c21a180, 0x0000016e4c219cb0, 0x0000016e4c21b990, 0x0000016e4c21be60,
0x0000016e4c21c330, 0x0000016e4c21ccd0, 0x0000016e4c2197e0, 0x0000016e4c21e9b0,
0x0000016e4c21ee80, 0x0000016e4c21f350
}

Java Threads: ( => current thread )
  0x0000016e1495a5c0 JavaThread "main" [_thread_blocked, id=26476, stack(0x0000001bc6b00000,0x0000001bc6c00000)]
  0x0000016e31187020 JavaThread "Reference Handler" daemon [_thread_blocked, id=27640, stack(0x0000001bc7300000,0x0000001bc7400000)]
  0x0000016e31187bd0 JavaThread "Finalizer" daemon [_thread_blocked, id=3624, stack(0x0000001bc7400000,0x0000001bc7500000)]
  0x0000016e3119c6e0 JavaThread "Signal Dispatcher" daemon [_thread_blocked, id=18880, stack(0x0000001bc7500000,0x0000001bc7600000)]
  0x0000016e3119d290 JavaThread "Attach Listener" daemon [_thread_blocked, id=6644, stack(0x0000001bc7600000,0x0000001bc7700000)]
  0x0000016e3119de40 JavaThread "Service Thread" daemon [_thread_blocked, id=10860, stack(0x0000001bc7700000,0x0000001bc7800000)]
  0x0000016e311a0800 JavaThread "Monitor Deflation Thread" daemon [_thread_blocked, id=24352, stack(0x0000001bc7800000,0x0000001bc7900000)]
=>0x0000016e311a29b0 JavaThread "C2 CompilerThread0" daemon [_thread_in_native, id=19256, stack(0x0000001bc7900000,0x0000001bc7a00000)]
  0x0000016e311a5460 JavaThread "C1 CompilerThread0" daemon [_thread_blocked, id=17012, stack(0x0000001bc7a00000,0x0000001bc7b00000)]
  0x0000016e311a6e60 JavaThread "Sweeper thread" daemon [_thread_blocked, id=11468, stack(0x0000001bc7b00000,0x0000001bc7c00000)]
  0x0000016e311d1a40 JavaThread "Common-Cleaner" daemon [_thread_blocked, id=17108, stack(0x0000001bc7c00000,0x0000001bc7d00000)]
  0x0000016e31458120 JavaThread "Notification Thread" daemon [_thread_blocked, id=13108, stack(0x0000001bc7d00000,0x0000001bc7e00000)]
  0x0000016e3165a990 JavaThread "Daemon health stats" [_thread_blocked, id=24344, stack(0x0000001bc8400000,0x0000001bc8500000)]
  0x0000016e3165b330 JavaThread "Incoming local TCP Connector on port 62248" [_thread_in_native, id=22984, stack(0x0000001bc8500000,0x0000001bc8600000)]
  0x0000016e3165ae60 JavaThread "Daemon periodic checks" [_thread_blocked, id=18920, stack(0x0000001bc8600000,0x0000001bc8700000)]
  0x0000016e3165b800 JavaThread "Daemon" [_thread_blocked, id=19260, stack(0x0000001bc8700000,0x0000001bc8800000)]
  0x0000016e3165cb40 JavaThread "Handler for socket connection from /127.0.0.1:62248 to /127.0.0.1:62254" [_thread_in_native, id=26848, stack(0x0000001bc8800000,0x0000001bc8900000)]
  0x0000016e3165c1a0 JavaThread "Cancel handler" [_thread_blocked, id=19960, stack(0x0000001bc8900000,0x0000001bc8a00000)]
  0x0000016e31659ff0 JavaThread "Daemon worker" [_thread_blocked, id=24220, stack(0x0000001bc8a00000,0x0000001bc8b00000)]
  0x0000016e31659650 JavaThread "Asynchronous log dispatcher for DefaultDaemonConnection: socket connection from /127.0.0.1:62248 to /127.0.0.1:62254" [_thread_blocked, id=12756, stack(0x0000001bc8b00000,0x0000001bc8c00000)]
  0x0000016e3165bcd0 JavaThread "Stdin handler" [_thread_blocked, id=5112, stack(0x0000001bc8c00000,0x0000001bc8d00000)]
  0x0000016e3165d010 JavaThread "Daemon client event forwarder" [_thread_blocked, id=23100, stack(0x0000001bc8d00000,0x0000001bc8e00000)]
  0x0000016e31659b20 JavaThread "Cache worker for journal cache (T:\ToolJava\gradle-8.8\caches\journal-1)" [_thread_blocked, id=19416, stack(0x0000001bc8e00000,0x0000001bc8f00000)]
  0x0000016e3165a4c0 JavaThread "File lock request listener" [_thread_in_native, id=12956, stack(0x0000001bc8f00000,0x0000001bc9000000)]
  0x0000016e4c21a180 JavaThread "File lock release action executor" [_thread_blocked, id=27424, stack(0x0000001bc9000000,0x0000001bc9100000)]
  0x0000016e4c219cb0 JavaThread "Cache worker for file hash cache (T:\ToolJava\gradle-8.8\caches\8.10.2\fileHashes)" [_thread_blocked, id=25060, stack(0x0000001bc9100000,0x0000001bc9200000)]
  0x0000016e4c21b990 JavaThread "Cache worker for file hash cache (A:\DeAnTourDuLich\BookingTour\BackEnd\ConfigurationService\.gradle\8.10.2\fileHashes)" [_thread_blocked, id=22172, stack(0x0000001bc9400000,0x0000001bc9500000)]
  0x0000016e4c21be60 JavaThread "Cache worker for Build Output Cleanup Cache (A:\DeAnTourDuLich\BookingTour\BackEnd\ConfigurationService\.gradle\buildOutputCleanup)" [_thread_blocked, id=20316, stack(0x0000001bc9500000,0x0000001bc9600000)]
  0x0000016e4c21c330 JavaThread "File watcher server" daemon [_thread_in_native, id=14772, stack(0x0000001bc9900000,0x0000001bc9a00000)]
  0x0000016e4c21ccd0 JavaThread "File watcher consumer" daemon [_thread_blocked, id=18924, stack(0x0000001bc9a00000,0x0000001bc9b00000)]
  0x0000016e4c2197e0 JavaThread "Cache worker for checksums cache (A:\DeAnTourDuLich\BookingTour\BackEnd\ConfigurationService\.gradle\8.10.2\checksums)" [_thread_blocked, id=23992, stack(0x0000001bc6a00000,0x0000001bc6b00000)]
  0x0000016e4c21e9b0 JavaThread "Cache worker for file content cache (T:\ToolJava\gradle-8.8\caches\8.10.2\fileContent)" [_thread_blocked, id=15884, stack(0x0000001bc6c00000,0x0000001bc6d00000)]
  0x0000016e4c21ee80 JavaThread "Cache worker for cache directory md-rule (T:\ToolJava\gradle-8.8\caches\8.10.2\md-rule)" [_thread_blocked, id=25220, stack(0x0000001bc9b00000,0x0000001bc9c00000)]
  0x0000016e4c21f350 JavaThread "Cache worker for cache directory md-supplier (T:\ToolJava\gradle-8.8\caches\8.10.2\md-supplier)" [_thread_blocked, id=3372, stack(0x0000001bc9c00000,0x0000001bc9d00000)]

Other Threads:
  0x0000016e31181640 VMThread "VM Thread" [stack: 0x0000001bc7200000,0x0000001bc7300000] [id=26364]
  0x0000016e1495b170 WatcherThread [stack: 0x0000001bc7e00000,0x0000001bc7f00000] [id=12100]
  0x0000016e14986b90 GCTaskThread "GC Thread#0" [stack: 0x0000001bc6d00000,0x0000001bc6e00000] [id=16336]
  0x0000016e319d4480 GCTaskThread "GC Thread#1" [stack: 0x0000001bc7f00000,0x0000001bc8000000] [id=27068]
  0x0000016e31798940 GCTaskThread "GC Thread#2" [stack: 0x0000001bc8000000,0x0000001bc8100000] [id=11528]
  0x0000016e31798bf0 GCTaskThread "GC Thread#3" [stack: 0x0000001bc8100000,0x0000001bc8200000] [id=23324]
  0x0000016e31798ea0 GCTaskThread "GC Thread#4" [stack: 0x0000001bc8200000,0x0000001bc8300000] [id=11988]
  0x0000016e319d4730 GCTaskThread "GC Thread#5" [stack: 0x0000001bc8300000,0x0000001bc8400000] [id=19744]
  0x0000016e4bfc9ee0 GCTaskThread "GC Thread#6" [stack: 0x0000001bc9600000,0x0000001bc9700000] [id=14152]
  0x0000016e4c6a0760 GCTaskThread "GC Thread#7" [stack: 0x0000001bc9700000,0x0000001bc9800000] [id=13284]
  0x0000016e14987940 ConcurrentGCThread "G1 Main Marker" [stack: 0x0000001bc6e00000,0x0000001bc6f00000] [id=1232]
  0x0000016e148de590 ConcurrentGCThread "G1 Conc#0" [stack: 0x0000001bc6f00000,0x0000001bc7000000] [id=24952]
  0x0000016e4bffdd20 ConcurrentGCThread "G1 Conc#1" [stack: 0x0000001bc9800000,0x0000001bc9900000] [id=16792]
  0x0000016e310464f0 ConcurrentGCThread "G1 Refine#0" [stack: 0x0000001bc7000000,0x0000001bc7100000] [id=2448]
  0x0000016e31046db0 ConcurrentGCThread "G1 Service" [stack: 0x0000001bc7100000,0x0000001bc7200000] [id=19472]

Threads with active compile tasks:
C2 CompilerThread0   115187 3639       4       javax.management.ObjectName::construct (1135 bytes)

VM state: not at safepoint (normal execution)

VM Mutex/Monitor currently owned by a thread: None

Heap address: 0x00000000e0000000, size: 512 MB, Compressed Oops mode: 32-bit

CDS archive(s) mapped at: [0x0000016e32000000-0x0000016e32bd0000-0x0000016e32bd0000), size 12386304, SharedBaseAddress: 0x0000016e32000000, ArchiveRelocationMode: 1.
Compressed class space mapped at: 0x0000016e33000000-0x0000016e47000000, reserved size: 335544320
Narrow klass base: 0x0000016e32000000, Narrow klass shift: 0, Narrow klass range: 0x100000000

GC Precious Log:
 CPUs: 8 total, 8 available
 Memory: 24398M
 Large Page Support: Disabled
 NUMA Support: Disabled
 Compressed Oops: Enabled (32-bit)
 Heap Region Size: 1M
 Heap Min Capacity: 256M
 Heap Initial Capacity: 256M
 Heap Max Capacity: 512M
 Pre-touch: Disabled
 Parallel Workers: 8
 Concurrent Workers: 2
 Concurrent Refinement Workers: 8
 Periodic GC: Disabled

Heap:
 garbage-first heap   total 262144K, used 80100K [0x00000000e0000000, 0x0000000100000000)
  region size 1024K, 69 young (70656K), 14 survivors (14336K)
 Metaspace       used 27490K, committed 27904K, reserved 393216K
  class space    used 4094K, committed 4288K, reserved 327680K

Heap Regions: E=young(eden), S=young(survivor), O=old, HS=humongous(starts), HC=humongous(continues), CS=collection set, F=free, OA=open archive, CA=closed archive, TAMS=top-at-mark-start (previous, next)
|   0|0x00000000e0000000, 0x00000000e0100000, 0x00000000e0100000|100%| O|  |TAMS 0x00000000e0100000, 0x00000000e0000000| Untracked 
|   1|0x00000000e0100000, 0x00000000e0200000, 0x00000000e0200000|100%| O|  |TAMS 0x00000000e0200000, 0x00000000e0100000| Untracked 
|   2|0x00000000e0200000, 0x00000000e0300000, 0x00000000e0300000|100%|HS|  |TAMS 0x00000000e0300000, 0x00000000e0200000| Complete 
|   3|0x00000000e0300000, 0x00000000e0400000, 0x00000000e0400000|100%|HC|  |TAMS 0x00000000e0400000, 0x00000000e0300000| Complete 
|   4|0x00000000e0400000, 0x00000000e0500000, 0x00000000e0500000|100%|HC|  |TAMS 0x00000000e0500000, 0x00000000e0400000| Complete 
|   5|0x00000000e0500000, 0x00000000e0600000, 0x00000000e0600000|100%|HC|  |TAMS 0x00000000e0600000, 0x00000000e0500000| Complete 
|   6|0x00000000e0600000, 0x00000000e0700000, 0x00000000e0700000|100%| O|  |TAMS 0x00000000e0700000, 0x00000000e0600000| Untracked 
|   7|0x00000000e0700000, 0x00000000e0800000, 0x00000000e0800000|100%| O|  |TAMS 0x00000000e0800000, 0x00000000e0700000| Untracked 
|   8|0x00000000e0800000, 0x00000000e0900000, 0x00000000e0900000|100%| O|  |TAMS 0x00000000e0900000, 0x00000000e0800000| Untracked 
|   9|0x00000000e0900000, 0x00000000e0a00000, 0x00000000e0a00000|100%|HS|  |TAMS 0x00000000e0a00000, 0x00000000e0900000| Complete 
|  10|0x00000000e0a00000, 0x00000000e0a00000, 0x00000000e0b00000|  0%| F|  |TAMS 0x00000000e0a00000, 0x00000000e0a00000| Untracked 
|  11|0x00000000e0b00000, 0x00000000e0bfa800, 0x00000000e0c00000| 97%| O|  |TAMS 0x00000000e0bfa800, 0x00000000e0b00000| Untracked 
|  12|0x00000000e0c00000, 0x00000000e0c00000, 0x00000000e0d00000|  0%| F|  |TAMS 0x00000000e0c00000, 0x00000000e0c00000| Untracked 
|  13|0x00000000e0d00000, 0x00000000e0d00000, 0x00000000e0e00000|  0%| F|  |TAMS 0x00000000e0d00000, 0x00000000e0d00000| Untracked 
|  14|0x00000000e0e00000, 0x00000000e0e00000, 0x00000000e0f00000|  0%| F|  |TAMS 0x00000000e0e00000, 0x00000000e0e00000| Untracked 
|  15|0x00000000e0f00000, 0x00000000e0f00000, 0x00000000e1000000|  0%| F|  |TAMS 0x00000000e0f00000, 0x00000000e0f00000| Untracked 
|  16|0x00000000e1000000, 0x00000000e1000000, 0x00000000e1100000|  0%| F|  |TAMS 0x00000000e1000000, 0x00000000e1000000| Untracked 
|  17|0x00000000e1100000, 0x00000000e1100000, 0x00000000e1200000|  0%| F|  |TAMS 0x00000000e1100000, 0x00000000e1100000| Untracked 
|  18|0x00000000e1200000, 0x00000000e1200000, 0x00000000e1300000|  0%| F|  |TAMS 0x00000000e1200000, 0x00000000e1200000| Untracked 
|  19|0x00000000e1300000, 0x00000000e1300000, 0x00000000e1400000|  0%| F|  |TAMS 0x00000000e1300000, 0x00000000e1300000| Untracked 
|  20|0x00000000e1400000, 0x00000000e1400000, 0x00000000e1500000|  0%| F|  |TAMS 0x00000000e1400000, 0x00000000e1400000| Untracked 
|  21|0x00000000e1500000, 0x00000000e1500000, 0x00000000e1600000|  0%| F|  |TAMS 0x00000000e1500000, 0x00000000e1500000| Untracked 
|  22|0x00000000e1600000, 0x00000000e1600000, 0x00000000e1700000|  0%| F|  |TAMS 0x00000000e1600000, 0x00000000e1600000| Untracked 
|  23|0x00000000e1700000, 0x00000000e1700000, 0x00000000e1800000|  0%| F|  |TAMS 0x00000000e1700000, 0x00000000e1700000| Untracked 
|  24|0x00000000e1800000, 0x00000000e1800000, 0x00000000e1900000|  0%| F|  |TAMS 0x00000000e1800000, 0x00000000e1800000| Untracked 
|  25|0x00000000e1900000, 0x00000000e1900000, 0x00000000e1a00000|  0%| F|  |TAMS 0x00000000e1900000, 0x00000000e1900000| Untracked 
|  26|0x00000000e1a00000, 0x00000000e1a00000, 0x00000000e1b00000|  0%| F|  |TAMS 0x00000000e1a00000, 0x00000000e1a00000| Untracked 
|  27|0x00000000e1b00000, 0x00000000e1b00000, 0x00000000e1c00000|  0%| F|  |TAMS 0x00000000e1b00000, 0x00000000e1b00000| Untracked 
|  28|0x00000000e1c00000, 0x00000000e1c00000, 0x00000000e1d00000|  0%| F|  |TAMS 0x00000000e1c00000, 0x00000000e1c00000| Untracked 
|  29|0x00000000e1d00000, 0x00000000e1d00000, 0x00000000e1e00000|  0%| F|  |TAMS 0x00000000e1d00000, 0x00000000e1d00000| Untracked 
|  30|0x00000000e1e00000, 0x00000000e1e00000, 0x00000000e1f00000|  0%| F|  |TAMS 0x00000000e1e00000, 0x00000000e1e00000| Untracked 
|  31|0x00000000e1f00000, 0x00000000e1f00000, 0x00000000e2000000|  0%| F|  |TAMS 0x00000000e1f00000, 0x00000000e1f00000| Untracked 
|  32|0x00000000e2000000, 0x00000000e2000000, 0x00000000e2100000|  0%| F|  |TAMS 0x00000000e2000000, 0x00000000e2000000| Untracked 
|  33|0x00000000e2100000, 0x00000000e2100000, 0x00000000e2200000|  0%| F|  |TAMS 0x00000000e2100000, 0x00000000e2100000| Untracked 
|  34|0x00000000e2200000, 0x00000000e2200000, 0x00000000e2300000|  0%| F|  |TAMS 0x00000000e2200000, 0x00000000e2200000| Untracked 
|  35|0x00000000e2300000, 0x00000000e2300000, 0x00000000e2400000|  0%| F|  |TAMS 0x00000000e2300000, 0x00000000e2300000| Untracked 
|  36|0x00000000e2400000, 0x00000000e2400000, 0x00000000e2500000|  0%| F|  |TAMS 0x00000000e2400000, 0x00000000e2400000| Untracked 
|  37|0x00000000e2500000, 0x00000000e2500000, 0x00000000e2600000|  0%| F|  |TAMS 0x00000000e2500000, 0x00000000e2500000| Untracked 
|  38|0x00000000e2600000, 0x00000000e2600000, 0x00000000e2700000|  0%| F|  |TAMS 0x00000000e2600000, 0x00000000e2600000| Untracked 
|  39|0x00000000e2700000, 0x00000000e2700000, 0x00000000e2800000|  0%| F|  |TAMS 0x00000000e2700000, 0x00000000e2700000| Untracked 
|  40|0x00000000e2800000, 0x00000000e2800000, 0x00000000e2900000|  0%| F|  |TAMS 0x00000000e2800000, 0x00000000e2800000| Untracked 
|  41|0x00000000e2900000, 0x00000000e2900000, 0x00000000e2a00000|  0%| F|  |TAMS 0x00000000e2900000, 0x00000000e2900000| Untracked 
|  42|0x00000000e2a00000, 0x00000000e2a00000, 0x00000000e2b00000|  0%| F|  |TAMS 0x00000000e2a00000, 0x00000000e2a00000| Untracked 
|  43|0x00000000e2b00000, 0x00000000e2b00000, 0x00000000e2c00000|  0%| F|  |TAMS 0x00000000e2b00000, 0x00000000e2b00000| Untracked 
|  44|0x00000000e2c00000, 0x00000000e2c00000, 0x00000000e2d00000|  0%| F|  |TAMS 0x00000000e2c00000, 0x00000000e2c00000| Untracked 
|  45|0x00000000e2d00000, 0x00000000e2d00000, 0x00000000e2e00000|  0%| F|  |TAMS 0x00000000e2d00000, 0x00000000e2d00000| Untracked 
|  46|0x00000000e2e00000, 0x00000000e2e00000, 0x00000000e2f00000|  0%| F|  |TAMS 0x00000000e2e00000, 0x00000000e2e00000| Untracked 
|  47|0x00000000e2f00000, 0x00000000e2f00000, 0x00000000e3000000|  0%| F|  |TAMS 0x00000000e2f00000, 0x00000000e2f00000| Untracked 
|  48|0x00000000e3000000, 0x00000000e3000000, 0x00000000e3100000|  0%| F|  |TAMS 0x00000000e3000000, 0x00000000e3000000| Untracked 
|  49|0x00000000e3100000, 0x00000000e3100000, 0x00000000e3200000|  0%| F|  |TAMS 0x00000000e3100000, 0x00000000e3100000| Untracked 
|  50|0x00000000e3200000, 0x00000000e3200000, 0x00000000e3300000|  0%| F|  |TAMS 0x00000000e3200000, 0x00000000e3200000| Untracked 
|  51|0x00000000e3300000, 0x00000000e3300000, 0x00000000e3400000|  0%| F|  |TAMS 0x00000000e3300000, 0x00000000e3300000| Untracked 
|  52|0x00000000e3400000, 0x00000000e3400000, 0x00000000e3500000|  0%| F|  |TAMS 0x00000000e3400000, 0x00000000e3400000| Untracked 
|  53|0x00000000e3500000, 0x00000000e3500000, 0x00000000e3600000|  0%| F|  |TAMS 0x00000000e3500000, 0x00000000e3500000| Untracked 
|  54|0x00000000e3600000, 0x00000000e3600000, 0x00000000e3700000|  0%| F|  |TAMS 0x00000000e3600000, 0x00000000e3600000| Untracked 
|  55|0x00000000e3700000, 0x00000000e3700000, 0x00000000e3800000|  0%| F|  |TAMS 0x00000000e3700000, 0x00000000e3700000| Untracked 
|  56|0x00000000e3800000, 0x00000000e3800000, 0x00000000e3900000|  0%| F|  |TAMS 0x00000000e3800000, 0x00000000e3800000| Untracked 
|  57|0x00000000e3900000, 0x00000000e3900000, 0x00000000e3a00000|  0%| F|  |TAMS 0x00000000e3900000, 0x00000000e3900000| Untracked 
|  58|0x00000000e3a00000, 0x00000000e3a00000, 0x00000000e3b00000|  0%| F|  |TAMS 0x00000000e3a00000, 0x00000000e3a00000| Untracked 
|  59|0x00000000e3b00000, 0x00000000e3b00000, 0x00000000e3c00000|  0%| F|  |TAMS 0x00000000e3b00000, 0x00000000e3b00000| Untracked 
|  60|0x00000000e3c00000, 0x00000000e3c00000, 0x00000000e3d00000|  0%| F|  |TAMS 0x00000000e3c00000, 0x00000000e3c00000| Untracked 
|  61|0x00000000e3d00000, 0x00000000e3d00000, 0x00000000e3e00000|  0%| F|  |TAMS 0x00000000e3d00000, 0x00000000e3d00000| Untracked 
|  62|0x00000000e3e00000, 0x00000000e3e00000, 0x00000000e3f00000|  0%| F|  |TAMS 0x00000000e3e00000, 0x00000000e3e00000| Untracked 
|  63|0x00000000e3f00000, 0x00000000e3f00000, 0x00000000e4000000|  0%| F|  |TAMS 0x00000000e3f00000, 0x00000000e3f00000| Untracked 
|  64|0x00000000e4000000, 0x00000000e4000000, 0x00000000e4100000|  0%| F|  |TAMS 0x00000000e4000000, 0x00000000e4000000| Untracked 
|  65|0x00000000e4100000, 0x00000000e4100000, 0x00000000e4200000|  0%| F|  |TAMS 0x00000000e4100000, 0x00000000e4100000| Untracked 
|  66|0x00000000e4200000, 0x00000000e4200000, 0x00000000e4300000|  0%| F|  |TAMS 0x00000000e4200000, 0x00000000e4200000| Untracked 
|  67|0x00000000e4300000, 0x00000000e4300000, 0x00000000e4400000|  0%| F|  |TAMS 0x00000000e4300000, 0x00000000e4300000| Untracked 
|  68|0x00000000e4400000, 0x00000000e4400000, 0x00000000e4500000|  0%| F|  |TAMS 0x00000000e4400000, 0x00000000e4400000| Untracked 
|  69|0x00000000e4500000, 0x00000000e4500000, 0x00000000e4600000|  0%| F|  |TAMS 0x00000000e4500000, 0x00000000e4500000| Untracked 
|  70|0x00000000e4600000, 0x00000000e4600000, 0x00000000e4700000|  0%| F|  |TAMS 0x00000000e4600000, 0x00000000e4600000| Untracked 
|  71|0x00000000e4700000, 0x00000000e4700000, 0x00000000e4800000|  0%| F|  |TAMS 0x00000000e4700000, 0x00000000e4700000| Untracked 
|  72|0x00000000e4800000, 0x00000000e4800000, 0x00000000e4900000|  0%| F|  |TAMS 0x00000000e4800000, 0x00000000e4800000| Untracked 
|  73|0x00000000e4900000, 0x00000000e4900000, 0x00000000e4a00000|  0%| F|  |TAMS 0x00000000e4900000, 0x00000000e4900000| Untracked 
|  74|0x00000000e4a00000, 0x00000000e4a00000, 0x00000000e4b00000|  0%| F|  |TAMS 0x00000000e4a00000, 0x00000000e4a00000| Untracked 
|  75|0x00000000e4b00000, 0x00000000e4b00000, 0x00000000e4c00000|  0%| F|  |TAMS 0x00000000e4b00000, 0x00000000e4b00000| Untracked 
|  76|0x00000000e4c00000, 0x00000000e4c00000, 0x00000000e4d00000|  0%| F|  |TAMS 0x00000000e4c00000, 0x00000000e4c00000| Untracked 
|  77|0x00000000e4d00000, 0x00000000e4d00000, 0x00000000e4e00000|  0%| F|  |TAMS 0x00000000e4d00000, 0x00000000e4d00000| Untracked 
|  78|0x00000000e4e00000, 0x00000000e4e00000, 0x00000000e4f00000|  0%| F|  |TAMS 0x00000000e4e00000, 0x00000000e4e00000| Untracked 
|  79|0x00000000e4f00000, 0x00000000e4f00000, 0x00000000e5000000|  0%| F|  |TAMS 0x00000000e4f00000, 0x00000000e4f00000| Untracked 
|  80|0x00000000e5000000, 0x00000000e5000000, 0x00000000e5100000|  0%| F|  |TAMS 0x00000000e5000000, 0x00000000e5000000| Untracked 
|  81|0x00000000e5100000, 0x00000000e5100000, 0x00000000e5200000|  0%| F|  |TAMS 0x00000000e5100000, 0x00000000e5100000| Untracked 
|  82|0x00000000e5200000, 0x00000000e5200000, 0x00000000e5300000|  0%| F|  |TAMS 0x00000000e5200000, 0x00000000e5200000| Untracked 
|  83|0x00000000e5300000, 0x00000000e5300000, 0x00000000e5400000|  0%| F|  |TAMS 0x00000000e5300000, 0x00000000e5300000| Untracked 
|  84|0x00000000e5400000, 0x00000000e5400000, 0x00000000e5500000|  0%| F|  |TAMS 0x00000000e5400000, 0x00000000e5400000| Untracked 
|  85|0x00000000e5500000, 0x00000000e5500000, 0x00000000e5600000|  0%| F|  |TAMS 0x00000000e5500000, 0x00000000e5500000| Untracked 
|  86|0x00000000e5600000, 0x00000000e5600000, 0x00000000e5700000|  0%| F|  |TAMS 0x00000000e5600000, 0x00000000e5600000| Untracked 
|  87|0x00000000e5700000, 0x00000000e5700000, 0x00000000e5800000|  0%| F|  |TAMS 0x00000000e5700000, 0x00000000e5700000| Untracked 
|  88|0x00000000e5800000, 0x00000000e5800000, 0x00000000e5900000|  0%| F|  |TAMS 0x00000000e5800000, 0x00000000e5800000| Untracked 
|  89|0x00000000e5900000, 0x00000000e5900000, 0x00000000e5a00000|  0%| F|  |TAMS 0x00000000e5900000, 0x00000000e5900000| Untracked 
|  90|0x00000000e5a00000, 0x00000000e5a00000, 0x00000000e5b00000|  0%| F|  |TAMS 0x00000000e5a00000, 0x00000000e5a00000| Untracked 
|  91|0x00000000e5b00000, 0x00000000e5b00000, 0x00000000e5c00000|  0%| F|  |TAMS 0x00000000e5b00000, 0x00000000e5b00000| Untracked 
|  92|0x00000000e5c00000, 0x00000000e5c00000, 0x00000000e5d00000|  0%| F|  |TAMS 0x00000000e5c00000, 0x00000000e5c00000| Untracked 
|  93|0x00000000e5d00000, 0x00000000e5d00000, 0x00000000e5e00000|  0%| F|  |TAMS 0x00000000e5d00000, 0x00000000e5d00000| Untracked 
|  94|0x00000000e5e00000, 0x00000000e5e00000, 0x00000000e5f00000|  0%| F|  |TAMS 0x00000000e5e00000, 0x00000000e5e00000| Untracked 
|  95|0x00000000e5f00000, 0x00000000e5f00000, 0x00000000e6000000|  0%| F|  |TAMS 0x00000000e5f00000, 0x00000000e5f00000| Untracked 
|  96|0x00000000e6000000, 0x00000000e6000000, 0x00000000e6100000|  0%| F|  |TAMS 0x00000000e6000000, 0x00000000e6000000| Untracked 
|  97|0x00000000e6100000, 0x00000000e6100000, 0x00000000e6200000|  0%| F|  |TAMS 0x00000000e6100000, 0x00000000e6100000| Untracked 
|  98|0x00000000e6200000, 0x00000000e6200000, 0x00000000e6300000|  0%| F|  |TAMS 0x00000000e6200000, 0x00000000e6200000| Untracked 
|  99|0x00000000e6300000, 0x00000000e6300000, 0x00000000e6400000|  0%| F|  |TAMS 0x00000000e6300000, 0x00000000e6300000| Untracked 
| 100|0x00000000e6400000, 0x00000000e6400000, 0x00000000e6500000|  0%| F|  |TAMS 0x00000000e6400000, 0x00000000e6400000| Untracked 
| 101|0x00000000e6500000, 0x00000000e6500000, 0x00000000e6600000|  0%| F|  |TAMS 0x00000000e6500000, 0x00000000e6500000| Untracked 
| 102|0x00000000e6600000, 0x00000000e6600000, 0x00000000e6700000|  0%| F|  |TAMS 0x00000000e6600000, 0x00000000e6600000| Untracked 
| 103|0x00000000e6700000, 0x00000000e6700000, 0x00000000e6800000|  0%| F|  |TAMS 0x00000000e6700000, 0x00000000e6700000| Untracked 
| 104|0x00000000e6800000, 0x00000000e6800000, 0x00000000e6900000|  0%| F|  |TAMS 0x00000000e6800000, 0x00000000e6800000| Untracked 
| 105|0x00000000e6900000, 0x00000000e6900000, 0x00000000e6a00000|  0%| F|  |TAMS 0x00000000e6900000, 0x00000000e6900000| Untracked 
| 106|0x00000000e6a00000, 0x00000000e6a00000, 0x00000000e6b00000|  0%| F|  |TAMS 0x00000000e6a00000, 0x00000000e6a00000| Untracked 
| 107|0x00000000e6b00000, 0x00000000e6b00000, 0x00000000e6c00000|  0%| F|  |TAMS 0x00000000e6b00000, 0x00000000e6b00000| Untracked 
| 108|0x00000000e6c00000, 0x00000000e6c00000, 0x00000000e6d00000|  0%| F|  |TAMS 0x00000000e6c00000, 0x00000000e6c00000| Untracked 
| 109|0x00000000e6d00000, 0x00000000e6d00000, 0x00000000e6e00000|  0%| F|  |TAMS 0x00000000e6d00000, 0x00000000e6d00000| Untracked 
| 110|0x00000000e6e00000, 0x00000000e6e00000, 0x00000000e6f00000|  0%| F|  |TAMS 0x00000000e6e00000, 0x00000000e6e00000| Untracked 
| 111|0x00000000e6f00000, 0x00000000e6f00000, 0x00000000e7000000|  0%| F|  |TAMS 0x00000000e6f00000, 0x00000000e6f00000| Untracked 
| 112|0x00000000e7000000, 0x00000000e7000000, 0x00000000e7100000|  0%| F|  |TAMS 0x00000000e7000000, 0x00000000e7000000| Untracked 
| 113|0x00000000e7100000, 0x00000000e7100000, 0x00000000e7200000|  0%| F|  |TAMS 0x00000000e7100000, 0x00000000e7100000| Untracked 
| 114|0x00000000e7200000, 0x00000000e7200000, 0x00000000e7300000|  0%| F|  |TAMS 0x00000000e7200000, 0x00000000e7200000| Untracked 
| 115|0x00000000e7300000, 0x00000000e7300000, 0x00000000e7400000|  0%| F|  |TAMS 0x00000000e7300000, 0x00000000e7300000| Untracked 
| 116|0x00000000e7400000, 0x00000000e7400000, 0x00000000e7500000|  0%| F|  |TAMS 0x00000000e7400000, 0x00000000e7400000| Untracked 
| 117|0x00000000e7500000, 0x00000000e7500000, 0x00000000e7600000|  0%| F|  |TAMS 0x00000000e7500000, 0x00000000e7500000| Untracked 
| 118|0x00000000e7600000, 0x00000000e7600000, 0x00000000e7700000|  0%| F|  |TAMS 0x00000000e7600000, 0x00000000e7600000| Untracked 
| 119|0x00000000e7700000, 0x00000000e7700000, 0x00000000e7800000|  0%| F|  |TAMS 0x00000000e7700000, 0x00000000e7700000| Untracked 
| 120|0x00000000e7800000, 0x00000000e7800000, 0x00000000e7900000|  0%| F|  |TAMS 0x00000000e7800000, 0x00000000e7800000| Untracked 
| 121|0x00000000e7900000, 0x00000000e7900000, 0x00000000e7a00000|  0%| F|  |TAMS 0x00000000e7900000, 0x00000000e7900000| Untracked 
| 122|0x00000000e7a00000, 0x00000000e7a00000, 0x00000000e7b00000|  0%| F|  |TAMS 0x00000000e7a00000, 0x00000000e7a00000| Untracked 
| 123|0x00000000e7b00000, 0x00000000e7b00000, 0x00000000e7c00000|  0%| F|  |TAMS 0x00000000e7b00000, 0x00000000e7b00000| Untracked 
| 124|0x00000000e7c00000, 0x00000000e7c00000, 0x00000000e7d00000|  0%| F|  |TAMS 0x00000000e7c00000, 0x00000000e7c00000| Untracked 
| 125|0x00000000e7d00000, 0x00000000e7d00000, 0x00000000e7e00000|  0%| F|  |TAMS 0x00000000e7d00000, 0x00000000e7d00000| Untracked 
| 126|0x00000000e7e00000, 0x00000000e7e00000, 0x00000000e7f00000|  0%| F|  |TAMS 0x00000000e7e00000, 0x00000000e7e00000| Untracked 
| 127|0x00000000e7f00000, 0x00000000e7f00000, 0x00000000e8000000|  0%| F|  |TAMS 0x00000000e7f00000, 0x00000000e7f00000| Untracked 
| 128|0x00000000e8000000, 0x00000000e8000000, 0x00000000e8100000|  0%| F|  |TAMS 0x00000000e8000000, 0x00000000e8000000| Untracked 
| 129|0x00000000e8100000, 0x00000000e8100000, 0x00000000e8200000|  0%| F|  |TAMS 0x00000000e8100000, 0x00000000e8100000| Untracked 
| 130|0x00000000e8200000, 0x00000000e8200000, 0x00000000e8300000|  0%| F|  |TAMS 0x00000000e8200000, 0x00000000e8200000| Untracked 
| 131|0x00000000e8300000, 0x00000000e8300000, 0x00000000e8400000|  0%| F|  |TAMS 0x00000000e8300000, 0x00000000e8300000| Untracked 
| 132|0x00000000e8400000, 0x00000000e843eb00, 0x00000000e8500000| 24%| S|CS|TAMS 0x00000000e8400000, 0x00000000e8400000| Complete 
| 133|0x00000000e8500000, 0x00000000e8600000, 0x00000000e8600000|100%| S|CS|TAMS 0x00000000e8500000, 0x00000000e8500000| Complete 
| 134|0x00000000e8600000, 0x00000000e8700000, 0x00000000e8700000|100%| S|CS|TAMS 0x00000000e8600000, 0x00000000e8600000| Complete 
| 135|0x00000000e8700000, 0x00000000e8800000, 0x00000000e8800000|100%| S|CS|TAMS 0x00000000e8700000, 0x00000000e8700000| Complete 
| 136|0x00000000e8800000, 0x00000000e8900000, 0x00000000e8900000|100%| S|CS|TAMS 0x00000000e8800000, 0x00000000e8800000| Complete 
| 137|0x00000000e8900000, 0x00000000e8a00000, 0x00000000e8a00000|100%| S|CS|TAMS 0x00000000e8900000, 0x00000000e8900000| Complete 
| 138|0x00000000e8a00000, 0x00000000e8b00000, 0x00000000e8b00000|100%| S|CS|TAMS 0x00000000e8a00000, 0x00000000e8a00000| Complete 
| 139|0x00000000e8b00000, 0x00000000e8c00000, 0x00000000e8c00000|100%| S|CS|TAMS 0x00000000e8b00000, 0x00000000e8b00000| Complete 
| 140|0x00000000e8c00000, 0x00000000e8d00000, 0x00000000e8d00000|100%| S|CS|TAMS 0x00000000e8c00000, 0x00000000e8c00000| Complete 
| 141|0x00000000e8d00000, 0x00000000e8e00000, 0x00000000e8e00000|100%| S|CS|TAMS 0x00000000e8d00000, 0x00000000e8d00000| Complete 
| 142|0x00000000e8e00000, 0x00000000e8f00000, 0x00000000e8f00000|100%| S|CS|TAMS 0x00000000e8e00000, 0x00000000e8e00000| Complete 
| 143|0x00000000e8f00000, 0x00000000e9000000, 0x00000000e9000000|100%| S|CS|TAMS 0x00000000e8f00000, 0x00000000e8f00000| Complete 
| 144|0x00000000e9000000, 0x00000000e9100000, 0x00000000e9100000|100%| S|CS|TAMS 0x00000000e9000000, 0x00000000e9000000| Complete 
| 145|0x00000000e9100000, 0x00000000e9200000, 0x00000000e9200000|100%| S|CS|TAMS 0x00000000e9100000, 0x00000000e9100000| Complete 
| 146|0x00000000e9200000, 0x00000000e9200000, 0x00000000e9300000|  0%| F|  |TAMS 0x00000000e9200000, 0x00000000e9200000| Untracked 
| 147|0x00000000e9300000, 0x00000000e9300000, 0x00000000e9400000|  0%| F|  |TAMS 0x00000000e9300000, 0x00000000e9300000| Untracked 
| 148|0x00000000e9400000, 0x00000000e9400000, 0x00000000e9500000|  0%| F|  |TAMS 0x00000000e9400000, 0x00000000e9400000| Untracked 
| 149|0x00000000e9500000, 0x00000000e9500000, 0x00000000e9600000|  0%| F|  |TAMS 0x00000000e9500000, 0x00000000e9500000| Untracked 
| 150|0x00000000e9600000, 0x00000000e9600000, 0x00000000e9700000|  0%| F|  |TAMS 0x00000000e9600000, 0x00000000e9600000| Untracked 
| 151|0x00000000e9700000, 0x00000000e9700000, 0x00000000e9800000|  0%| F|  |TAMS 0x00000000e9700000, 0x00000000e9700000| Untracked 
| 152|0x00000000e9800000, 0x00000000e9800000, 0x00000000e9900000|  0%| F|  |TAMS 0x00000000e9800000, 0x00000000e9800000| Untracked 
| 153|0x00000000e9900000, 0x00000000e9900000, 0x00000000e9a00000|  0%| F|  |TAMS 0x00000000e9900000, 0x00000000e9900000| Untracked 
| 154|0x00000000e9a00000, 0x00000000e9a00000, 0x00000000e9b00000|  0%| F|  |TAMS 0x00000000e9a00000, 0x00000000e9a00000| Untracked 
| 155|0x00000000e9b00000, 0x00000000e9b00000, 0x00000000e9c00000|  0%| F|  |TAMS 0x00000000e9b00000, 0x00000000e9b00000| Untracked 
| 156|0x00000000e9c00000, 0x00000000e9c00000, 0x00000000e9d00000|  0%| F|  |TAMS 0x00000000e9c00000, 0x00000000e9c00000| Untracked 
| 157|0x00000000e9d00000, 0x00000000e9d00000, 0x00000000e9e00000|  0%| F|  |TAMS 0x00000000e9d00000, 0x00000000e9d00000| Untracked 
| 158|0x00000000e9e00000, 0x00000000e9e00000, 0x00000000e9f00000|  0%| F|  |TAMS 0x00000000e9e00000, 0x00000000e9e00000| Untracked 
| 159|0x00000000e9f00000, 0x00000000e9f00000, 0x00000000ea000000|  0%| F|  |TAMS 0x00000000e9f00000, 0x00000000e9f00000| Untracked 
| 160|0x00000000ea000000, 0x00000000ea000000, 0x00000000ea100000|  0%| F|  |TAMS 0x00000000ea000000, 0x00000000ea000000| Untracked 
| 161|0x00000000ea100000, 0x00000000ea100000, 0x00000000ea200000|  0%| F|  |TAMS 0x00000000ea100000, 0x00000000ea100000| Untracked 
| 162|0x00000000ea200000, 0x00000000ea200000, 0x00000000ea300000|  0%| F|  |TAMS 0x00000000ea200000, 0x00000000ea200000| Untracked 
| 163|0x00000000ea300000, 0x00000000ea300000, 0x00000000ea400000|  0%| F|  |TAMS 0x00000000ea300000, 0x00000000ea300000| Untracked 
| 164|0x00000000ea400000, 0x00000000ea400000, 0x00000000ea500000|  0%| F|  |TAMS 0x00000000ea400000, 0x00000000ea400000| Untracked 
| 165|0x00000000ea500000, 0x00000000ea500000, 0x00000000ea600000|  0%| F|  |TAMS 0x00000000ea500000, 0x00000000ea500000| Untracked 
| 166|0x00000000ea600000, 0x00000000ea600000, 0x00000000ea700000|  0%| F|  |TAMS 0x00000000ea600000, 0x00000000ea600000| Untracked 
| 167|0x00000000ea700000, 0x00000000ea700000, 0x00000000ea800000|  0%| F|  |TAMS 0x00000000ea700000, 0x00000000ea700000| Untracked 
| 168|0x00000000ea800000, 0x00000000ea800000, 0x00000000ea900000|  0%| F|  |TAMS 0x00000000ea800000, 0x00000000ea800000| Untracked 
| 169|0x00000000ea900000, 0x00000000ea900000, 0x00000000eaa00000|  0%| F|  |TAMS 0x00000000ea900000, 0x00000000ea900000| Untracked 
| 170|0x00000000eaa00000, 0x00000000eaa00000, 0x00000000eab00000|  0%| F|  |TAMS 0x00000000eaa00000, 0x00000000eaa00000| Untracked 
| 171|0x00000000eab00000, 0x00000000eab00000, 0x00000000eac00000|  0%| F|  |TAMS 0x00000000eab00000, 0x00000000eab00000| Untracked 
| 172|0x00000000eac00000, 0x00000000eac00000, 0x00000000ead00000|  0%| F|  |TAMS 0x00000000eac00000, 0x00000000eac00000| Untracked 
| 173|0x00000000ead00000, 0x00000000ead00000, 0x00000000eae00000|  0%| F|  |TAMS 0x00000000ead00000, 0x00000000ead00000| Untracked 
| 174|0x00000000eae00000, 0x00000000eae00000, 0x00000000eaf00000|  0%| F|  |TAMS 0x00000000eae00000, 0x00000000eae00000| Untracked 
| 175|0x00000000eaf00000, 0x00000000eaf00000, 0x00000000eb000000|  0%| F|  |TAMS 0x00000000eaf00000, 0x00000000eaf00000| Untracked 
| 176|0x00000000eb000000, 0x00000000eb000000, 0x00000000eb100000|  0%| F|  |TAMS 0x00000000eb000000, 0x00000000eb000000| Untracked 
| 177|0x00000000eb100000, 0x00000000eb100000, 0x00000000eb200000|  0%| F|  |TAMS 0x00000000eb100000, 0x00000000eb100000| Untracked 
| 178|0x00000000eb200000, 0x00000000eb200000, 0x00000000eb300000|  0%| F|  |TAMS 0x00000000eb200000, 0x00000000eb200000| Untracked 
| 179|0x00000000eb300000, 0x00000000eb300000, 0x00000000eb400000|  0%| F|  |TAMS 0x00000000eb300000, 0x00000000eb300000| Untracked 
| 180|0x00000000eb400000, 0x00000000eb400000, 0x00000000eb500000|  0%| F|  |TAMS 0x00000000eb400000, 0x00000000eb400000| Untracked 
| 181|0x00000000eb500000, 0x00000000eb500000, 0x00000000eb600000|  0%| F|  |TAMS 0x00000000eb500000, 0x00000000eb500000| Untracked 
| 182|0x00000000eb600000, 0x00000000eb600000, 0x00000000eb700000|  0%| F|  |TAMS 0x00000000eb600000, 0x00000000eb600000| Untracked 
| 183|0x00000000eb700000, 0x00000000eb700000, 0x00000000eb800000|  0%| F|  |TAMS 0x00000000eb700000, 0x00000000eb700000| Untracked 
| 184|0x00000000eb800000, 0x00000000eb800000, 0x00000000eb900000|  0%| F|  |TAMS 0x00000000eb800000, 0x00000000eb800000| Untracked 
| 185|0x00000000eb900000, 0x00000000eb900000, 0x00000000eba00000|  0%| F|  |TAMS 0x00000000eb900000, 0x00000000eb900000| Untracked 
| 186|0x00000000eba00000, 0x00000000eba00000, 0x00000000ebb00000|  0%| F|  |TAMS 0x00000000eba00000, 0x00000000eba00000| Untracked 
| 187|0x00000000ebb00000, 0x00000000ebb00000, 0x00000000ebc00000|  0%| F|  |TAMS 0x00000000ebb00000, 0x00000000ebb00000| Untracked 
| 188|0x00000000ebc00000, 0x00000000ebc00000, 0x00000000ebd00000|  0%| F|  |TAMS 0x00000000ebc00000, 0x00000000ebc00000| Untracked 
| 189|0x00000000ebd00000, 0x00000000ebd00000, 0x00000000ebe00000|  0%| F|  |TAMS 0x00000000ebd00000, 0x00000000ebd00000| Untracked 
| 190|0x00000000ebe00000, 0x00000000ebe00000, 0x00000000ebf00000|  0%| F|  |TAMS 0x00000000ebe00000, 0x00000000ebe00000| Untracked 
| 191|0x00000000ebf00000, 0x00000000ebf00000, 0x00000000ec000000|  0%| F|  |TAMS 0x00000000ebf00000, 0x00000000ebf00000| Untracked 
| 192|0x00000000ec000000, 0x00000000ec000000, 0x00000000ec100000|  0%| F|  |TAMS 0x00000000ec000000, 0x00000000ec000000| Untracked 
| 193|0x00000000ec100000, 0x00000000ec100000, 0x00000000ec200000|  0%| F|  |TAMS 0x00000000ec100000, 0x00000000ec100000| Untracked 
| 194|0x00000000ec200000, 0x00000000ec200000, 0x00000000ec300000|  0%| F|  |TAMS 0x00000000ec200000, 0x00000000ec200000| Untracked 
| 195|0x00000000ec300000, 0x00000000ec300000, 0x00000000ec400000|  0%| F|  |TAMS 0x00000000ec300000, 0x00000000ec300000| Untracked 
| 196|0x00000000ec400000, 0x00000000ec400000, 0x00000000ec500000|  0%| F|  |TAMS 0x00000000ec400000, 0x00000000ec400000| Untracked 
| 197|0x00000000ec500000, 0x00000000ec500000, 0x00000000ec600000|  0%| F|  |TAMS 0x00000000ec500000, 0x00000000ec500000| Untracked 
| 198|0x00000000ec600000, 0x00000000ec600000, 0x00000000ec700000|  0%| F|  |TAMS 0x00000000ec600000, 0x00000000ec600000| Untracked 
| 199|0x00000000ec700000, 0x00000000ec700000, 0x00000000ec800000|  0%| F|  |TAMS 0x00000000ec700000, 0x00000000ec700000| Untracked 
| 200|0x00000000ec800000, 0x00000000ec800000, 0x00000000ec900000|  0%| F|  |TAMS 0x00000000ec800000, 0x00000000ec800000| Untracked 
| 201|0x00000000ec900000, 0x00000000ec982010, 0x00000000eca00000| 50%| E|  |TAMS 0x00000000ec900000, 0x00000000ec900000| Complete 
| 202|0x00000000eca00000, 0x00000000ecb00000, 0x00000000ecb00000|100%| E|CS|TAMS 0x00000000eca00000, 0x00000000eca00000| Complete 
| 203|0x00000000ecb00000, 0x00000000ecc00000, 0x00000000ecc00000|100%| E|CS|TAMS 0x00000000ecb00000, 0x00000000ecb00000| Complete 
| 204|0x00000000ecc00000, 0x00000000ecd00000, 0x00000000ecd00000|100%| E|CS|TAMS 0x00000000ecc00000, 0x00000000ecc00000| Complete 
| 205|0x00000000ecd00000, 0x00000000ece00000, 0x00000000ece00000|100%| E|CS|TAMS 0x00000000ecd00000, 0x00000000ecd00000| Complete 
| 206|0x00000000ece00000, 0x00000000ecf00000, 0x00000000ecf00000|100%| E|CS|TAMS 0x00000000ece00000, 0x00000000ece00000| Complete 
| 207|0x00000000ecf00000, 0x00000000ed000000, 0x00000000ed000000|100%| E|CS|TAMS 0x00000000ecf00000, 0x00000000ecf00000| Complete 
| 208|0x00000000ed000000, 0x00000000ed100000, 0x00000000ed100000|100%| E|CS|TAMS 0x00000000ed000000, 0x00000000ed000000| Complete 
| 209|0x00000000ed100000, 0x00000000ed200000, 0x00000000ed200000|100%| E|CS|TAMS 0x00000000ed100000, 0x00000000ed100000| Complete 
| 210|0x00000000ed200000, 0x00000000ed300000, 0x00000000ed300000|100%| E|CS|TAMS 0x00000000ed200000, 0x00000000ed200000| Complete 
| 211|0x00000000ed300000, 0x00000000ed400000, 0x00000000ed400000|100%| E|CS|TAMS 0x00000000ed300000, 0x00000000ed300000| Complete 
| 212|0x00000000ed400000, 0x00000000ed500000, 0x00000000ed500000|100%| E|CS|TAMS 0x00000000ed400000, 0x00000000ed400000| Complete 
| 213|0x00000000ed500000, 0x00000000ed600000, 0x00000000ed600000|100%| E|CS|TAMS 0x00000000ed500000, 0x00000000ed500000| Complete 
| 214|0x00000000ed600000, 0x00000000ed700000, 0x00000000ed700000|100%| E|CS|TAMS 0x00000000ed600000, 0x00000000ed600000| Complete 
| 215|0x00000000ed700000, 0x00000000ed800000, 0x00000000ed800000|100%| E|CS|TAMS 0x00000000ed700000, 0x00000000ed700000| Complete 
| 216|0x00000000ed800000, 0x00000000ed900000, 0x00000000ed900000|100%| E|CS|TAMS 0x00000000ed800000, 0x00000000ed800000| Complete 
| 217|0x00000000ed900000, 0x00000000eda00000, 0x00000000eda00000|100%| E|CS|TAMS 0x00000000ed900000, 0x00000000ed900000| Complete 
| 218|0x00000000eda00000, 0x00000000edb00000, 0x00000000edb00000|100%| E|CS|TAMS 0x00000000eda00000, 0x00000000eda00000| Complete 
| 219|0x00000000edb00000, 0x00000000edc00000, 0x00000000edc00000|100%| E|CS|TAMS 0x00000000edb00000, 0x00000000edb00000| Complete 
| 220|0x00000000edc00000, 0x00000000edd00000, 0x00000000edd00000|100%| E|CS|TAMS 0x00000000edc00000, 0x00000000edc00000| Complete 
| 221|0x00000000edd00000, 0x00000000ede00000, 0x00000000ede00000|100%| E|CS|TAMS 0x00000000edd00000, 0x00000000edd00000| Complete 
| 222|0x00000000ede00000, 0x00000000edf00000, 0x00000000edf00000|100%| E|CS|TAMS 0x00000000ede00000, 0x00000000ede00000| Complete 
| 223|0x00000000edf00000, 0x00000000ee000000, 0x00000000ee000000|100%| E|CS|TAMS 0x00000000edf00000, 0x00000000edf00000| Complete 
| 224|0x00000000ee000000, 0x00000000ee100000, 0x00000000ee100000|100%| E|CS|TAMS 0x00000000ee000000, 0x00000000ee000000| Complete 
| 225|0x00000000ee100000, 0x00000000ee200000, 0x00000000ee200000|100%| E|CS|TAMS 0x00000000ee100000, 0x00000000ee100000| Complete 
| 226|0x00000000ee200000, 0x00000000ee300000, 0x00000000ee300000|100%| E|CS|TAMS 0x00000000ee200000, 0x00000000ee200000| Complete 
| 227|0x00000000ee300000, 0x00000000ee400000, 0x00000000ee400000|100%| E|CS|TAMS 0x00000000ee300000, 0x00000000ee300000| Complete 
| 228|0x00000000ee400000, 0x00000000ee500000, 0x00000000ee500000|100%| E|CS|TAMS 0x00000000ee400000, 0x00000000ee400000| Complete 
| 229|0x00000000ee500000, 0x00000000ee600000, 0x00000000ee600000|100%| E|CS|TAMS 0x00000000ee500000, 0x00000000ee500000| Complete 
| 230|0x00000000ee600000, 0x00000000ee700000, 0x00000000ee700000|100%| E|CS|TAMS 0x00000000ee600000, 0x00000000ee600000| Complete 
| 231|0x00000000ee700000, 0x00000000ee800000, 0x00000000ee800000|100%| E|CS|TAMS 0x00000000ee700000, 0x00000000ee700000| Complete 
| 232|0x00000000ee800000, 0x00000000ee900000, 0x00000000ee900000|100%| E|CS|TAMS 0x00000000ee800000, 0x00000000ee800000| Complete 
| 233|0x00000000ee900000, 0x00000000eea00000, 0x00000000eea00000|100%| E|CS|TAMS 0x00000000ee900000, 0x00000000ee900000| Complete 
| 234|0x00000000eea00000, 0x00000000eeb00000, 0x00000000eeb00000|100%| E|CS|TAMS 0x00000000eea00000, 0x00000000eea00000| Complete 
| 235|0x00000000eeb00000, 0x00000000eec00000, 0x00000000eec00000|100%| E|CS|TAMS 0x00000000eeb00000, 0x00000000eeb00000| Complete 
| 236|0x00000000eec00000, 0x00000000eed00000, 0x00000000eed00000|100%| E|CS|TAMS 0x00000000eec00000, 0x00000000eec00000| Complete 
| 237|0x00000000eed00000, 0x00000000eee00000, 0x00000000eee00000|100%| E|CS|TAMS 0x00000000eed00000, 0x00000000eed00000| Complete 
| 238|0x00000000eee00000, 0x00000000eef00000, 0x00000000eef00000|100%| E|CS|TAMS 0x00000000eee00000, 0x00000000eee00000| Complete 
| 239|0x00000000eef00000, 0x00000000ef000000, 0x00000000ef000000|100%| E|CS|TAMS 0x00000000eef00000, 0x00000000eef00000| Complete 
| 240|0x00000000ef000000, 0x00000000ef100000, 0x00000000ef100000|100%| E|CS|TAMS 0x00000000ef000000, 0x00000000ef000000| Complete 
| 241|0x00000000ef100000, 0x00000000ef200000, 0x00000000ef200000|100%| E|CS|TAMS 0x00000000ef100000, 0x00000000ef100000| Complete 
| 242|0x00000000ef200000, 0x00000000ef300000, 0x00000000ef300000|100%| E|CS|TAMS 0x00000000ef200000, 0x00000000ef200000| Complete 
| 243|0x00000000ef300000, 0x00000000ef400000, 0x00000000ef400000|100%| E|CS|TAMS 0x00000000ef300000, 0x00000000ef300000| Complete 
| 244|0x00000000ef400000, 0x00000000ef500000, 0x00000000ef500000|100%| E|CS|TAMS 0x00000000ef400000, 0x00000000ef400000| Complete 
| 245|0x00000000ef500000, 0x00000000ef600000, 0x00000000ef600000|100%| E|CS|TAMS 0x00000000ef500000, 0x00000000ef500000| Complete 
| 246|0x00000000ef600000, 0x00000000ef700000, 0x00000000ef700000|100%| E|CS|TAMS 0x00000000ef600000, 0x00000000ef600000| Complete 
| 247|0x00000000ef700000, 0x00000000ef800000, 0x00000000ef800000|100%| E|CS|TAMS 0x00000000ef700000, 0x00000000ef700000| Complete 
| 248|0x00000000ef800000, 0x00000000ef900000, 0x00000000ef900000|100%| E|CS|TAMS 0x00000000ef800000, 0x00000000ef800000| Complete 
| 249|0x00000000ef900000, 0x00000000efa00000, 0x00000000efa00000|100%| E|CS|TAMS 0x00000000ef900000, 0x00000000ef900000| Complete 
| 250|0x00000000efa00000, 0x00000000efb00000, 0x00000000efb00000|100%| E|CS|TAMS 0x00000000efa00000, 0x00000000efa00000| Complete 
| 251|0x00000000efb00000, 0x00000000efc00000, 0x00000000efc00000|100%| E|CS|TAMS 0x00000000efb00000, 0x00000000efb00000| Complete 
| 252|0x00000000efc00000, 0x00000000efd00000, 0x00000000efd00000|100%| E|CS|TAMS 0x00000000efc00000, 0x00000000efc00000| Complete 
| 253|0x00000000efd00000, 0x00000000efe00000, 0x00000000efe00000|100%| E|CS|TAMS 0x00000000efd00000, 0x00000000efd00000| Complete 
| 254|0x00000000efe00000, 0x00000000eff00000, 0x00000000eff00000|100%| E|CS|TAMS 0x00000000efe00000, 0x00000000efe00000| Complete 
| 255|0x00000000eff00000, 0x00000000f0000000, 0x00000000f0000000|100%| E|CS|TAMS 0x00000000eff00000, 0x00000000eff00000| Complete 

Card table byte_map: [0x0000016e2d540000,0x0000016e2d640000] _byte_map_base: 0x0000016e2ce40000

Marking Bits (Prev, Next): (CMBitMap*) 0x0000016e14987080, (CMBitMap*) 0x0000016e14987040
 Prev Bits: [0x0000016e2df40000, 0x0000016e2e740000)
 Next Bits: [0x0000016e2d740000, 0x0000016e2df40000)

Polling page: 0x0000016e14a20000

Metaspace:

Usage:
  Non-class:     22.85 MB used.
      Class:      4.00 MB used.
       Both:     26.85 MB used.

Virtual space:
  Non-class space:       64.00 MB reserved,      23.06 MB ( 36%) committed,  1 nodes.
      Class space:      320.00 MB reserved,       4.19 MB (  1%) committed,  1 nodes.
             Both:      384.00 MB reserved,      27.25 MB (  7%) committed. 

Chunk freelists:
   Non-Class:  8.86 MB
       Class:  11.84 MB
        Both:  20.70 MB

MaxMetaspaceSize: 384.00 MB
CompressedClassSpaceSize: 320.00 MB
Initial GC threshold: 21.00 MB
Current GC threshold: 35.31 MB
CDS: on
MetaspaceReclaimPolicy: balanced
 - commit_granule_bytes: 65536.
 - commit_granule_words: 8192.
 - virtual_space_node_default_size: 8388608.
 - enlarge_chunks_in_place: 1.
 - new_chunks_are_fully_committed: 0.
 - uncommit_free_chunks: 1.
 - use_allocation_guard: 0.
 - handle_deallocations: 1.


Internal statistics:

num_allocs_failed_limit: 3.
num_arena_births: 354.
num_arena_deaths: 0.
num_vsnodes_births: 2.
num_vsnodes_deaths: 0.
num_space_committed: 436.
num_space_uncommitted: 0.
num_chunks_returned_to_freelist: 3.
num_chunks_taken_from_freelist: 1430.
num_chunk_merges: 3.
num_chunk_splits: 927.
num_chunks_enlarged: 643.
num_purges: 0.
num_inconsistent_stats: 0.

CodeHeap 'non-profiled nmethods': size=120000Kb used=2065Kb max_used=2065Kb free=117934Kb
 bounds [0x0000016e25490000, 0x0000016e25700000, 0x0000016e2c9c0000]
CodeHeap 'profiled nmethods': size=120000Kb used=7417Kb max_used=7417Kb free=112583Kb
 bounds [0x0000016e1d9c0000, 0x0000016e1e100000, 0x0000016e24ef0000]
CodeHeap 'non-nmethods': size=5760Kb used=1251Kb max_used=1308Kb free=4508Kb
 bounds [0x0000016e24ef0000, 0x0000016e25160000, 0x0000016e25490000]
 total_blobs=4177 nmethods=3614 adapters=475
 compilation: enabled
              stopped_count=0, restarted_count=0
 full_count=0

Compilation events (20 events):
Event: 103.098 Thread 0x0000016e311a5460 nmethod 3629 0x0000016e1e0f8090 code [0x0000016e1e0f8220, 0x0000016e1e0f8368]
Event: 103.098 Thread 0x0000016e311a5460 3630       3       org.gradle.internal.logging.slf4j.BuildOperationAwareLogger::debug (19 bytes)
Event: 103.098 Thread 0x0000016e311a5460 nmethod 3630 0x0000016e1e0f8410 code [0x0000016e1e0f85e0, 0x0000016e1e0f8938]
Event: 103.098 Thread 0x0000016e311a5460 3631       3       java.nio.MappedByteBuffer::rewind (5 bytes)
Event: 103.099 Thread 0x0000016e311a5460 nmethod 3631 0x0000016e1e0f8a90 code [0x0000016e1e0f8c40, 0x0000016e1e0f8e78]
Event: 103.099 Thread 0x0000016e311a5460 3632       3       java.nio.MappedByteBuffer::rewind (7 bytes)
Event: 103.099 Thread 0x0000016e311a5460 nmethod 3632 0x0000016e1e0f8f90 code [0x0000016e1e0f9140, 0x0000016e1e0f9318]
Event: 103.139 Thread 0x0000016e311a5460 3633   !   3       org.gradle.cache.internal.locklistener.DefaultFileLockContentionHandler::maybePingOwner (149 bytes)
Event: 103.142 Thread 0x0000016e311a5460 nmethod 3633 0x0000016e1e0f9410 code [0x0000016e1e0f97c0, 0x0000016e1e0fb5f8]
Event: 104.541 Thread 0x0000016e311a5460 3634       3       java.util.stream.ReferencePipeline::filter (22 bytes)
Event: 104.542 Thread 0x0000016e311a5460 nmethod 3634 0x0000016e1e0fc090 code [0x0000016e1e0fc280, 0x0000016e1e0fc7b8]
Event: 104.542 Thread 0x0000016e311a5460 3635       3       java.util.stream.ReferencePipeline$2::<init> (20 bytes)
Event: 104.542 Thread 0x0000016e311a5460 nmethod 3635 0x0000016e1e0fca10 code [0x0000016e1e0fcbc0, 0x0000016e1e0fcea8]
Event: 104.542 Thread 0x0000016e311a5460 3636       3       java.util.stream.ReferencePipeline$2::opWrapSink (10 bytes)
Event: 104.542 Thread 0x0000016e311a5460 nmethod 3636 0x0000016e1e0fd010 code [0x0000016e1e0fd200, 0x0000016e1e0fd7c8]
Event: 105.613 Thread 0x0000016e311a5460 3637       3       org.gradle.cache.internal.filelock.LockInfoSerializer::read (50 bytes)
Event: 105.613 Thread 0x0000016e311a5460 nmethod 3637 0x0000016e1e0fd990 code [0x0000016e1e0fdba0, 0x0000016e1e0fe298]
Event: 111.544 Thread 0x0000016e311a5460 3638       1       org.gradle.internal.concurrent.AbstractManagedExecutor::access$100 (5 bytes)
Event: 111.544 Thread 0x0000016e311a5460 nmethod 3638 0x0000016e25694210 code [0x0000016e256943a0, 0x0000016e25694458]
Event: 114.543 Thread 0x0000016e311a29b0 3639       4       javax.management.ObjectName::construct (1135 bytes)

GC Heap History (8 events):
Event: 6.918 GC heap before
{Heap before GC invocations=0 (full 0):
 garbage-first heap   total 262144K, used 22528K [0x00000000e0000000, 0x0000000100000000)
  region size 1024K, 23 young (23552K), 0 survivors (0K)
 Metaspace       used 1091K, committed 1216K, reserved 393216K
  class space    used 73K, committed 128K, reserved 327680K
}
Event: 7.443 GC heap after
{Heap after GC invocations=1 (full 0):
 garbage-first heap   total 262144K, used 4879K [0x00000000e0000000, 0x0000000100000000)
  region size 1024K, 3 young (3072K), 3 survivors (3072K)
 Metaspace       used 1091K, committed 1216K, reserved 393216K
  class space    used 73K, committed 128K, reserved 327680K
}
Event: 12.247 GC heap before
{Heap before GC invocations=1 (full 0):
 garbage-first heap   total 262144K, used 39695K [0x00000000e0000000, 0x0000000100000000)
  region size 1024K, 34 young (34816K), 3 survivors (3072K)
 Metaspace       used 4333K, committed 4544K, reserved 393216K
  class space    used 541K, committed 640K, reserved 327680K
}
Event: 12.289 GC heap after
{Heap after GC invocations=2 (full 0):
 garbage-first heap   total 262144K, used 11972K [0x00000000e0000000, 0x0000000100000000)
  region size 1024K, 3 young (3072K), 3 survivors (3072K)
 Metaspace       used 4333K, committed 4544K, reserved 393216K
  class space    used 541K, committed 640K, reserved 327680K
}
Event: 15.259 GC heap before
{Heap before GC invocations=2 (full 0):
 garbage-first heap   total 262144K, used 59076K [0x00000000e0000000, 0x0000000100000000)
  region size 1024K, 47 young (48128K), 3 survivors (3072K)
 Metaspace       used 4918K, committed 5184K, reserved 393216K
  class space    used 637K, committed 768K, reserved 327680K
}
Event: 15.264 GC heap after
{Heap after GC invocations=3 (full 0):
 garbage-first heap   total 262144K, used 17386K [0x00000000e0000000, 0x0000000100000000)
  region size 1024K, 6 young (6144K), 6 survivors (6144K)
 Metaspace       used 4918K, committed 5184K, reserved 393216K
  class space    used 637K, committed 768K, reserved 327680K
}
Event: 52.512 GC heap before
{Heap before GC invocations=3 (full 0):
 garbage-first heap   total 262144K, used 122858K [0x00000000e0000000, 0x0000000100000000)
  region size 1024K, 110 young (112640K), 6 survivors (6144K)
 Metaspace       used 21181K, committed 21504K, reserved 393216K
  class space    used 3085K, committed 3264K, reserved 327680K
}
Event: 52.543 GC heap after
{Heap after GC invocations=4 (full 0):
 garbage-first heap   total 262144K, used 24804K [0x00000000e0000000, 0x0000000100000000)
  region size 1024K, 14 young (14336K), 14 survivors (14336K)
 Metaspace       used 21181K, committed 21504K, reserved 393216K
  class space    used 3085K, committed 3264K, reserved 327680K
}

Deoptimization events (20 events):
Event: 53.367 Thread 0x0000016e31659ff0 Uncommon trap: trap_request=0xffffff76 fr.pc=0x0000016e25612918 relative=0x0000000000000178
Event: 53.367 Thread 0x0000016e31659ff0 Uncommon trap: reason=predicate action=maybe_recompile pc=0x0000016e25612918 method=com.google.common.base.CharMatcher.indexIn(Ljava/lang/CharSequence;I)I @ 19 c2
Event: 53.367 Thread 0x0000016e31659ff0 DEOPT PACKING pc=0x0000016e25612918 sp=0x0000001bc8afa550
Event: 53.367 Thread 0x0000016e31659ff0 DEOPT UNPACKING pc=0x0000016e24f423a3 sp=0x0000001bc8afa4e0 mode 2
Event: 63.955 Thread 0x0000016e31659ff0 Uncommon trap: trap_request=0xffffff45 fr.pc=0x0000016e2551eea0 relative=0x00000000000005e0
Event: 63.955 Thread 0x0000016e31659ff0 Uncommon trap: reason=unstable_if action=reinterpret pc=0x0000016e2551eea0 method=java.util.HashMap.hash(Ljava/lang/Object;)I @ 1 c2
Event: 63.955 Thread 0x0000016e31659ff0 DEOPT PACKING pc=0x0000016e2551eea0 sp=0x0000001bc8af7f90
Event: 63.955 Thread 0x0000016e31659ff0 DEOPT UNPACKING pc=0x0000016e24f423a3 sp=0x0000001bc8af7e38 mode 2
Event: 68.059 Thread 0x0000016e31659ff0 Uncommon trap: trap_request=0xffffffde fr.pc=0x0000016e2564a8b4 relative=0x0000000000000174
Event: 68.059 Thread 0x0000016e31659ff0 Uncommon trap: reason=class_check action=maybe_recompile pc=0x0000016e2564a8b4 method=java.util.regex.Pattern$BmpCharProperty.match(Ljava/util/regex/Matcher;ILjava/lang/CharSequence;)Z @ 19 c2
Event: 68.059 Thread 0x0000016e31659ff0 DEOPT PACKING pc=0x0000016e2564a8b4 sp=0x0000001bc8af8a30
Event: 68.059 Thread 0x0000016e31659ff0 DEOPT UNPACKING pc=0x0000016e24f423a3 sp=0x0000001bc8af89c8 mode 2
Event: 68.060 Thread 0x0000016e31659ff0 Uncommon trap: trap_request=0xffffffde fr.pc=0x0000016e2564a8b4 relative=0x0000000000000174
Event: 68.060 Thread 0x0000016e31659ff0 Uncommon trap: reason=class_check action=maybe_recompile pc=0x0000016e2564a8b4 method=java.util.regex.Pattern$BmpCharProperty.match(Ljava/util/regex/Matcher;ILjava/lang/CharSequence;)Z @ 19 c2
Event: 68.060 Thread 0x0000016e31659ff0 DEOPT PACKING pc=0x0000016e2564a8b4 sp=0x0000001bc8af8a30
Event: 68.060 Thread 0x0000016e31659ff0 DEOPT UNPACKING pc=0x0000016e24f423a3 sp=0x0000001bc8af89c8 mode 2
Event: 68.793 Thread 0x0000016e31659ff0 Uncommon trap: trap_request=0xffffff54 fr.pc=0x0000016e25560608 relative=0x0000000000000c48
Event: 68.793 Thread 0x0000016e31659ff0 Uncommon trap: reason=speculate_null_assert action=make_not_entrant pc=0x0000016e25560608 method=jdk.internal.loader.URLClassPath$JarLoader.getResource(Ljava/lang/String;ZLjava/util/Set;)Ljdk/internal/loader/Resource; @ 17 c2
Event: 68.793 Thread 0x0000016e31659ff0 DEOPT PACKING pc=0x0000016e25560608 sp=0x0000001bc8af65e0
Event: 68.793 Thread 0x0000016e31659ff0 DEOPT UNPACKING pc=0x0000016e24f423a3 sp=0x0000001bc8af6578 mode 2

Classes unloaded (0 events):
No events

Classes redefined (0 events):
No events

Internal exceptions (20 events):
Event: 51.573 Thread 0x0000016e31659ff0 Exception <a 'java/lang/NoSuchMethodError'{0x00000000e951bfa0}: 'java.lang.Object java.lang.invoke.DirectMethodHandle$Holder.invokeSpecial(java.lang.Object, java.lang.Object, java.lang.Object, java.lang.Object, java.lang.Object, java.lang.Object, java.lang.Object, java.lang.Object, java.lang.Object)'> (0x00000000e951bfa0) 
thrown [s\open\src\hotspot\share\interpreter\linkResolver.cpp, line 759]
Event: 51.574 Thread 0x0000016e31659ff0 Exception <a 'java/lang/NoSuchMethodError'{0x00000000e9521350}: 'java.lang.Object java.lang.invoke.Invokers$Holder.linkToTargetMethod(java.lang.Object, java.lang.Object, java.lang.Object, java.lang.Object, java.lang.Object, java.lang.Object, java.lang.Object, java.lang.Object)'> (0x00000000e9521350) 
thrown [s\open\src\hotspot\share\interpreter\linkResolver.cpp, line 759]
Event: 51.717 Thread 0x0000016e31659ff0 Exception <a 'java/lang/NoSuchMethodError'{0x00000000e956c918}: 'void java.lang.invoke.DirectMethodHandle$Holder.invokeStatic(java.lang.Object, java.lang.Object, java.lang.Object, java.lang.Object)'> (0x00000000e956c918) 
thrown [s\open\src\hotspot\share\interpreter\linkResolver.cpp, line 759]
Event: 54.167 Thread 0x0000016e31659ff0 Exception <a 'java/lang/NoSuchMethodError'{0x00000000ef904bd8}: 'int java.lang.invoke.DirectMethodHandle$Holder.invokeVirtual(java.lang.Object, java.lang.Object)'> (0x00000000ef904bd8) 
thrown [s\open\src\hotspot\share\interpreter\linkResolver.cpp, line 759]
Event: 56.054 Thread 0x0000016e31659ff0 Exception <a 'java/lang/NoSuchMethodError'{0x00000000ef6d3f50}: 'void java.lang.invoke.DirectMethodHandle$Holder.invokeStatic(java.lang.Object, java.lang.Object, java.lang.Object, java.lang.Object, java.lang.Object, java.lang.Object, java.lang.Object)'> (0x00000000ef6d3f50) 
thrown [s\open\src\hotspot\share\interpreter\linkResolver.cpp, line 759]
Event: 60.388 Thread 0x0000016e31659ff0 Exception <a 'java/lang/NoSuchMethodError'{0x00000000eeff9bb0}: 'java.lang.Object java.lang.invoke.DirectMethodHandle$Holder.newInvokeSpecial(java.lang.Object, java.lang.Object, int, int)'> (0x00000000eeff9bb0) 
thrown [s\open\src\hotspot\share\interpreter\linkResolver.cpp, line 759]
Event: 62.439 Thread 0x0000016e31659ff0 Exception <a 'java/lang/NoSuchMethodError'{0x00000000ee849a68}: 'java.lang.Object java.lang.invoke.DirectMethodHandle$Holder.invokeSpecialIFC(java.lang.Object, java.lang.Object, java.lang.Object, java.lang.Object)'> (0x00000000ee849a68) 
thrown [s\open\src\hotspot\share\interpreter\linkResolver.cpp, line 759]
Event: 62.450 Thread 0x0000016e31659ff0 Exception <a 'java/lang/NoSuchMethodError'{0x00000000ee898e78}: 'java.lang.Object java.lang.invoke.DirectMethodHandle$Holder.newInvokeSpecial(java.lang.Object, java.lang.Object, java.lang.Object, java.lang.Object, java.lang.Object, java.lang.Object, java.lang.Object, java.lang.Object, java.lang.Object, java.lang.Object)'> (0x00000000ee898e78) 
thrown [s\open\src\hotspot\share\interpreter\linkResolver.cpp, line 759]
Event: 62.450 Thread 0x0000016e31659ff0 Exception <a 'java/lang/NoSuchMethodError'{0x00000000ee89dd60}: 'java.lang.Object java.lang.invoke.Invokers$Holder.linkToTargetMethod(java.lang.Object, java.lang.Object, java.lang.Object, java.lang.Object, java.lang.Object, java.lang.Object, java.lang.Object, java.lang.Object, java.lang.Object, java.lang.Object)'> (0x00000000ee89dd60) 
thrown [s\open\src\hotspot\share\interpreter\linkResolver.cpp, line 759]
Event: 63.955 Thread 0x0000016e31659ff0 Implicit null exception at 0x0000016e2551e90f to 0x0000016e2551ee80
Event: 66.633 Thread 0x0000016e31659ff0 Exception <a 'java/lang/NoSuchMethodError'{0x00000000eddfab28}: 'void java.lang.invoke.DirectMethodHandle$Holder.invokeStaticInit(java.lang.Object, java.lang.Object, java.lang.Object, java.lang.Object)'> (0x00000000eddfab28) 
thrown [s\open\src\hotspot\share\interpreter\linkResolver.cpp, line 759]
Event: 67.331 Thread 0x0000016e31659ff0 Exception <a 'java/lang/NoSuchMethodError'{0x00000000edbe9550}: 'java.lang.Object java.lang.invoke.DirectMethodHandle$Holder.invokeStaticInit(java.lang.Object, java.lang.Object, java.lang.Object)'> (0x00000000edbe9550) 
thrown [s\open\src\hotspot\share\interpreter\linkResolver.cpp, line 759]
Event: 67.555 Thread 0x0000016e31659ff0 Exception <a 'java/lang/NoSuchMethodError'{0x00000000ed930b08}: 'java.lang.Object java.lang.invoke.DirectMethodHandle$Holder.newInvokeSpecial(java.lang.Object, java.lang.Object, java.lang.Object, java.lang.Object, java.lang.Object, java.lang.Object, java.lang.Object, java.lang.Object, java.lang.Object, java.lang.Object, java.lang.Object)'> (0x00000000ed930b08) 
thrown [s\open\src\hotspot\share\interpreter\linkResolver.cpp, line 759]
Event: 67.556 Thread 0x0000016e31659ff0 Exception <a 'java/lang/NoSuchMethodError'{0x00000000ed936640}: 'java.lang.Object java.lang.invoke.DirectMethodHandle$Holder.invokeSpecial(java.lang.Object, java.lang.Object, java.lang.Object, java.lang.Object, java.lang.Object, java.lang.Object, java.lang.Object, java.lang.Object, java.lang.Object, java.lang.Object, java.lang.Object, java.lang.Object)'> (0x00000000ed936640) 
thrown [s\open\src\hotspot\share\interpreter\linkResolver.cpp, line 759]
Event: 67.556 Thread 0x0000016e31659ff0 Exception <a 'java/lang/NoSuchMethodError'{0x00000000ed93bcd8}: 'java.lang.Object java.lang.invoke.Invokers$Holder.linkToTargetMethod(java.lang.Object, java.lang.Object, java.lang.Object, java.lang.Object, java.lang.Object, java.lang.Object, java.lang.Object, java.lang.Object, java.lang.Object, java.lang.Object, java.lang.Object)'> (0x00000000ed93bcd8) 
thrown [s\open\src\hotspot\share\interpreter\linkResolver.cpp, line 759]
Event: 68.829 Thread 0x0000016e31659ff0 Exception <a 'java/lang/IncompatibleClassChangeError'{0x00000000ed254530}: Found class java.lang.Object, but interface was expected> (0x00000000ed254530) 
thrown [s\open\src\hotspot\share\interpreter\linkResolver.cpp, line 826]
Event: 70.226 Thread 0x0000016e31659ff0 Exception <a 'java/lang/NoSuchMethodError'{0x00000000ed164680}: 'java.lang.Object java.lang.invoke.DirectMethodHandle$Holder.newInvokeSpecial(java.lang.Object, java.lang.Object, long)'> (0x00000000ed164680) 
thrown [s\open\src\hotspot\share\interpreter\linkResolver.cpp, line 759]
Event: 70.227 Thread 0x0000016e31659ff0 Exception <a 'java/lang/NoSuchMethodError'{0x00000000ed168c90}: 'java.lang.Object java.lang.invoke.Invokers$Holder.linkToTargetMethod(java.lang.Object, long, java.lang.Object)'> (0x00000000ed168c90) 
thrown [s\open\src\hotspot\share\interpreter\linkResolver.cpp, line 759]
Event: 70.751 Thread 0x0000016e31659ff0 Exception <a 'java/lang/NoSuchMethodError'{0x00000000ece071a0}: 'int java.lang.invoke.DirectMethodHandle$Holder.invokeInterface(java.lang.Object, java.lang.Object)'> (0x00000000ece071a0) 
thrown [s\open\src\hotspot\share\interpreter\linkResolver.cpp, line 759]
Event: 70.786 Thread 0x0000016e31659ff0 Exception <a 'java/lang/NoSuchMethodError'{0x00000000ece70b40}: 'java.lang.Object java.lang.invoke.DirectMethodHandle$Holder.invokeVirtual(java.lang.Object, java.lang.Object, int)'> (0x00000000ece70b40) 
thrown [s\open\src\hotspot\share\interpreter\linkResolver.cpp, line 759]

VM Operations (20 events):
Event: 79.628 Executing VM operation: Cleanup
Event: 79.629 Executing VM operation: Cleanup done
Event: 82.652 Executing VM operation: Cleanup
Event: 82.652 Executing VM operation: Cleanup done
Event: 83.663 Executing VM operation: Cleanup
Event: 83.663 Executing VM operation: Cleanup done
Event: 84.672 Executing VM operation: Cleanup
Event: 84.672 Executing VM operation: Cleanup done
Event: 85.682 Executing VM operation: Cleanup
Event: 85.682 Executing VM operation: Cleanup done
Event: 88.702 Executing VM operation: Cleanup
Event: 88.703 Executing VM operation: Cleanup done
Event: 92.741 Executing VM operation: Cleanup
Event: 92.742 Executing VM operation: Cleanup done
Event: 96.764 Executing VM operation: Cleanup
Event: 96.764 Executing VM operation: Cleanup done
Event: 103.839 Executing VM operation: Cleanup
Event: 103.839 Executing VM operation: Cleanup done
Event: 104.853 Executing VM operation: Cleanup
Event: 104.853 Executing VM operation: Cleanup done

Events (20 events):
Event: 68.798 loading class java/math/MutableBigInteger
Event: 68.799 loading class java/math/MutableBigInteger done
Event: 68.857 loading class sun/nio/fs/WindowsPath$1
Event: 68.858 loading class sun/nio/fs/WindowsPath$1 done
Event: 70.365 loading class java/nio/file/FileTreeWalker
Event: 70.366 loading class java/nio/file/FileTreeWalker done
Event: 70.366 loading class java/nio/file/FileTreeWalker$DirectoryNode
Event: 70.367 loading class java/nio/file/FileTreeWalker$DirectoryNode done
Event: 70.367 loading class java/nio/file/FileTreeWalker$Event
Event: 70.367 loading class java/nio/file/FileTreeWalker$Event done
Event: 70.367 loading class java/nio/file/FileTreeWalker$EventType
Event: 70.368 loading class java/nio/file/FileTreeWalker$EventType done
Event: 70.368 loading class java/nio/file/Files$3
Event: 70.368 loading class java/nio/file/Files$3 done
Event: 70.370 loading class java/nio/file/FileVisitResult
Event: 70.370 loading class java/nio/file/FileVisitResult done
Event: 70.560 loading class java/nio/charset/CharacterCodingException
Event: 70.560 loading class java/nio/charset/CharacterCodingException done
Event: 70.790 loading class java/util/stream/Streams$RangeIntSpliterator
Event: 70.790 loading class java/util/stream/Streams$RangeIntSpliterator done


Dynamic libraries:
0x00007ff6471f0000 - 0x00007ff647200000 	T:\ToolJava\jdk-17.0.8\bin\java.exe
0x00007ff9269f0000 - 0x00007ff926c07000 	C:\WINDOWS\SYSTEM32\ntdll.dll
0x00007ff924f30000 - 0x00007ff924ff4000 	C:\WINDOWS\System32\KERNEL32.DLL
0x00007ff923fc0000 - 0x00007ff924377000 	C:\WINDOWS\System32\KERNELBASE.dll
0x00007ff924380000 - 0x00007ff924491000 	C:\WINDOWS\System32\ucrtbase.dll
0x00007ff909eb0000 - 0x00007ff909ec9000 	T:\ToolJava\jdk-17.0.8\bin\jli.dll
0x00007ff924a80000 - 0x00007ff924b32000 	C:\WINDOWS\System32\ADVAPI32.dll
0x00007ff924ca0000 - 0x00007ff924d47000 	C:\WINDOWS\System32\msvcrt.dll
0x00007ff925d00000 - 0x00007ff925da8000 	C:\WINDOWS\System32\sechost.dll
0x00007ff923d00000 - 0x00007ff923d28000 	C:\WINDOWS\System32\bcrypt.dll
0x00007ff925340000 - 0x00007ff925454000 	C:\WINDOWS\System32\RPCRT4.dll
0x00007ff9248b0000 - 0x00007ff924a5f000 	C:\WINDOWS\System32\USER32.dll
0x00007ff9246f0000 - 0x00007ff924716000 	C:\WINDOWS\System32\win32u.dll
0x00007ff925cd0000 - 0x00007ff925cf9000 	C:\WINDOWS\System32\GDI32.dll
0x00007ff9244a0000 - 0x00007ff9245b8000 	C:\WINDOWS\System32\gdi32full.dll
0x00007ff923db0000 - 0x00007ff923e4a000 	C:\WINDOWS\System32\msvcp_win.dll
0x00007ff908070000 - 0x00007ff90808b000 	T:\ToolJava\jdk-17.0.8\bin\VCRUNTIME140.dll
0x00007ff9073c0000 - 0x00007ff907653000 	C:\WINDOWS\WinSxS\amd64_microsoft.windows.common-controls_6595b64144ccf1df_6.0.22621.3672_none_2713b9d173822955\COMCTL32.dll
0x00007ff91ae00000 - 0x00007ff91ae0a000 	C:\WINDOWS\SYSTEM32\VERSION.dll
0x00007ff926220000 - 0x00007ff926251000 	C:\WINDOWS\System32\IMM32.DLL
0x00007ff9203d0000 - 0x00007ff9203dc000 	T:\ToolJava\jdk-17.0.8\bin\vcruntime140_1.dll
0x00007ff8d8c70000 - 0x00007ff8d8cfe000 	T:\ToolJava\jdk-17.0.8\bin\msvcp140.dll
0x00007ff8b4560000 - 0x00007ff8b513e000 	T:\ToolJava\jdk-17.0.8\bin\server\jvm.dll
0x00007ff926920000 - 0x00007ff926928000 	C:\WINDOWS\System32\PSAPI.DLL
0x00007ff909a20000 - 0x00007ff909a29000 	C:\WINDOWS\SYSTEM32\WSOCK32.dll
0x00007ff924830000 - 0x00007ff9248a1000 	C:\WINDOWS\System32\WS2_32.dll
0x00007ff91d020000 - 0x00007ff91d054000 	C:\WINDOWS\SYSTEM32\WINMM.dll
0x00007ff922d10000 - 0x00007ff922d28000 	C:\WINDOWS\SYSTEM32\kernel.appcore.dll
0x00007ff91de70000 - 0x00007ff91de7a000 	T:\ToolJava\jdk-17.0.8\bin\jimage.dll
0x00007ff921550000 - 0x00007ff921782000 	C:\WINDOWS\SYSTEM32\DBGHELP.DLL
0x00007ff925db0000 - 0x00007ff92613e000 	C:\WINDOWS\System32\combase.dll
0x00007ff925260000 - 0x00007ff925337000 	C:\WINDOWS\System32\OLEAUT32.dll
0x00007ff8f3cd0000 - 0x00007ff8f3d02000 	C:\WINDOWS\SYSTEM32\dbgcore.DLL
0x00007ff923d30000 - 0x00007ff923dab000 	C:\WINDOWS\System32\bcryptPrimitives.dll
0x00007ff90aba0000 - 0x00007ff90abae000 	T:\ToolJava\jdk-17.0.8\bin\instrument.dll
0x00007ff908040000 - 0x00007ff908065000 	T:\ToolJava\jdk-17.0.8\bin\java.dll
0x00007ff8d8b90000 - 0x00007ff8d8c67000 	T:\ToolJava\jdk-17.0.8\bin\jsvml.dll
0x00007ff925460000 - 0x00007ff925cc9000 	C:\WINDOWS\System32\SHELL32.dll
0x00007ff921c20000 - 0x00007ff92251f000 	C:\WINDOWS\SYSTEM32\windows.storage.dll
0x00007ff921ae0000 - 0x00007ff921c1f000 	C:\WINDOWS\SYSTEM32\wintypes.dll
0x00007ff924730000 - 0x00007ff924829000 	C:\WINDOWS\System32\SHCORE.dll
0x00007ff926930000 - 0x00007ff92698e000 	C:\WINDOWS\System32\shlwapi.dll
0x00007ff923c30000 - 0x00007ff923c57000 	C:\WINDOWS\SYSTEM32\profapi.dll
0x00007ff9071b0000 - 0x00007ff9071c8000 	T:\ToolJava\jdk-17.0.8\bin\zip.dll
0x00007ff907160000 - 0x00007ff907179000 	T:\ToolJava\jdk-17.0.8\bin\net.dll
0x00007ff91f940000 - 0x00007ff91fa76000 	C:\WINDOWS\SYSTEM32\WINHTTP.dll
0x00007ff923180000 - 0x00007ff9231e9000 	C:\WINDOWS\system32\mswsock.dll
0x00007ff906bc0000 - 0x00007ff906bd6000 	T:\ToolJava\jdk-17.0.8\bin\nio.dll
0x00007ff90a3c0000 - 0x00007ff90a3d0000 	T:\ToolJava\jdk-17.0.8\bin\verify.dll
0x00007ff908420000 - 0x00007ff908447000 	T:\ToolJava\gradle-8.8\native\c067742578af261105cb4f569cf0c3c89f3d7b1fecec35dd04571415982c5e48\windows-amd64\native-platform.dll
0x00007ff8d7ec0000 - 0x00007ff8d8004000 	T:\ToolJava\gradle-8.8\native\100fb08df4bc3b14c8652ba06237920a3bd2aa13389f12d3474272988ae205f9\windows-amd64\native-platform-file-events.dll
0x00007ff90a1f0000 - 0x00007ff90a1fa000 	T:\ToolJava\jdk-17.0.8\bin\management.dll
0x00007ff909a30000 - 0x00007ff909a3b000 	T:\ToolJava\jdk-17.0.8\bin\management_ext.dll
0x00007ff9233c0000 - 0x00007ff9233db000 	C:\WINDOWS\SYSTEM32\CRYPTSP.dll
0x00007ff922c70000 - 0x00007ff922ca5000 	C:\WINDOWS\system32\rsaenh.dll
0x00007ff923240000 - 0x00007ff923268000 	C:\WINDOWS\SYSTEM32\USERENV.dll
0x00007ff9233b0000 - 0x00007ff9233bc000 	C:\WINDOWS\SYSTEM32\CRYPTBASE.dll
0x00007ff922780000 - 0x00007ff9227ad000 	C:\WINDOWS\SYSTEM32\IPHLPAPI.DLL
0x00007ff924720000 - 0x00007ff924729000 	C:\WINDOWS\System32\NSI.dll
0x00007ff91f920000 - 0x00007ff91f939000 	C:\WINDOWS\SYSTEM32\dhcpcsvc6.DLL
0x00007ff91f900000 - 0x00007ff91f91f000 	C:\WINDOWS\SYSTEM32\dhcpcsvc.DLL
0x00007ff9227f0000 - 0x00007ff9228f2000 	C:\WINDOWS\SYSTEM32\DNSAPI.dll
0x00007ff9089d0000 - 0x00007ff9089de000 	T:\ToolJava\jdk-17.0.8\bin\sunmscapi.dll
0x00007ff923e50000 - 0x00007ff923fb6000 	C:\WINDOWS\System32\CRYPT32.dll
0x00007ff9235d0000 - 0x00007ff9235fd000 	C:\WINDOWS\SYSTEM32\ncrypt.dll
0x00007ff923590000 - 0x00007ff9235c7000 	C:\WINDOWS\SYSTEM32\NTASN1.dll
0x00007ff909a10000 - 0x00007ff909a18000 	C:\WINDOWS\system32\wshunix.dll

dbghelp: loaded successfully - version: 4.0.5 - missing functions: none
symbol engine: initialized successfully - sym options: 0x614 - pdb path: .;T:\ToolJava\jdk-17.0.8\bin;C:\WINDOWS\SYSTEM32;C:\WINDOWS\WinSxS\amd64_microsoft.windows.common-controls_6595b64144ccf1df_6.0.22621.3672_none_2713b9d173822955;T:\ToolJava\jdk-17.0.8\bin\server;T:\ToolJava\gradle-8.8\native\c067742578af261105cb4f569cf0c3c89f3d7b1fecec35dd04571415982c5e48\windows-amd64;T:\ToolJava\gradle-8.8\native\100fb08df4bc3b14c8652ba06237920a3bd2aa13389f12d3474272988ae205f9\windows-amd64

VM Arguments:
jvm_args: --add-opens=java.base/java.util=ALL-UNNAMED --add-opens=java.base/java.lang=ALL-UNNAMED --add-opens=java.base/java.lang.invoke=ALL-UNNAMED --add-opens=java.prefs/java.util.prefs=ALL-UNNAMED --add-exports=jdk.compiler/com.sun.tools.javac.api=ALL-UNNAMED --add-exports=jdk.compiler/com.sun.tools.javac.util=ALL-UNNAMED --add-opens=java.base/java.nio.charset=ALL-UNNAMED --add-opens=java.base/java.net=ALL-UNNAMED --add-opens=java.base/java.util.concurrent.atomic=ALL-UNNAMED -XX:MaxMetaspaceSize=384m -XX:+HeapDumpOnOutOfMemoryError -Xms256m -Xmx512m -Dfile.encoding=UTF-8 -Duser.country=US -Duser.language=en -Duser.variant -javaagent:T:\ToolJava\gradle-8.8\wrapper\dists\gradle-8.10.2-bin\a04bxjujx95o3nb99gddekhwo\gradle-8.10.2\lib\agents\gradle-instrumentation-agent-8.10.2.jar 
java_command: org.gradle.launcher.daemon.bootstrap.GradleDaemon 8.10.2
java_class_path (initial): T:\ToolJava\gradle-8.8\wrapper\dists\gradle-8.10.2-bin\a04bxjujx95o3nb99gddekhwo\gradle-8.10.2\lib\gradle-daemon-main-8.10.2.jar
Launcher Type: SUN_STANDARD

[Global flags]
     intx CICompilerCount                          = 4                                         {product} {ergonomic}
   size_t CompressedClassSpaceSize                 = 335544320                                 {product} {ergonomic}
     uint ConcGCThreads                            = 2                                         {product} {ergonomic}
     uint G1ConcRefinementThreads                  = 8                                         {product} {ergonomic}
   size_t G1HeapRegionSize                         = 1048576                                   {product} {ergonomic}
    uintx GCDrainStackTargetSize                   = 64                                        {product} {ergonomic}
     bool HeapDumpOnOutOfMemoryError               = true                                   {manageable} {command line}
   size_t InitialHeapSize                          = 268435456                                 {product} {command line}
   size_t MarkStackSize                            = 4194304                                   {product} {ergonomic}
   size_t MaxHeapSize                              = 536870912                                 {product} {command line}
   size_t MaxMetaspaceSize                         = 402653184                                 {product} {command line}
   size_t MaxNewSize                               = 321912832                                 {product} {ergonomic}
   size_t MinHeapDeltaBytes                        = 1048576                                   {product} {ergonomic}
   size_t MinHeapSize                              = 268435456                                 {product} {command line}
    uintx NonNMethodCodeHeapSize                   = 5839372                                {pd product} {ergonomic}
    uintx NonProfiledCodeHeapSize                  = 122909434                              {pd product} {ergonomic}
    uintx ProfiledCodeHeapSize                     = 122909434                              {pd product} {ergonomic}
    uintx ReservedCodeCacheSize                    = 251658240                              {pd product} {ergonomic}
     bool SegmentedCodeCache                       = true                                      {product} {ergonomic}
   size_t SoftMaxHeapSize                          = 536870912                              {manageable} {ergonomic}
     bool UseCompressedClassPointers               = true                           {product lp64_product} {ergonomic}
     bool UseCompressedOops                        = true                           {product lp64_product} {ergonomic}
     bool UseG1GC                                  = true                                      {product} {ergonomic}
     bool UseLargePagesIndividualAllocation        = false                                  {pd product} {ergonomic}

Logging:
Log output configuration:
 #0: stdout all=warning uptime,level,tags
 #1: stderr all=off uptime,level,tags

Environment Variables:
JAVA_HOME=T:\ToolJava\jdk-17.0.8
PATH=C:\WINDOWS\system32;C:\WINDOWS;C:\WINDOWS\System32\Wbem;C:\WINDOWS\System32\WindowsPowerShell\v1.0\;C:\WINDOWS\System32\OpenSSH\;C:\Program Files\MongoDB\Server\tools\bin;C:\Program Files\MongoDB\Server\5.0\bin;C:\Program Files (x86)\Microsoft SQL Server\150\DTS\Binn\;C:\Program Files\Microsoft SQL Server\Client SDK\ODBC\170\Tools\Binn\;C:\Program Files (x86)\Microsoft SQL Server\150\Tools\Binn\;C:\Program Files\Microsoft SQL Server\150\Tools\Binn\;C:\Program Files\Microsoft SQL Server\150\DTS\Binn\;C:\Program Files\Azure Data Studio\bin;C:\Program Files\nodejs;C:\MinGW\bin;C:\Program Files\Git\cmd;T:\ToolJava\jdk-17.0.8\bin;C:\Program Files\HP\HP One Agent;C:\Program Files\Docker\Docker\resources\bin;T:\ToolJava\apache-maven-3.9.9\bin;C:\Users\HP\AppData\Local\Programs\Python\Python311\Scripts\;C:\Users\HP\AppData\Local\Programs\Python\Python311\;C:\Users\HP\AppData\Local\Microsoft\WindowsApps;C:\Program Files (x86)\CodeBlocks\MinGW\bin;C:\Program Files\Azure Data Studio\bin;C:\Program Files\MongoDB\Server\tools\bin;C:\Program Files\MongoDB\Server\5.0\bin;;T:\50_NguyenVanLoc\;C:\Users\HP\AppData\Local\Programs\Microsoft VS Code\bin;C:\Users\HP\AppData\Roaming\npm
USERNAME=HP
OS=Windows_NT
PROCESSOR_IDENTIFIER=Intel64 Family 6 Model 142 Stepping 12, GenuineIntel



---------------  S Y S T E M  ---------------

OS:
 Windows 11 , 64 bit Build 22621 (10.0.22621.3958)
OS uptime: 2 days 9:08 hours
Hyper-V role detected

CPU: total 8 (initial active 8) (4 cores per cpu, 2 threads per core) family 6 model 142 stepping 12 microcode 0xec, cx8, cmov, fxsr, ht, mmx, 3dnowpref, sse, sse2, sse3, ssse3, sse4.1, sse4.2, popcnt, lzcnt, tsc, tscinvbit, avx, avx2, aes, erms, clmul, bmi1, bmi2, adx, fma, vzeroupper, clflush, clflushopt, hv

Memory: 4k page, system-wide physical 24398M (2744M free)
TotalPageFile size 32398M (AvailPageFile size 4M)
current process WorkingSet (physical memory assigned to process): 246M, peak: 247M
current process commit charge ("private bytes"): 421M, peak: 422M

vm_info: Java HotSpot(TM) 64-Bit Server VM (17.0.8+9-LTS-211) for windows-amd64 JRE (17.0.8+9-LTS-211), built on Jun 14 2023 10:34:31 by "mach5one" with MS VC++ 17.1 (VS2022)

END.
