#
# There is insufficient memory for the Java Runtime Environment to continue.
# Native memory allocation (malloc) failed to allocate 1142784 bytes for Chunk::new
# Possible reasons:
#   The system is out of physical RAM or swap space
#   The process is running with CompressedOops enabled, and the Java Heap may be blocking the growth of the native heap
# Possible solutions:
#   Reduce memory load on the system
#   Increase physical memory or swap space
#   Check if swap backing store is full
#   Decrease Java heap size (-Xmx/-Xms)
#   Decrease number of Java threads
#   Decrease Java thread stack sizes (-Xss)
#   Set larger code cache with -XX:ReservedCodeCacheSize=
#   JVM is running with Unscaled Compressed Oops mode in which the Java heap is
#     placed in the first 4GB address space. The Java Heap base address is the
#     maximum limit for the native heap growth. Please use -XX:HeapBaseMinAddress
#     to set the Java Heap base and to place the Java Heap above 4GB virtual address.
# This output file may be truncated or incomplete.
#
#  Out of Memory Error (arena.cpp:189), pid=24328, tid=24184
#
# JRE version: Java(TM) SE Runtime Environment (17.0.8+9) (build 17.0.8+9-LTS-211)
# Java VM: Java HotSpot(TM) 64-Bit Server VM (17.0.8+9-LTS-211, mixed mode, sharing, tiered, compressed oops, compressed class ptrs, g1 gc, windows-amd64)
# No core dump will be written. Minidumps are not enabled by default on client versions of Windows
#

---------------  S U M M A R Y ------------

Command Line: --add-opens=java.base/java.util=ALL-UNNAMED --add-opens=java.base/java.lang=ALL-UNNAMED --add-opens=java.base/java.lang.invoke=ALL-UNNAMED --add-opens=java.prefs/java.util.prefs=ALL-UNNAMED --add-exports=jdk.compiler/com.sun.tools.javac.api=ALL-UNNAMED --add-exports=jdk.compiler/com.sun.tools.javac.util=ALL-UNNAMED --add-opens=java.base/java.nio.charset=ALL-UNNAMED --add-opens=java.base/java.net=ALL-UNNAMED --add-opens=java.base/java.util.concurrent.atomic=ALL-UNNAMED -XX:MaxMetaspaceSize=384m -XX:+HeapDumpOnOutOfMemoryError -Xms256m -Xmx512m -Dfile.encoding=UTF-8 -Duser.country=US -Duser.language=en -Duser.variant -javaagent:T:\ToolJava\gradle-8.8\wrapper\dists\gradle-8.10.2-bin\a04bxjujx95o3nb99gddekhwo\gradle-8.10.2\lib\agents\gradle-instrumentation-agent-8.10.2.jar org.gradle.launcher.daemon.bootstrap.GradleDaemon 8.10.2

Host: Intel(R) Core(TM) i5-10210U CPU @ 1.60GHz, 8 cores, 23G,  Windows 11 , 64 bit Build 22621 (10.0.22621.3958)
Time: Sat Oct 12 16:11:51 2024 SE Asia Standard Time elapsed time: 118.567293 seconds (0d 0h 1m 58s)

---------------  T H R E A D  ---------------

Current thread (0x0000019a99ca08e0):  JavaThread "C2 CompilerThread0" daemon [_thread_in_native, id=24184, stack(0x0000002db5300000,0x0000002db5400000)]


Current CompileTask:
C2: 118567 6199       4       java.util.regex.Pattern::compile (500 bytes)

Stack: [0x0000002db5300000,0x0000002db5400000]
Native frames: (J=compiled Java code, j=interpreted, Vv=VM code, C=native code)
V  [jvm.dll+0x677d0a]
V  [jvm.dll+0x7d8c54]
V  [jvm.dll+0x7da3fe]
V  [jvm.dll+0x7daa63]
V  [jvm.dll+0x245c5f]
V  [jvm.dll+0xaaa6b]
V  [jvm.dll+0xab00c]
V  [jvm.dll+0x361e8e]
V  [jvm.dll+0x32c551]
V  [jvm.dll+0x32b9ea]
V  [jvm.dll+0x217fff]
V  [jvm.dll+0x217431]
V  [jvm.dll+0x1a3af0]
V  [jvm.dll+0x2270be]
V  [jvm.dll+0x22535b]
V  [jvm.dll+0x78e7bc]
V  [jvm.dll+0x788bba]
V  [jvm.dll+0x676b35]
C  [ucrtbase.dll+0x29333]
C  [KERNEL32.DLL+0x1257d]
C  [ntdll.dll+0x5af08]


---------------  P R O C E S S  ---------------

Threads class SMR info:
_java_thread_list=0x0000019ab57a9710, length=65, elements={
0x0000019aff32a5c0, 0x0000019a99c87020, 0x0000019a99c87bd0, 0x0000019a99c9c620,
0x0000019a99c9d1d0, 0x0000019a99c9dd80, 0x0000019a99c9e730, 0x0000019a99ca08e0,
0x0000019ab3010110, 0x0000019a99cfcd10, 0x0000019a99c6e380, 0x0000019ab319bbd0,
0x0000019ab404c470, 0x0000019ab4049920, 0x0000019ab404a790, 0x0000019ab404a2c0,
0x0000019ab404bfa0, 0x0000019ab404c940, 0x0000019ab404b600, 0x0000019ab404ce10,
0x0000019ab404ac60, 0x0000019ab404d2e0, 0x0000019ab4049df0, 0x0000019ab4fed1c0,
0x0000019ab4fee500, 0x0000019ab4fea1a0, 0x0000019ab4fe9cd0, 0x0000019ab4fed690,
0x0000019ab4fec350, 0x0000019ab4fe84c0, 0x0000019ab4feccf0, 0x0000019ab4feb010,
0x0000019ab4fee9d0, 0x0000019ab4feb4e0, 0x0000019ab4fedb60, 0x0000019ab4feb9b0,
0x0000019ab4fef370, 0x0000019ab4fe7ff0, 0x0000019ab4fe9330, 0x0000019ab4fe9800,
0x0000019ab681f650, 0x0000019ab681e310, 0x0000019ab681bc90, 0x0000019ab6820e60,
0x0000019ab681fff0, 0x0000019ab681ecb0, 0x0000019ab681ae20, 0x0000019ab681cfd0,
0x0000019ab681d4a0, 0x0000019ab681fb20, 0x0000019ab681f180, 0x0000019ab681a950,
0x0000019ab681b2f0, 0x0000019ab7205a20, 0x0000019ab68204c0, 0x0000019ab681b7c0,
0x0000019ab3eb8310, 0x0000019ab6820990, 0x0000019ab6821330, 0x0000019ab681d970,
0x0000019ab681e7e0, 0x0000019ab6821800, 0x0000019ab6821cd0, 0x0000019ab681cb00,
0x0000019ab68221a0
}

Java Threads: ( => current thread )
  0x0000019aff32a5c0 JavaThread "main" [_thread_blocked, id=4680, stack(0x0000002db4600000,0x0000002db4700000)]
  0x0000019a99c87020 JavaThread "Reference Handler" daemon [_thread_blocked, id=21140, stack(0x0000002db4d00000,0x0000002db4e00000)]
  0x0000019a99c87bd0 JavaThread "Finalizer" daemon [_thread_blocked, id=4536, stack(0x0000002db4e00000,0x0000002db4f00000)]
  0x0000019a99c9c620 JavaThread "Signal Dispatcher" daemon [_thread_blocked, id=19604, stack(0x0000002db4f00000,0x0000002db5000000)]
  0x0000019a99c9d1d0 JavaThread "Attach Listener" daemon [_thread_blocked, id=24064, stack(0x0000002db5000000,0x0000002db5100000)]
  0x0000019a99c9dd80 JavaThread "Service Thread" daemon [_thread_blocked, id=18884, stack(0x0000002db5100000,0x0000002db5200000)]
  0x0000019a99c9e730 JavaThread "Monitor Deflation Thread" daemon [_thread_blocked, id=13424, stack(0x0000002db5200000,0x0000002db5300000)]
=>0x0000019a99ca08e0 JavaThread "C2 CompilerThread0" daemon [_thread_in_native, id=24184, stack(0x0000002db5300000,0x0000002db5400000)]
  0x0000019ab3010110 JavaThread "C1 CompilerThread0" daemon [_thread_blocked, id=14792, stack(0x0000002db5400000,0x0000002db5500000)]
  0x0000019a99cfcd10 JavaThread "Sweeper thread" daemon [_thread_blocked, id=22956, stack(0x0000002db5500000,0x0000002db5600000)]
  0x0000019a99c6e380 JavaThread "Common-Cleaner" daemon [_thread_blocked, id=12172, stack(0x0000002db5600000,0x0000002db5700000)]
  0x0000019ab319bbd0 JavaThread "Notification Thread" daemon [_thread_blocked, id=23388, stack(0x0000002db5700000,0x0000002db5800000)]
  0x0000019ab404c470 JavaThread "Daemon health stats" [_thread_blocked, id=15580, stack(0x0000002db5900000,0x0000002db5a00000)]
  0x0000019ab4049920 JavaThread "Incoming local TCP Connector on port 60110" [_thread_in_native, id=3188, stack(0x0000002db5a00000,0x0000002db5b00000)]
  0x0000019ab404a790 JavaThread "Daemon periodic checks" [_thread_blocked, id=1476, stack(0x0000002db6000000,0x0000002db6100000)]
  0x0000019ab404a2c0 JavaThread "Daemon" [_thread_blocked, id=6384, stack(0x0000002db6300000,0x0000002db6400000)]
  0x0000019ab404bfa0 JavaThread "Handler for socket connection from /127.0.0.1:60110 to /127.0.0.1:60112" [_thread_in_native, id=5832, stack(0x0000002db6400000,0x0000002db6500000)]
  0x0000019ab404c940 JavaThread "Cancel handler" [_thread_blocked, id=24160, stack(0x0000002db6100000,0x0000002db6200000)]
  0x0000019ab404b600 JavaThread "Daemon worker" [_thread_in_Java, id=11516, stack(0x0000002db6200000,0x0000002db6300000)]
  0x0000019ab404ce10 JavaThread "Asynchronous log dispatcher for DefaultDaemonConnection: socket connection from /127.0.0.1:60110 to /127.0.0.1:60112" [_thread_blocked, id=25500, stack(0x0000002db6600000,0x0000002db6700000)]
  0x0000019ab404ac60 JavaThread "Stdin handler" [_thread_blocked, id=15708, stack(0x0000002db6700000,0x0000002db6800000)]
  0x0000019ab404d2e0 JavaThread "Daemon client event forwarder" [_thread_blocked, id=13072, stack(0x0000002db6800000,0x0000002db6900000)]
  0x0000019ab4049df0 JavaThread "Cache worker for journal cache (T:\ToolJava\gradle-8.8\caches\journal-1)" [_thread_blocked, id=22912, stack(0x0000002db6900000,0x0000002db6a00000)]
  0x0000019ab4fed1c0 JavaThread "File lock request listener" [_thread_in_native, id=15496, stack(0x0000002db6a00000,0x0000002db6b00000)]
  0x0000019ab4fee500 JavaThread "File lock release action executor" [_thread_blocked, id=18084, stack(0x0000002db6b00000,0x0000002db6c00000)]
  0x0000019ab4fea1a0 JavaThread "Cache worker for file hash cache (T:\ToolJava\gradle-8.8\caches\8.10.2\fileHashes)" [_thread_blocked, id=1452, stack(0x0000002db6c00000,0x0000002db6d00000)]
  0x0000019ab4fe9cd0 JavaThread "Cache worker for file hash cache (A:\DeAnTourDuLich\BookingTour\BackEnd\ApiGateway\.gradle\8.10.2\fileHashes)" [_thread_blocked, id=23628, stack(0x0000002db6d00000,0x0000002db6e00000)]
  0x0000019ab4fed690 JavaThread "Cache worker for Build Output Cleanup Cache (A:\DeAnTourDuLich\BookingTour\BackEnd\ApiGateway\.gradle\buildOutputCleanup)" [_thread_blocked, id=20772, stack(0x0000002db6e00000,0x0000002db6f00000)]
  0x0000019ab4fec350 JavaThread "File watcher server" daemon [_thread_in_native, id=25580, stack(0x0000002db7200000,0x0000002db7300000)]
  0x0000019ab4fe84c0 JavaThread "File watcher consumer" daemon [_thread_blocked, id=25108, stack(0x0000002db7300000,0x0000002db7400000)]
  0x0000019ab4feccf0 JavaThread "Cache worker for checksums cache (A:\DeAnTourDuLich\BookingTour\BackEnd\ApiGateway\.gradle\8.10.2\checksums)" [_thread_blocked, id=25132, stack(0x0000002db7400000,0x0000002db7500000)]
  0x0000019ab4feb010 JavaThread "Cache worker for file content cache (T:\ToolJava\gradle-8.8\caches\8.10.2\fileContent)" [_thread_blocked, id=6572, stack(0x0000002db7600000,0x0000002db7700000)]
  0x0000019ab4fee9d0 JavaThread "Cache worker for cache directory md-rule (T:\ToolJava\gradle-8.8\caches\8.10.2\md-rule)" [_thread_blocked, id=8752, stack(0x0000002db7500000,0x0000002db7600000)]
  0x0000019ab4feb4e0 JavaThread "Cache worker for cache directory md-supplier (T:\ToolJava\gradle-8.8\caches\8.10.2\md-supplier)" [_thread_blocked, id=6032, stack(0x0000002db7900000,0x0000002db7a00000)]
  0x0000019ab4fedb60 JavaThread "jar transforms" [_thread_blocked, id=25240, stack(0x0000002db7a00000,0x0000002db7b00000)]
  0x0000019ab4feb9b0 JavaThread "jar transforms Thread 2" [_thread_blocked, id=25972, stack(0x0000002db4400000,0x0000002db4500000)]
  0x0000019ab4fef370 JavaThread "jar transforms Thread 3" [_thread_blocked, id=26608, stack(0x0000002db4500000,0x0000002db4600000)]
  0x0000019ab4fe7ff0 JavaThread "jar transforms Thread 4" [_thread_blocked, id=25748, stack(0x0000002db7b00000,0x0000002db7c00000)]
  0x0000019ab4fe9330 JavaThread "jar transforms Thread 5" [_thread_blocked, id=5656, stack(0x0000002db6500000,0x0000002db6600000)]
  0x0000019ab4fe9800 JavaThread "jar transforms Thread 6" [_thread_blocked, id=26564, stack(0x0000002db7c00000,0x0000002db7d00000)]
  0x0000019ab681f650 JavaThread "jar transforms Thread 7" [_thread_blocked, id=9024, stack(0x0000002db7d00000,0x0000002db7e00000)]
  0x0000019ab681e310 JavaThread "Unconstrained build operations" [_thread_blocked, id=27576, stack(0x0000002db8000000,0x0000002db8100000)]
  0x0000019ab681bc90 JavaThread "Unconstrained build operations Thread 2" [_thread_blocked, id=27580, stack(0x0000002db8100000,0x0000002db8200000)]
  0x0000019ab6820e60 JavaThread "Unconstrained build operations Thread 3" [_thread_blocked, id=27572, stack(0x0000002db8200000,0x0000002db8300000)]
  0x0000019ab681fff0 JavaThread "Unconstrained build operations Thread 4" [_thread_blocked, id=27540, stack(0x0000002db8300000,0x0000002db8400000)]
  0x0000019ab681ecb0 JavaThread "Unconstrained build operations Thread 5" [_thread_blocked, id=27556, stack(0x0000002db8400000,0x0000002db8500000)]
  0x0000019ab681ae20 JavaThread "Unconstrained build operations Thread 6" [_thread_blocked, id=26068, stack(0x0000002db8500000,0x0000002db8600000)]
  0x0000019ab681cfd0 JavaThread "Unconstrained build operations Thread 7" [_thread_blocked, id=27408, stack(0x0000002db8600000,0x0000002db8700000)]
  0x0000019ab681d4a0 JavaThread "Unconstrained build operations Thread 8" [_thread_blocked, id=26904, stack(0x0000002db8700000,0x0000002db8800000)]
  0x0000019ab681fb20 JavaThread "Unconstrained build operations Thread 9" [_thread_blocked, id=26840, stack(0x0000002db8800000,0x0000002db8900000)]
  0x0000019ab681f180 JavaThread "Unconstrained build operations Thread 10" [_thread_blocked, id=26876, stack(0x0000002db8900000,0x0000002db8a00000)]
  0x0000019ab681a950 JavaThread "Unconstrained build operations Thread 11" [_thread_blocked, id=26908, stack(0x0000002db8a00000,0x0000002db8b00000)]
  0x0000019ab681b2f0 JavaThread "Unconstrained build operations Thread 12" [_thread_blocked, id=26716, stack(0x0000002db8b00000,0x0000002db8c00000)]
  0x0000019ab7205a20 JavaThread "C2 CompilerThread1" daemon [_thread_in_native, id=14936, stack(0x0000002db8c00000,0x0000002db8d00000)]
  0x0000019ab68204c0 JavaThread "Unconstrained build operations Thread 13" [_thread_blocked, id=26868, stack(0x0000002db8d00000,0x0000002db8e00000)]
  0x0000019ab681b7c0 JavaThread "Unconstrained build operations Thread 14" [_thread_blocked, id=26864, stack(0x0000002db8e00000,0x0000002db8f00000)]
  0x0000019ab3eb8310 JavaThread "C2 CompilerThread2" daemon [_thread_in_native, id=17560, stack(0x0000002db8f00000,0x0000002db9000000)]
  0x0000019ab6820990 JavaThread "Unconstrained build operations Thread 15" [_thread_blocked, id=26884, stack(0x0000002db9000000,0x0000002db9100000)]
  0x0000019ab6821330 JavaThread "Unconstrained build operations Thread 16" [_thread_blocked, id=26896, stack(0x0000002db9100000,0x0000002db9200000)]
  0x0000019ab681d970 JavaThread "Unconstrained build operations Thread 17" [_thread_blocked, id=26940, stack(0x0000002db9200000,0x0000002db9300000)]
  0x0000019ab681e7e0 JavaThread "Unconstrained build operations Thread 18" [_thread_blocked, id=26860, stack(0x0000002db9300000,0x0000002db9400000)]
  0x0000019ab6821800 JavaThread "Unconstrained build operations Thread 19" [_thread_blocked, id=25908, stack(0x0000002db9400000,0x0000002db9500000)]
  0x0000019ab6821cd0 JavaThread "Unconstrained build operations Thread 20" [_thread_blocked, id=26756, stack(0x0000002db9500000,0x0000002db9600000)]
  0x0000019ab681cb00 JavaThread "Unconstrained build operations Thread 21" [_thread_blocked, id=7628, stack(0x0000002db9600000,0x0000002db9700000)]
  0x0000019ab68221a0 JavaThread "Memory manager" [_thread_blocked, id=26792, stack(0x0000002db9700000,0x0000002db9800000)]

Other Threads:
  0x0000019a99c81de0 VMThread "VM Thread" [stack: 0x0000002db4c00000,0x0000002db4d00000] [id=9032]
  0x0000019ab31c79e0 WatcherThread [stack: 0x0000002db5800000,0x0000002db5900000] [id=5348]
  0x0000019aff356b90 GCTaskThread "GC Thread#0" [stack: 0x0000002db4700000,0x0000002db4800000] [id=10860]
  0x0000019ab39eabc0 GCTaskThread "GC Thread#1" [stack: 0x0000002db5b00000,0x0000002db5c00000] [id=24336]
  0x0000019ab39eb4f0 GCTaskThread "GC Thread#2" [stack: 0x0000002db5c00000,0x0000002db5d00000] [id=13868]
  0x0000019ab39eb7a0 GCTaskThread "GC Thread#3" [stack: 0x0000002db5d00000,0x0000002db5e00000] [id=11936]
  0x0000019ab343dfd0 GCTaskThread "GC Thread#4" [stack: 0x0000002db5e00000,0x0000002db5f00000] [id=16716]
  0x0000019ab343e280 GCTaskThread "GC Thread#5" [stack: 0x0000002db5f00000,0x0000002db6000000] [id=23080]
  0x0000019ab42d41d0 GCTaskThread "GC Thread#6" [stack: 0x0000002db6f00000,0x0000002db7000000] [id=8220]
  0x0000019ab6be3ad0 GCTaskThread "GC Thread#7" [stack: 0x0000002db7000000,0x0000002db7100000] [id=20160]
  0x0000019aff357940 ConcurrentGCThread "G1 Main Marker" [stack: 0x0000002db4800000,0x0000002db4900000] [id=19724]
  0x0000019afd18e590 ConcurrentGCThread "G1 Conc#0" [stack: 0x0000002db4900000,0x0000002db4a00000] [id=14224]
  0x0000019ab5eb4020 ConcurrentGCThread "G1 Conc#1" [stack: 0x0000002db7100000,0x0000002db7200000] [id=9636]
  0x0000019a99b464f0 ConcurrentGCThread "G1 Refine#0" [stack: 0x0000002db4a00000,0x0000002db4b00000] [id=4928]
  0x0000019ab63fa2c0 ConcurrentGCThread "G1 Refine#1" [stack: 0x0000002db7e00000,0x0000002db7f00000] [id=27112]
  0x0000019ab36c9740 ConcurrentGCThread "G1 Refine#2" [stack: 0x0000002db7f00000,0x0000002db8000000] [id=27116]
  0x0000019a99b46db0 ConcurrentGCThread "G1 Service" [stack: 0x0000002db4b00000,0x0000002db4c00000] [id=12176]

Threads with active compile tasks:
C2 CompilerThread0   118609 6199       4       java.util.regex.Pattern::compile (500 bytes)
C2 CompilerThread1   118609 6125       4       org.gradle.internal.service.DefaultServiceRegistry$ClassInspector$ClassDetails::collectTypes (63 bytes)
C2 CompilerThread2   118610 6168       4       org.objectweb.asm.Frame::execute (2303 bytes)

VM state: not at safepoint (normal execution)

VM Mutex/Monitor currently owned by a thread: None

Heap address: 0x00000000e0000000, size: 512 MB, Compressed Oops mode: 32-bit

CDS archive(s) mapped at: [0x0000019a9a000000-0x0000019a9abd0000-0x0000019a9abd0000), size 12386304, SharedBaseAddress: 0x0000019a9a000000, ArchiveRelocationMode: 1.
Compressed class space mapped at: 0x0000019a9b000000-0x0000019aaf000000, reserved size: 335544320
Narrow klass base: 0x0000019a9a000000, Narrow klass shift: 0, Narrow klass range: 0x100000000

GC Precious Log:
 CPUs: 8 total, 8 available
 Memory: 24398M
 Large Page Support: Disabled
 NUMA Support: Disabled
 Compressed Oops: Enabled (32-bit)
 Heap Region Size: 1M
 Heap Min Capacity: 256M
 Heap Initial Capacity: 256M
 Heap Max Capacity: 512M
 Pre-touch: Disabled
 Parallel Workers: 8
 Concurrent Workers: 2
 Concurrent Refinement Workers: 8
 Periodic GC: Disabled

Heap:
 garbage-first heap   total 262144K, used 150140K [0x00000000e0000000, 0x0000000100000000)
  region size 1024K, 116 young (118784K), 1 survivors (1024K)
 Metaspace       used 47640K, committed 48128K, reserved 393216K
  class space    used 6743K, committed 6976K, reserved 327680K

Heap Regions: E=young(eden), S=young(survivor), O=old, HS=humongous(starts), HC=humongous(continues), CS=collection set, F=free, OA=open archive, CA=closed archive, TAMS=top-at-mark-start (previous, next)
|   0|0x00000000e0000000, 0x00000000e0100000, 0x00000000e0100000|100%| O|  |TAMS 0x00000000e0100000, 0x00000000e0000000| Untracked 
|   1|0x00000000e0100000, 0x00000000e0200000, 0x00000000e0200000|100%|HS|  |TAMS 0x00000000e0100000, 0x00000000e0100000| Complete 
|   2|0x00000000e0200000, 0x00000000e0300000, 0x00000000e0300000|100%|HS|  |TAMS 0x00000000e0300000, 0x00000000e0200000| Complete 
|   3|0x00000000e0300000, 0x00000000e0400000, 0x00000000e0400000|100%|HC|  |TAMS 0x00000000e0400000, 0x00000000e0300000| Complete 
|   4|0x00000000e0400000, 0x00000000e0500000, 0x00000000e0500000|100%|HC|  |TAMS 0x00000000e0500000, 0x00000000e0400000| Complete 
|   5|0x00000000e0500000, 0x00000000e0600000, 0x00000000e0600000|100%|HC|  |TAMS 0x00000000e0600000, 0x00000000e0500000| Complete 
|   6|0x00000000e0600000, 0x00000000e0700000, 0x00000000e0700000|100%| O|  |TAMS 0x00000000e0700000, 0x00000000e0600000| Untracked 
|   7|0x00000000e0700000, 0x00000000e0800000, 0x00000000e0800000|100%| O|  |TAMS 0x00000000e0800000, 0x00000000e0700000| Untracked 
|   8|0x00000000e0800000, 0x00000000e0900000, 0x00000000e0900000|100%| O|  |TAMS 0x00000000e0900000, 0x00000000e0800000| Untracked 
|   9|0x00000000e0900000, 0x00000000e0a00000, 0x00000000e0a00000|100%|HS|  |TAMS 0x00000000e0a00000, 0x00000000e0900000| Complete 
|  10|0x00000000e0a00000, 0x00000000e0b00000, 0x00000000e0b00000|100%| O|  |TAMS 0x00000000e0b00000, 0x00000000e0a00000| Untracked 
|  11|0x00000000e0b00000, 0x00000000e0c00000, 0x00000000e0c00000|100%| O|  |TAMS 0x00000000e0c00000, 0x00000000e0b00000| Untracked 
|  12|0x00000000e0c00000, 0x00000000e0d00000, 0x00000000e0d00000|100%| O|  |TAMS 0x00000000e0d00000, 0x00000000e0c00000| Untracked 
|  13|0x00000000e0d00000, 0x00000000e0e00000, 0x00000000e0e00000|100%| O|  |TAMS 0x00000000e0e00000, 0x00000000e0d00000| Untracked 
|  14|0x00000000e0e00000, 0x00000000e0f00000, 0x00000000e0f00000|100%| O|  |TAMS 0x00000000e0f00000, 0x00000000e0e00000| Untracked 
|  15|0x00000000e0f00000, 0x00000000e1000000, 0x00000000e1000000|100%| O|  |TAMS 0x00000000e1000000, 0x00000000e0f00000| Untracked 
|  16|0x00000000e1000000, 0x00000000e1100000, 0x00000000e1100000|100%| O|  |TAMS 0x00000000e1100000, 0x00000000e1000000| Untracked 
|  17|0x00000000e1100000, 0x00000000e1200000, 0x00000000e1200000|100%| O|  |TAMS 0x00000000e1200000, 0x00000000e1100000| Untracked 
|  18|0x00000000e1200000, 0x00000000e1300000, 0x00000000e1300000|100%| O|  |TAMS 0x00000000e1300000, 0x00000000e1200000| Untracked 
|  19|0x00000000e1300000, 0x00000000e1400000, 0x00000000e1400000|100%| O|  |TAMS 0x00000000e1400000, 0x00000000e1300000| Untracked 
|  20|0x00000000e1400000, 0x00000000e1500000, 0x00000000e1500000|100%| O|  |TAMS 0x00000000e1500000, 0x00000000e1400000| Untracked 
|  21|0x00000000e1500000, 0x00000000e1600000, 0x00000000e1600000|100%| O|  |TAMS 0x00000000e1600000, 0x00000000e1500000| Untracked 
|  22|0x00000000e1600000, 0x00000000e1700000, 0x00000000e1700000|100%| O|  |TAMS 0x00000000e1700000, 0x00000000e1600000| Untracked 
|  23|0x00000000e1700000, 0x00000000e1800000, 0x00000000e1800000|100%| O|  |TAMS 0x00000000e1800000, 0x00000000e1700000| Untracked 
|  24|0x00000000e1800000, 0x00000000e1900000, 0x00000000e1900000|100%| O|  |TAMS 0x00000000e1900000, 0x00000000e1800000| Untracked 
|  25|0x00000000e1900000, 0x00000000e1a00000, 0x00000000e1a00000|100%| O|  |TAMS 0x00000000e1a00000, 0x00000000e1900000| Untracked 
|  26|0x00000000e1a00000, 0x00000000e1b00000, 0x00000000e1b00000|100%| O|  |TAMS 0x00000000e1b00000, 0x00000000e1a00000| Untracked 
|  27|0x00000000e1b00000, 0x00000000e1c00000, 0x00000000e1c00000|100%| O|  |TAMS 0x00000000e1c00000, 0x00000000e1b00000| Untracked 
|  28|0x00000000e1c00000, 0x00000000e1d00000, 0x00000000e1d00000|100%| O|  |TAMS 0x00000000e1d00000, 0x00000000e1c00000| Untracked 
|  29|0x00000000e1d00000, 0x00000000e1e00000, 0x00000000e1e00000|100%| O|  |TAMS 0x00000000e1e00000, 0x00000000e1d00000| Untracked 
|  30|0x00000000e1e00000, 0x00000000e1f00000, 0x00000000e1f00000|100%| O|  |TAMS 0x00000000e1f00000, 0x00000000e1e00000| Untracked 
|  31|0x00000000e1f00000, 0x00000000e2000000, 0x00000000e2000000|100%| O|  |TAMS 0x00000000e2000000, 0x00000000e1f00000| Untracked 
|  32|0x00000000e2000000, 0x00000000e2049a00, 0x00000000e2100000| 28%| O|  |TAMS 0x00000000e2049a00, 0x00000000e2000000| Untracked 
|  33|0x00000000e2100000, 0x00000000e2200000, 0x00000000e2200000|100%|HS|  |TAMS 0x00000000e2100000, 0x00000000e2100000| Complete 
|  34|0x00000000e2200000, 0x00000000e2200000, 0x00000000e2300000|  0%| F|  |TAMS 0x00000000e2200000, 0x00000000e2200000| Untracked 
|  35|0x00000000e2300000, 0x00000000e2300000, 0x00000000e2400000|  0%| F|  |TAMS 0x00000000e2300000, 0x00000000e2300000| Untracked 
|  36|0x00000000e2400000, 0x00000000e2400000, 0x00000000e2500000|  0%| F|  |TAMS 0x00000000e2400000, 0x00000000e2400000| Untracked 
|  37|0x00000000e2500000, 0x00000000e2500000, 0x00000000e2600000|  0%| F|  |TAMS 0x00000000e2500000, 0x00000000e2500000| Untracked 
|  38|0x00000000e2600000, 0x00000000e2600000, 0x00000000e2700000|  0%| F|  |TAMS 0x00000000e2600000, 0x00000000e2600000| Untracked 
|  39|0x00000000e2700000, 0x00000000e2700000, 0x00000000e2800000|  0%| F|  |TAMS 0x00000000e2700000, 0x00000000e2700000| Untracked 
|  40|0x00000000e2800000, 0x00000000e2800000, 0x00000000e2900000|  0%| F|  |TAMS 0x00000000e2800000, 0x00000000e2800000| Untracked 
|  41|0x00000000e2900000, 0x00000000e2900000, 0x00000000e2a00000|  0%| F|  |TAMS 0x00000000e2900000, 0x00000000e2900000| Untracked 
|  42|0x00000000e2a00000, 0x00000000e2a00000, 0x00000000e2b00000|  0%| F|  |TAMS 0x00000000e2a00000, 0x00000000e2a00000| Untracked 
|  43|0x00000000e2b00000, 0x00000000e2b00000, 0x00000000e2c00000|  0%| F|  |TAMS 0x00000000e2b00000, 0x00000000e2b00000| Untracked 
|  44|0x00000000e2c00000, 0x00000000e2c00000, 0x00000000e2d00000|  0%| F|  |TAMS 0x00000000e2c00000, 0x00000000e2c00000| Untracked 
|  45|0x00000000e2d00000, 0x00000000e2d00000, 0x00000000e2e00000|  0%| F|  |TAMS 0x00000000e2d00000, 0x00000000e2d00000| Untracked 
|  46|0x00000000e2e00000, 0x00000000e2e00000, 0x00000000e2f00000|  0%| F|  |TAMS 0x00000000e2e00000, 0x00000000e2e00000| Untracked 
|  47|0x00000000e2f00000, 0x00000000e2f00000, 0x00000000e3000000|  0%| F|  |TAMS 0x00000000e2f00000, 0x00000000e2f00000| Untracked 
|  48|0x00000000e3000000, 0x00000000e3000000, 0x00000000e3100000|  0%| F|  |TAMS 0x00000000e3000000, 0x00000000e3000000| Untracked 
|  49|0x00000000e3100000, 0x00000000e3100000, 0x00000000e3200000|  0%| F|  |TAMS 0x00000000e3100000, 0x00000000e3100000| Untracked 
|  50|0x00000000e3200000, 0x00000000e3200000, 0x00000000e3300000|  0%| F|  |TAMS 0x00000000e3200000, 0x00000000e3200000| Untracked 
|  51|0x00000000e3300000, 0x00000000e3300000, 0x00000000e3400000|  0%| F|  |TAMS 0x00000000e3300000, 0x00000000e3300000| Untracked 
|  52|0x00000000e3400000, 0x00000000e3400000, 0x00000000e3500000|  0%| F|  |TAMS 0x00000000e3400000, 0x00000000e3400000| Untracked 
|  53|0x00000000e3500000, 0x00000000e3500000, 0x00000000e3600000|  0%| F|  |TAMS 0x00000000e3500000, 0x00000000e3500000| Untracked 
|  54|0x00000000e3600000, 0x00000000e3600000, 0x00000000e3700000|  0%| F|  |TAMS 0x00000000e3600000, 0x00000000e3600000| Untracked 
|  55|0x00000000e3700000, 0x00000000e3700000, 0x00000000e3800000|  0%| F|  |TAMS 0x00000000e3700000, 0x00000000e3700000| Untracked 
|  56|0x00000000e3800000, 0x00000000e3800000, 0x00000000e3900000|  0%| F|  |TAMS 0x00000000e3800000, 0x00000000e3800000| Untracked 
|  57|0x00000000e3900000, 0x00000000e3900000, 0x00000000e3a00000|  0%| F|  |TAMS 0x00000000e3900000, 0x00000000e3900000| Untracked 
|  58|0x00000000e3a00000, 0x00000000e3a00000, 0x00000000e3b00000|  0%| F|  |TAMS 0x00000000e3a00000, 0x00000000e3a00000| Untracked 
|  59|0x00000000e3b00000, 0x00000000e3b00000, 0x00000000e3c00000|  0%| F|  |TAMS 0x00000000e3b00000, 0x00000000e3b00000| Untracked 
|  60|0x00000000e3c00000, 0x00000000e3c00000, 0x00000000e3d00000|  0%| F|  |TAMS 0x00000000e3c00000, 0x00000000e3c00000| Untracked 
|  61|0x00000000e3d00000, 0x00000000e3d00000, 0x00000000e3e00000|  0%| F|  |TAMS 0x00000000e3d00000, 0x00000000e3d00000| Untracked 
|  62|0x00000000e3e00000, 0x00000000e3e00000, 0x00000000e3f00000|  0%| F|  |TAMS 0x00000000e3e00000, 0x00000000e3e00000| Untracked 
|  63|0x00000000e3f00000, 0x00000000e3f00000, 0x00000000e4000000|  0%| F|  |TAMS 0x00000000e3f00000, 0x00000000e3f00000| Untracked 
|  64|0x00000000e4000000, 0x00000000e4000000, 0x00000000e4100000|  0%| F|  |TAMS 0x00000000e4000000, 0x00000000e4000000| Untracked 
|  65|0x00000000e4100000, 0x00000000e4100000, 0x00000000e4200000|  0%| F|  |TAMS 0x00000000e4100000, 0x00000000e4100000| Untracked 
|  66|0x00000000e4200000, 0x00000000e4200000, 0x00000000e4300000|  0%| F|  |TAMS 0x00000000e4200000, 0x00000000e4200000| Untracked 
|  67|0x00000000e4300000, 0x00000000e4300000, 0x00000000e4400000|  0%| F|  |TAMS 0x00000000e4300000, 0x00000000e4300000| Untracked 
|  68|0x00000000e4400000, 0x00000000e4400000, 0x00000000e4500000|  0%| F|  |TAMS 0x00000000e4400000, 0x00000000e4400000| Untracked 
|  69|0x00000000e4500000, 0x00000000e4500000, 0x00000000e4600000|  0%| F|  |TAMS 0x00000000e4500000, 0x00000000e4500000| Untracked 
|  70|0x00000000e4600000, 0x00000000e4600000, 0x00000000e4700000|  0%| F|  |TAMS 0x00000000e4600000, 0x00000000e4600000| Untracked 
|  71|0x00000000e4700000, 0x00000000e4700000, 0x00000000e4800000|  0%| F|  |TAMS 0x00000000e4700000, 0x00000000e4700000| Untracked 
|  72|0x00000000e4800000, 0x00000000e4800000, 0x00000000e4900000|  0%| F|  |TAMS 0x00000000e4800000, 0x00000000e4800000| Untracked 
|  73|0x00000000e4900000, 0x00000000e4900000, 0x00000000e4a00000|  0%| F|  |TAMS 0x00000000e4900000, 0x00000000e4900000| Untracked 
|  74|0x00000000e4a00000, 0x00000000e4a00000, 0x00000000e4b00000|  0%| F|  |TAMS 0x00000000e4a00000, 0x00000000e4a00000| Untracked 
|  75|0x00000000e4b00000, 0x00000000e4b00000, 0x00000000e4c00000|  0%| F|  |TAMS 0x00000000e4b00000, 0x00000000e4b00000| Untracked 
|  76|0x00000000e4c00000, 0x00000000e4c00000, 0x00000000e4d00000|  0%| F|  |TAMS 0x00000000e4c00000, 0x00000000e4c00000| Untracked 
|  77|0x00000000e4d00000, 0x00000000e4d00000, 0x00000000e4e00000|  0%| F|  |TAMS 0x00000000e4d00000, 0x00000000e4d00000| Untracked 
|  78|0x00000000e4e00000, 0x00000000e4e00000, 0x00000000e4f00000|  0%| F|  |TAMS 0x00000000e4e00000, 0x00000000e4e00000| Untracked 
|  79|0x00000000e4f00000, 0x00000000e4f00000, 0x00000000e5000000|  0%| F|  |TAMS 0x00000000e4f00000, 0x00000000e4f00000| Untracked 
|  80|0x00000000e5000000, 0x00000000e5000000, 0x00000000e5100000|  0%| F|  |TAMS 0x00000000e5000000, 0x00000000e5000000| Untracked 
|  81|0x00000000e5100000, 0x00000000e5100000, 0x00000000e5200000|  0%| F|  |TAMS 0x00000000e5100000, 0x00000000e5100000| Untracked 
|  82|0x00000000e5200000, 0x00000000e5200000, 0x00000000e5300000|  0%| F|  |TAMS 0x00000000e5200000, 0x00000000e5200000| Untracked 
|  83|0x00000000e5300000, 0x00000000e5300000, 0x00000000e5400000|  0%| F|  |TAMS 0x00000000e5300000, 0x00000000e5300000| Untracked 
|  84|0x00000000e5400000, 0x00000000e5400000, 0x00000000e5500000|  0%| F|  |TAMS 0x00000000e5400000, 0x00000000e5400000| Untracked 
|  85|0x00000000e5500000, 0x00000000e5500000, 0x00000000e5600000|  0%| F|  |TAMS 0x00000000e5500000, 0x00000000e5500000| Untracked 
|  86|0x00000000e5600000, 0x00000000e5600000, 0x00000000e5700000|  0%| F|  |TAMS 0x00000000e5600000, 0x00000000e5600000| Untracked 
|  87|0x00000000e5700000, 0x00000000e5700000, 0x00000000e5800000|  0%| F|  |TAMS 0x00000000e5700000, 0x00000000e5700000| Untracked 
|  88|0x00000000e5800000, 0x00000000e5800000, 0x00000000e5900000|  0%| F|  |TAMS 0x00000000e5800000, 0x00000000e5800000| Untracked 
|  89|0x00000000e5900000, 0x00000000e5900000, 0x00000000e5a00000|  0%| F|  |TAMS 0x00000000e5900000, 0x00000000e5900000| Untracked 
|  90|0x00000000e5a00000, 0x00000000e5a00000, 0x00000000e5b00000|  0%| F|  |TAMS 0x00000000e5a00000, 0x00000000e5a00000| Untracked 
|  91|0x00000000e5b00000, 0x00000000e5b00000, 0x00000000e5c00000|  0%| F|  |TAMS 0x00000000e5b00000, 0x00000000e5b00000| Untracked 
|  92|0x00000000e5c00000, 0x00000000e5c00000, 0x00000000e5d00000|  0%| F|  |TAMS 0x00000000e5c00000, 0x00000000e5c00000| Untracked 
|  93|0x00000000e5d00000, 0x00000000e5d00000, 0x00000000e5e00000|  0%| F|  |TAMS 0x00000000e5d00000, 0x00000000e5d00000| Untracked 
|  94|0x00000000e5e00000, 0x00000000e5e00000, 0x00000000e5f00000|  0%| F|  |TAMS 0x00000000e5e00000, 0x00000000e5e00000| Untracked 
|  95|0x00000000e5f00000, 0x00000000e5f00000, 0x00000000e6000000|  0%| F|  |TAMS 0x00000000e5f00000, 0x00000000e5f00000| Untracked 
|  96|0x00000000e6000000, 0x00000000e6000000, 0x00000000e6100000|  0%| F|  |TAMS 0x00000000e6000000, 0x00000000e6000000| Untracked 
|  97|0x00000000e6100000, 0x00000000e6100000, 0x00000000e6200000|  0%| F|  |TAMS 0x00000000e6100000, 0x00000000e6100000| Untracked 
|  98|0x00000000e6200000, 0x00000000e6200000, 0x00000000e6300000|  0%| F|  |TAMS 0x00000000e6200000, 0x00000000e6200000| Untracked 
|  99|0x00000000e6300000, 0x00000000e6300000, 0x00000000e6400000|  0%| F|  |TAMS 0x00000000e6300000, 0x00000000e6300000| Untracked 
| 100|0x00000000e6400000, 0x00000000e6400000, 0x00000000e6500000|  0%| F|  |TAMS 0x00000000e6400000, 0x00000000e6400000| Untracked 
| 101|0x00000000e6500000, 0x00000000e6500000, 0x00000000e6600000|  0%| F|  |TAMS 0x00000000e6500000, 0x00000000e6500000| Untracked 
| 102|0x00000000e6600000, 0x00000000e6600000, 0x00000000e6700000|  0%| F|  |TAMS 0x00000000e6600000, 0x00000000e6600000| Untracked 
| 103|0x00000000e6700000, 0x00000000e6700000, 0x00000000e6800000|  0%| F|  |TAMS 0x00000000e6700000, 0x00000000e6700000| Untracked 
| 104|0x00000000e6800000, 0x00000000e6800000, 0x00000000e6900000|  0%| F|  |TAMS 0x00000000e6800000, 0x00000000e6800000| Untracked 
| 105|0x00000000e6900000, 0x00000000e6900000, 0x00000000e6a00000|  0%| F|  |TAMS 0x00000000e6900000, 0x00000000e6900000| Untracked 
| 106|0x00000000e6a00000, 0x00000000e6a00000, 0x00000000e6b00000|  0%| F|  |TAMS 0x00000000e6a00000, 0x00000000e6a00000| Untracked 
| 107|0x00000000e6b00000, 0x00000000e6b00000, 0x00000000e6c00000|  0%| F|  |TAMS 0x00000000e6b00000, 0x00000000e6b00000| Untracked 
| 108|0x00000000e6c00000, 0x00000000e6c00000, 0x00000000e6d00000|  0%| F|  |TAMS 0x00000000e6c00000, 0x00000000e6c00000| Untracked 
| 109|0x00000000e6d00000, 0x00000000e6d00000, 0x00000000e6e00000|  0%| F|  |TAMS 0x00000000e6d00000, 0x00000000e6d00000| Untracked 
| 110|0x00000000e6e00000, 0x00000000e6e00000, 0x00000000e6f00000|  0%| F|  |TAMS 0x00000000e6e00000, 0x00000000e6e00000| Untracked 
| 111|0x00000000e6f00000, 0x00000000e6f00000, 0x00000000e7000000|  0%| F|  |TAMS 0x00000000e6f00000, 0x00000000e6f00000| Untracked 
| 112|0x00000000e7000000, 0x00000000e7000000, 0x00000000e7100000|  0%| F|  |TAMS 0x00000000e7000000, 0x00000000e7000000| Untracked 
| 113|0x00000000e7100000, 0x00000000e7100000, 0x00000000e7200000|  0%| F|  |TAMS 0x00000000e7100000, 0x00000000e7100000| Untracked 
| 114|0x00000000e7200000, 0x00000000e7200000, 0x00000000e7300000|  0%| F|  |TAMS 0x00000000e7200000, 0x00000000e7200000| Untracked 
| 115|0x00000000e7300000, 0x00000000e7300000, 0x00000000e7400000|  0%| F|  |TAMS 0x00000000e7300000, 0x00000000e7300000| Untracked 
| 116|0x00000000e7400000, 0x00000000e7400000, 0x00000000e7500000|  0%| F|  |TAMS 0x00000000e7400000, 0x00000000e7400000| Untracked 
| 117|0x00000000e7500000, 0x00000000e7500000, 0x00000000e7600000|  0%| F|  |TAMS 0x00000000e7500000, 0x00000000e7500000| Untracked 
| 118|0x00000000e7600000, 0x00000000e7600000, 0x00000000e7700000|  0%| F|  |TAMS 0x00000000e7600000, 0x00000000e7600000| Untracked 
| 119|0x00000000e7700000, 0x00000000e7700000, 0x00000000e7800000|  0%| F|  |TAMS 0x00000000e7700000, 0x00000000e7700000| Untracked 
| 120|0x00000000e7800000, 0x00000000e7800000, 0x00000000e7900000|  0%| F|  |TAMS 0x00000000e7800000, 0x00000000e7800000| Untracked 
| 121|0x00000000e7900000, 0x00000000e7900000, 0x00000000e7a00000|  0%| F|  |TAMS 0x00000000e7900000, 0x00000000e7900000| Untracked 
| 122|0x00000000e7a00000, 0x00000000e7a00000, 0x00000000e7b00000|  0%| F|  |TAMS 0x00000000e7a00000, 0x00000000e7a00000| Untracked 
| 123|0x00000000e7b00000, 0x00000000e7b00000, 0x00000000e7c00000|  0%| F|  |TAMS 0x00000000e7b00000, 0x00000000e7b00000| Untracked 
| 124|0x00000000e7c00000, 0x00000000e7c00000, 0x00000000e7d00000|  0%| F|  |TAMS 0x00000000e7c00000, 0x00000000e7c00000| Untracked 
| 125|0x00000000e7d00000, 0x00000000e7d00000, 0x00000000e7e00000|  0%| F|  |TAMS 0x00000000e7d00000, 0x00000000e7d00000| Untracked 
| 126|0x00000000e7e00000, 0x00000000e7e00000, 0x00000000e7f00000|  0%| F|  |TAMS 0x00000000e7e00000, 0x00000000e7e00000| Untracked 
| 127|0x00000000e7f00000, 0x00000000e7f00000, 0x00000000e8000000|  0%| F|  |TAMS 0x00000000e7f00000, 0x00000000e7f00000| Untracked 
| 128|0x00000000e8000000, 0x00000000e8000000, 0x00000000e8100000|  0%| F|  |TAMS 0x00000000e8000000, 0x00000000e8000000| Untracked 
| 129|0x00000000e8100000, 0x00000000e8100000, 0x00000000e8200000|  0%| F|  |TAMS 0x00000000e8100000, 0x00000000e8100000| Untracked 
| 130|0x00000000e8200000, 0x00000000e8200000, 0x00000000e8300000|  0%| F|  |TAMS 0x00000000e8200000, 0x00000000e8200000| Untracked 
| 131|0x00000000e8300000, 0x00000000e8300000, 0x00000000e8400000|  0%| F|  |TAMS 0x00000000e8300000, 0x00000000e8300000| Untracked 
| 132|0x00000000e8400000, 0x00000000e8400000, 0x00000000e8500000|  0%| F|  |TAMS 0x00000000e8400000, 0x00000000e8400000| Untracked 
| 133|0x00000000e8500000, 0x00000000e8500000, 0x00000000e8600000|  0%| F|  |TAMS 0x00000000e8500000, 0x00000000e8500000| Untracked 
| 134|0x00000000e8600000, 0x00000000e8600000, 0x00000000e8700000|  0%| F|  |TAMS 0x00000000e8600000, 0x00000000e8600000| Untracked 
| 135|0x00000000e8700000, 0x00000000e8700000, 0x00000000e8800000|  0%| F|  |TAMS 0x00000000e8700000, 0x00000000e8700000| Untracked 
| 136|0x00000000e8800000, 0x00000000e8800000, 0x00000000e8900000|  0%| F|  |TAMS 0x00000000e8800000, 0x00000000e8800000| Untracked 
| 137|0x00000000e8900000, 0x00000000e8900000, 0x00000000e8a00000|  0%| F|  |TAMS 0x00000000e8900000, 0x00000000e8900000| Untracked 
| 138|0x00000000e8a00000, 0x00000000e8a00000, 0x00000000e8b00000|  0%| F|  |TAMS 0x00000000e8a00000, 0x00000000e8a00000| Untracked 
| 139|0x00000000e8b00000, 0x00000000e8b00000, 0x00000000e8c00000|  0%| F|  |TAMS 0x00000000e8b00000, 0x00000000e8b00000| Untracked 
| 140|0x00000000e8c00000, 0x00000000e8c80800, 0x00000000e8d00000| 50%| E|  |TAMS 0x00000000e8c00000, 0x00000000e8c00000| Complete 
| 141|0x00000000e8d00000, 0x00000000e8e00000, 0x00000000e8e00000|100%| E|CS|TAMS 0x00000000e8d00000, 0x00000000e8d00000| Complete 
| 142|0x00000000e8e00000, 0x00000000e8f00000, 0x00000000e8f00000|100%| E|CS|TAMS 0x00000000e8e00000, 0x00000000e8e00000| Complete 
| 143|0x00000000e8f00000, 0x00000000e9000000, 0x00000000e9000000|100%| E|CS|TAMS 0x00000000e8f00000, 0x00000000e8f00000| Complete 
| 144|0x00000000e9000000, 0x00000000e9100000, 0x00000000e9100000|100%| E|CS|TAMS 0x00000000e9000000, 0x00000000e9000000| Complete 
| 145|0x00000000e9100000, 0x00000000e9200000, 0x00000000e9200000|100%| E|CS|TAMS 0x00000000e9100000, 0x00000000e9100000| Complete 
| 146|0x00000000e9200000, 0x00000000e9300000, 0x00000000e9300000|100%| E|CS|TAMS 0x00000000e9200000, 0x00000000e9200000| Complete 
| 147|0x00000000e9300000, 0x00000000e9400000, 0x00000000e9400000|100%| E|CS|TAMS 0x00000000e9300000, 0x00000000e9300000| Complete 
| 148|0x00000000e9400000, 0x00000000e9500000, 0x00000000e9500000|100%| E|CS|TAMS 0x00000000e9400000, 0x00000000e9400000| Complete 
| 149|0x00000000e9500000, 0x00000000e9600000, 0x00000000e9600000|100%| E|CS|TAMS 0x00000000e9500000, 0x00000000e9500000| Complete 
| 150|0x00000000e9600000, 0x00000000e9700000, 0x00000000e9700000|100%| E|CS|TAMS 0x00000000e9600000, 0x00000000e9600000| Complete 
| 151|0x00000000e9700000, 0x00000000e9800000, 0x00000000e9800000|100%| E|CS|TAMS 0x00000000e9700000, 0x00000000e9700000| Complete 
| 152|0x00000000e9800000, 0x00000000e9900000, 0x00000000e9900000|100%| E|CS|TAMS 0x00000000e9800000, 0x00000000e9800000| Complete 
| 153|0x00000000e9900000, 0x00000000e9a00000, 0x00000000e9a00000|100%| E|CS|TAMS 0x00000000e9900000, 0x00000000e9900000| Complete 
| 154|0x00000000e9a00000, 0x00000000e9b00000, 0x00000000e9b00000|100%| E|CS|TAMS 0x00000000e9a00000, 0x00000000e9a00000| Complete 
| 155|0x00000000e9b00000, 0x00000000e9c00000, 0x00000000e9c00000|100%| E|CS|TAMS 0x00000000e9b00000, 0x00000000e9b00000| Complete 
| 156|0x00000000e9c00000, 0x00000000e9d00000, 0x00000000e9d00000|100%| E|CS|TAMS 0x00000000e9c00000, 0x00000000e9c00000| Complete 
| 157|0x00000000e9d00000, 0x00000000e9e00000, 0x00000000e9e00000|100%| E|CS|TAMS 0x00000000e9d00000, 0x00000000e9d00000| Complete 
| 158|0x00000000e9e00000, 0x00000000e9f00000, 0x00000000e9f00000|100%| E|CS|TAMS 0x00000000e9e00000, 0x00000000e9e00000| Complete 
| 159|0x00000000e9f00000, 0x00000000ea000000, 0x00000000ea000000|100%| E|CS|TAMS 0x00000000e9f00000, 0x00000000e9f00000| Complete 
| 160|0x00000000ea000000, 0x00000000ea100000, 0x00000000ea100000|100%| E|CS|TAMS 0x00000000ea000000, 0x00000000ea000000| Complete 
| 161|0x00000000ea100000, 0x00000000ea200000, 0x00000000ea200000|100%| E|CS|TAMS 0x00000000ea100000, 0x00000000ea100000| Complete 
| 162|0x00000000ea200000, 0x00000000ea300000, 0x00000000ea300000|100%| E|CS|TAMS 0x00000000ea200000, 0x00000000ea200000| Complete 
| 163|0x00000000ea300000, 0x00000000ea400000, 0x00000000ea400000|100%| E|CS|TAMS 0x00000000ea300000, 0x00000000ea300000| Complete 
| 164|0x00000000ea400000, 0x00000000ea500000, 0x00000000ea500000|100%| E|CS|TAMS 0x00000000ea400000, 0x00000000ea400000| Complete 
| 165|0x00000000ea500000, 0x00000000ea600000, 0x00000000ea600000|100%| E|CS|TAMS 0x00000000ea500000, 0x00000000ea500000| Complete 
| 166|0x00000000ea600000, 0x00000000ea700000, 0x00000000ea700000|100%| E|CS|TAMS 0x00000000ea600000, 0x00000000ea600000| Complete 
| 167|0x00000000ea700000, 0x00000000ea800000, 0x00000000ea800000|100%| E|CS|TAMS 0x00000000ea700000, 0x00000000ea700000| Complete 
| 168|0x00000000ea800000, 0x00000000ea900000, 0x00000000ea900000|100%| E|CS|TAMS 0x00000000ea800000, 0x00000000ea800000| Complete 
| 169|0x00000000ea900000, 0x00000000eaa00000, 0x00000000eaa00000|100%| E|CS|TAMS 0x00000000ea900000, 0x00000000ea900000| Complete 
| 170|0x00000000eaa00000, 0x00000000eab00000, 0x00000000eab00000|100%| E|CS|TAMS 0x00000000eaa00000, 0x00000000eaa00000| Complete 
| 171|0x00000000eab00000, 0x00000000eac00000, 0x00000000eac00000|100%| E|CS|TAMS 0x00000000eab00000, 0x00000000eab00000| Complete 
| 172|0x00000000eac00000, 0x00000000ead00000, 0x00000000ead00000|100%| E|CS|TAMS 0x00000000eac00000, 0x00000000eac00000| Complete 
| 173|0x00000000ead00000, 0x00000000eae00000, 0x00000000eae00000|100%| E|CS|TAMS 0x00000000ead00000, 0x00000000ead00000| Complete 
| 174|0x00000000eae00000, 0x00000000eaf00000, 0x00000000eaf00000|100%| E|CS|TAMS 0x00000000eae00000, 0x00000000eae00000| Complete 
| 175|0x00000000eaf00000, 0x00000000eb000000, 0x00000000eb000000|100%| E|CS|TAMS 0x00000000eaf00000, 0x00000000eaf00000| Complete 
| 176|0x00000000eb000000, 0x00000000eb100000, 0x00000000eb100000|100%| E|CS|TAMS 0x00000000eb000000, 0x00000000eb000000| Complete 
| 177|0x00000000eb100000, 0x00000000eb200000, 0x00000000eb200000|100%| E|CS|TAMS 0x00000000eb100000, 0x00000000eb100000| Complete 
| 178|0x00000000eb200000, 0x00000000eb300000, 0x00000000eb300000|100%| E|CS|TAMS 0x00000000eb200000, 0x00000000eb200000| Complete 
| 179|0x00000000eb300000, 0x00000000eb400000, 0x00000000eb400000|100%| E|CS|TAMS 0x00000000eb300000, 0x00000000eb300000| Complete 
| 180|0x00000000eb400000, 0x00000000eb500000, 0x00000000eb500000|100%| E|CS|TAMS 0x00000000eb400000, 0x00000000eb400000| Complete 
| 181|0x00000000eb500000, 0x00000000eb600000, 0x00000000eb600000|100%| E|CS|TAMS 0x00000000eb500000, 0x00000000eb500000| Complete 
| 182|0x00000000eb600000, 0x00000000eb700000, 0x00000000eb700000|100%| E|CS|TAMS 0x00000000eb600000, 0x00000000eb600000| Complete 
| 183|0x00000000eb700000, 0x00000000eb800000, 0x00000000eb800000|100%| E|CS|TAMS 0x00000000eb700000, 0x00000000eb700000| Complete 
| 184|0x00000000eb800000, 0x00000000eb900000, 0x00000000eb900000|100%| E|CS|TAMS 0x00000000eb800000, 0x00000000eb800000| Complete 
| 185|0x00000000eb900000, 0x00000000eba00000, 0x00000000eba00000|100%| E|CS|TAMS 0x00000000eb900000, 0x00000000eb900000| Complete 
| 186|0x00000000eba00000, 0x00000000ebb00000, 0x00000000ebb00000|100%| E|CS|TAMS 0x00000000eba00000, 0x00000000eba00000| Complete 
| 187|0x00000000ebb00000, 0x00000000ebc00000, 0x00000000ebc00000|100%| E|CS|TAMS 0x00000000ebb00000, 0x00000000ebb00000| Complete 
| 188|0x00000000ebc00000, 0x00000000ebd00000, 0x00000000ebd00000|100%| E|CS|TAMS 0x00000000ebc00000, 0x00000000ebc00000| Complete 
| 189|0x00000000ebd00000, 0x00000000ebe00000, 0x00000000ebe00000|100%| E|CS|TAMS 0x00000000ebd00000, 0x00000000ebd00000| Complete 
| 190|0x00000000ebe00000, 0x00000000ebf00000, 0x00000000ebf00000|100%| E|CS|TAMS 0x00000000ebe00000, 0x00000000ebe00000| Complete 
| 191|0x00000000ebf00000, 0x00000000ec000000, 0x00000000ec000000|100%| E|CS|TAMS 0x00000000ebf00000, 0x00000000ebf00000| Complete 
| 192|0x00000000ec000000, 0x00000000ec100000, 0x00000000ec100000|100%| E|CS|TAMS 0x00000000ec000000, 0x00000000ec000000| Complete 
| 193|0x00000000ec100000, 0x00000000ec200000, 0x00000000ec200000|100%| E|CS|TAMS 0x00000000ec100000, 0x00000000ec100000| Complete 
| 194|0x00000000ec200000, 0x00000000ec300000, 0x00000000ec300000|100%| E|CS|TAMS 0x00000000ec200000, 0x00000000ec200000| Complete 
| 195|0x00000000ec300000, 0x00000000ec400000, 0x00000000ec400000|100%| E|CS|TAMS 0x00000000ec300000, 0x00000000ec300000| Complete 
| 196|0x00000000ec400000, 0x00000000ec500000, 0x00000000ec500000|100%| E|CS|TAMS 0x00000000ec400000, 0x00000000ec400000| Complete 
| 197|0x00000000ec500000, 0x00000000ec600000, 0x00000000ec600000|100%| E|CS|TAMS 0x00000000ec500000, 0x00000000ec500000| Complete 
| 198|0x00000000ec600000, 0x00000000ec700000, 0x00000000ec700000|100%| E|CS|TAMS 0x00000000ec600000, 0x00000000ec600000| Complete 
| 199|0x00000000ec700000, 0x00000000ec800000, 0x00000000ec800000|100%| E|CS|TAMS 0x00000000ec700000, 0x00000000ec700000| Complete 
| 200|0x00000000ec800000, 0x00000000ec900000, 0x00000000ec900000|100%| E|CS|TAMS 0x00000000ec800000, 0x00000000ec800000| Complete 
| 201|0x00000000ec900000, 0x00000000eca00000, 0x00000000eca00000|100%| E|CS|TAMS 0x00000000ec900000, 0x00000000ec900000| Complete 
| 202|0x00000000eca00000, 0x00000000ecb00000, 0x00000000ecb00000|100%| E|CS|TAMS 0x00000000eca00000, 0x00000000eca00000| Complete 
| 203|0x00000000ecb00000, 0x00000000ecc00000, 0x00000000ecc00000|100%| E|CS|TAMS 0x00000000ecb00000, 0x00000000ecb00000| Complete 
| 204|0x00000000ecc00000, 0x00000000ecd00000, 0x00000000ecd00000|100%| E|CS|TAMS 0x00000000ecc00000, 0x00000000ecc00000| Complete 
| 205|0x00000000ecd00000, 0x00000000ece00000, 0x00000000ece00000|100%| E|CS|TAMS 0x00000000ecd00000, 0x00000000ecd00000| Complete 
| 206|0x00000000ece00000, 0x00000000ecf00000, 0x00000000ecf00000|100%| E|CS|TAMS 0x00000000ece00000, 0x00000000ece00000| Complete 
| 207|0x00000000ecf00000, 0x00000000ed000000, 0x00000000ed000000|100%| E|CS|TAMS 0x00000000ecf00000, 0x00000000ecf00000| Complete 
| 208|0x00000000ed000000, 0x00000000ed100000, 0x00000000ed100000|100%| E|CS|TAMS 0x00000000ed000000, 0x00000000ed000000| Complete 
| 209|0x00000000ed100000, 0x00000000ed200000, 0x00000000ed200000|100%| E|CS|TAMS 0x00000000ed100000, 0x00000000ed100000| Complete 
| 210|0x00000000ed200000, 0x00000000ed300000, 0x00000000ed300000|100%| E|CS|TAMS 0x00000000ed200000, 0x00000000ed200000| Complete 
| 211|0x00000000ed300000, 0x00000000ed400000, 0x00000000ed400000|100%| E|CS|TAMS 0x00000000ed300000, 0x00000000ed300000| Complete 
| 212|0x00000000ed400000, 0x00000000ed500000, 0x00000000ed500000|100%| E|CS|TAMS 0x00000000ed400000, 0x00000000ed400000| Complete 
| 213|0x00000000ed500000, 0x00000000ed600000, 0x00000000ed600000|100%| E|CS|TAMS 0x00000000ed500000, 0x00000000ed500000| Complete 
| 214|0x00000000ed600000, 0x00000000ed700000, 0x00000000ed700000|100%| E|CS|TAMS 0x00000000ed600000, 0x00000000ed600000| Complete 
| 215|0x00000000ed700000, 0x00000000ed800000, 0x00000000ed800000|100%| E|CS|TAMS 0x00000000ed700000, 0x00000000ed700000| Complete 
| 216|0x00000000ed800000, 0x00000000ed900000, 0x00000000ed900000|100%| E|CS|TAMS 0x00000000ed800000, 0x00000000ed800000| Complete 
| 217|0x00000000ed900000, 0x00000000eda00000, 0x00000000eda00000|100%| E|CS|TAMS 0x00000000ed900000, 0x00000000ed900000| Complete 
| 218|0x00000000eda00000, 0x00000000edb00000, 0x00000000edb00000|100%| E|CS|TAMS 0x00000000eda00000, 0x00000000eda00000| Complete 
| 219|0x00000000edb00000, 0x00000000edc00000, 0x00000000edc00000|100%| E|CS|TAMS 0x00000000edb00000, 0x00000000edb00000| Complete 
| 220|0x00000000edc00000, 0x00000000edd00000, 0x00000000edd00000|100%| E|CS|TAMS 0x00000000edc00000, 0x00000000edc00000| Complete 
| 221|0x00000000edd00000, 0x00000000ede00000, 0x00000000ede00000|100%| E|CS|TAMS 0x00000000edd00000, 0x00000000edd00000| Complete 
| 222|0x00000000ede00000, 0x00000000edf00000, 0x00000000edf00000|100%| E|CS|TAMS 0x00000000ede00000, 0x00000000ede00000| Complete 
| 223|0x00000000edf00000, 0x00000000ee000000, 0x00000000ee000000|100%| E|CS|TAMS 0x00000000edf00000, 0x00000000edf00000| Complete 
| 224|0x00000000ee000000, 0x00000000ee100000, 0x00000000ee100000|100%| E|CS|TAMS 0x00000000ee000000, 0x00000000ee000000| Complete 
| 225|0x00000000ee100000, 0x00000000ee200000, 0x00000000ee200000|100%| E|CS|TAMS 0x00000000ee100000, 0x00000000ee100000| Complete 
| 226|0x00000000ee200000, 0x00000000ee300000, 0x00000000ee300000|100%| E|CS|TAMS 0x00000000ee200000, 0x00000000ee200000| Complete 
| 227|0x00000000ee300000, 0x00000000ee400000, 0x00000000ee400000|100%| E|CS|TAMS 0x00000000ee300000, 0x00000000ee300000| Complete 
| 228|0x00000000ee400000, 0x00000000ee500000, 0x00000000ee500000|100%| E|CS|TAMS 0x00000000ee400000, 0x00000000ee400000| Complete 
| 229|0x00000000ee500000, 0x00000000ee600000, 0x00000000ee600000|100%| E|CS|TAMS 0x00000000ee500000, 0x00000000ee500000| Complete 
| 230|0x00000000ee600000, 0x00000000ee700000, 0x00000000ee700000|100%| E|CS|TAMS 0x00000000ee600000, 0x00000000ee600000| Complete 
| 231|0x00000000ee700000, 0x00000000ee800000, 0x00000000ee800000|100%| E|CS|TAMS 0x00000000ee700000, 0x00000000ee700000| Complete 
| 232|0x00000000ee800000, 0x00000000ee900000, 0x00000000ee900000|100%| E|CS|TAMS 0x00000000ee800000, 0x00000000ee800000| Complete 
| 233|0x00000000ee900000, 0x00000000eea00000, 0x00000000eea00000|100%| E|CS|TAMS 0x00000000ee900000, 0x00000000ee900000| Complete 
| 234|0x00000000eea00000, 0x00000000eeb00000, 0x00000000eeb00000|100%| E|CS|TAMS 0x00000000eea00000, 0x00000000eea00000| Complete 
| 235|0x00000000eeb00000, 0x00000000eec00000, 0x00000000eec00000|100%| E|  |TAMS 0x00000000eeb00000, 0x00000000eeb00000| Complete 
| 236|0x00000000eec00000, 0x00000000eed00000, 0x00000000eed00000|100%| E|CS|TAMS 0x00000000eec00000, 0x00000000eec00000| Complete 
| 237|0x00000000eed00000, 0x00000000eee00000, 0x00000000eee00000|100%| E|CS|TAMS 0x00000000eed00000, 0x00000000eed00000| Complete 
| 238|0x00000000eee00000, 0x00000000eef00000, 0x00000000eef00000|100%| E|CS|TAMS 0x00000000eee00000, 0x00000000eee00000| Complete 
| 239|0x00000000eef00000, 0x00000000ef000000, 0x00000000ef000000|100%| E|CS|TAMS 0x00000000eef00000, 0x00000000eef00000| Complete 
| 240|0x00000000ef000000, 0x00000000ef100000, 0x00000000ef100000|100%| E|CS|TAMS 0x00000000ef000000, 0x00000000ef000000| Complete 
| 241|0x00000000ef100000, 0x00000000ef200000, 0x00000000ef200000|100%| E|CS|TAMS 0x00000000ef100000, 0x00000000ef100000| Complete 
| 242|0x00000000ef200000, 0x00000000ef300000, 0x00000000ef300000|100%| E|CS|TAMS 0x00000000ef200000, 0x00000000ef200000| Complete 
| 243|0x00000000ef300000, 0x00000000ef400000, 0x00000000ef400000|100%| E|CS|TAMS 0x00000000ef300000, 0x00000000ef300000| Complete 
| 244|0x00000000ef400000, 0x00000000ef500000, 0x00000000ef500000|100%| E|CS|TAMS 0x00000000ef400000, 0x00000000ef400000| Complete 
| 245|0x00000000ef500000, 0x00000000ef600000, 0x00000000ef600000|100%| E|CS|TAMS 0x00000000ef500000, 0x00000000ef500000| Complete 
| 246|0x00000000ef600000, 0x00000000ef700000, 0x00000000ef700000|100%| E|CS|TAMS 0x00000000ef600000, 0x00000000ef600000| Complete 
| 247|0x00000000ef700000, 0x00000000ef800000, 0x00000000ef800000|100%| E|CS|TAMS 0x00000000ef700000, 0x00000000ef700000| Complete 
| 248|0x00000000ef800000, 0x00000000ef900000, 0x00000000ef900000|100%| E|CS|TAMS 0x00000000ef800000, 0x00000000ef800000| Complete 
| 249|0x00000000ef900000, 0x00000000efa00000, 0x00000000efa00000|100%| E|CS|TAMS 0x00000000ef900000, 0x00000000ef900000| Complete 
| 250|0x00000000efa00000, 0x00000000efa55840, 0x00000000efb00000| 33%| S|CS|TAMS 0x00000000efa00000, 0x00000000efa00000| Complete 
| 251|0x00000000efb00000, 0x00000000efc00000, 0x00000000efc00000|100%| E|CS|TAMS 0x00000000efb00000, 0x00000000efb00000| Complete 
| 252|0x00000000efc00000, 0x00000000efd00000, 0x00000000efd00000|100%| E|CS|TAMS 0x00000000efc00000, 0x00000000efc00000| Complete 
| 253|0x00000000efd00000, 0x00000000efe00000, 0x00000000efe00000|100%| E|CS|TAMS 0x00000000efd00000, 0x00000000efd00000| Complete 
| 254|0x00000000efe00000, 0x00000000eff00000, 0x00000000eff00000|100%| E|CS|TAMS 0x00000000efe00000, 0x00000000efe00000| Complete 
| 255|0x00000000eff00000, 0x00000000f0000000, 0x00000000f0000000|100%| E|CS|TAMS 0x00000000eff00000, 0x00000000eff00000| Complete 

Card table byte_map: [0x0000019aff820000,0x0000019aff920000] _byte_map_base: 0x0000019aff120000

Marking Bits (Prev, Next): (CMBitMap*) 0x0000019aff357040, (CMBitMap*) 0x0000019aff357080
 Prev Bits: [0x0000019a967d0000, 0x0000019a96fd0000)
 Next Bits: [0x0000019a96fd0000, 0x0000019a977d0000)

Polling page: 0x0000019afd260000

Metaspace:

Usage:
  Non-class:     39.94 MB used.
      Class:      6.59 MB used.
       Both:     46.53 MB used.

Virtual space:
  Non-class space:       64.00 MB reserved,      40.19 MB ( 63%) committed,  1 nodes.
      Class space:      320.00 MB reserved,       6.81 MB (  2%) committed,  1 nodes.
             Both:      384.00 MB reserved,      47.00 MB ( 12%) committed. 

Chunk freelists:
   Non-Class:  7.50 MB
       Class:  9.22 MB
        Both:  16.72 MB

MaxMetaspaceSize: 384.00 MB
CompressedClassSpaceSize: 320.00 MB
Initial GC threshold: 21.00 MB
Current GC threshold: 60.75 MB
CDS: on
MetaspaceReclaimPolicy: balanced
 - commit_granule_bytes: 65536.
 - commit_granule_words: 8192.
 - virtual_space_node_default_size: 8388608.
 - enlarge_chunks_in_place: 1.
 - new_chunks_are_fully_committed: 0.
 - uncommit_free_chunks: 1.
 - use_allocation_guard: 0.
 - handle_deallocations: 1.


Internal statistics:

num_allocs_failed_limit: 12.
num_arena_births: 550.
num_arena_deaths: 0.
num_vsnodes_births: 2.
num_vsnodes_deaths: 0.
num_space_committed: 752.
num_space_uncommitted: 0.
num_chunks_returned_to_freelist: 12.
num_chunks_taken_from_freelist: 2453.
num_chunk_merges: 12.
num_chunk_splits: 1610.
num_chunks_enlarged: 1088.
num_purges: 0.
num_inconsistent_stats: 0.

CodeHeap 'non-profiled nmethods': size=120000Kb used=2961Kb max_used=3112Kb free=117038Kb
 bounds [0x0000019a8f2a0000, 0x0000019a8f5c0000, 0x0000019a967d0000]
CodeHeap 'profiled nmethods': size=120000Kb used=10461Kb max_used=10461Kb free=109538Kb
 bounds [0x0000019a877d0000, 0x0000019a88210000, 0x0000019a8ed00000]
CodeHeap 'non-nmethods': size=5760Kb used=2398Kb max_used=2398Kb free=3361Kb
 bounds [0x0000019a8ed00000, 0x0000019a8ef70000, 0x0000019a8f2a0000]
 total_blobs=6255 nmethods=5407 adapters=756
 compilation: enabled
              stopped_count=0, restarted_count=0
 full_count=0

Compilation events (20 events):
Event: 118.411 Thread 0x0000019ab3010110 nmethod 6206 0x0000019a87f69e90 code [0x0000019a87f6a020, 0x0000019a87f6a118]
Event: 118.424 Thread 0x0000019ab3010110 6208       3       java.lang.AbstractStringBuilder::append (60 bytes)
Event: 118.425 Thread 0x0000019ab3010110 nmethod 6208 0x0000019a881eea10 code [0x0000019a881eebe0, 0x0000019a881eef18]
Event: 118.483 Thread 0x0000019ab3010110 6209       3       java.util.concurrent.ConcurrentSkipListMap::cpr (26 bytes)
Event: 118.483 Thread 0x0000019ab3010110 nmethod 6209 0x0000019a881ef090 code [0x0000019a881ef260, 0x0000019a881ef658]
Event: 118.483 Thread 0x0000019ab3010110 6210       3       org.gradle.internal.serialize.DefaultSerializerRegistry$1::compare (13 bytes)
Event: 118.485 Thread 0x0000019ab3010110 nmethod 6210 0x0000019a881ef790 code [0x0000019a881ef980, 0x0000019a881eff28]
Event: 118.527 Thread 0x0000019ab3010110 6212       3       com.google.common.cache.LocalCache::createSegment (13 bytes)
Event: 118.528 Thread 0x0000019ab3010110 nmethod 6212 0x0000019a881f0110 code [0x0000019a881f02c0, 0x0000019a881f0488]
Event: 118.528 Thread 0x0000019ab3010110 6213       3       com.google.common.cache.LocalCache$Segment::<init> (163 bytes)
Event: 118.531 Thread 0x0000019ab3010110 nmethod 6213 0x0000019a881f0590 code [0x0000019a881f09c0, 0x0000019a881f3088]
Event: 118.559 Thread 0x0000019ab3010110 6214       3       org.objectweb.asm.SymbolTable::addBootstrapMethod (209 bytes)
Event: 118.561 Thread 0x0000019ab3010110 nmethod 6214 0x0000019a881f3b10 code [0x0000019a881f3d80, 0x0000019a881f4858]
Event: 118.561 Thread 0x0000019ab3010110 6216       3       org.gradle.internal.instantiation.generator.AsmBackedClassGenerator$ClassBuilderImpl$$Lambda$148/0x0000019a9b1c4b98::<init> (32 bytes)
Event: 118.561 Thread 0x0000019ab3010110 nmethod 6216 0x0000019a881f4d90 code [0x0000019a881f4f40, 0x0000019a881f5278]
Event: 118.561 Thread 0x0000019ab3010110 6217       3       org.gradle.internal.instantiation.generator.AsmBackedClassGenerator$ClassBuilderImpl$$Lambda$148/0x0000019a9b1c4b98::emit (25 bytes)
Event: 118.562 Thread 0x0000019ab3010110 nmethod 6217 0x0000019a881f5310 code [0x0000019a881f54c0, 0x0000019a881f5628]
Event: 118.562 Thread 0x0000019ab3010110 6218       3       org.gradle.internal.instantiation.generator.AsmBackedClassGenerator$ClassBuilderImpl::lambda$addLazyGetter$15 (17 bytes)
Event: 118.562 Thread 0x0000019ab3010110 nmethod 6218 0x0000019a881f5710 code [0x0000019a881f58c0, 0x0000019a881f5a88]
Event: 118.562 Thread 0x0000019ab3010110 6219       3       org.gradle.internal.instantiation.generator.AsmBackedClassGenerator$ClassBuilderImpl$16::<init> (144 bytes)

GC Heap History (14 events):
Event: 1.722 GC heap before
{Heap before GC invocations=0 (full 0):
 garbage-first heap   total 262144K, used 22528K [0x00000000e0000000, 0x0000000100000000)
  region size 1024K, 23 young (23552K), 0 survivors (0K)
 Metaspace       used 1092K, committed 1216K, reserved 393216K
  class space    used 73K, committed 128K, reserved 327680K
}
Event: 2.526 GC heap after
{Heap after GC invocations=1 (full 0):
 garbage-first heap   total 262144K, used 4603K [0x00000000e0000000, 0x0000000100000000)
  region size 1024K, 3 young (3072K), 3 survivors (3072K)
 Metaspace       used 1092K, committed 1216K, reserved 393216K
  class space    used 73K, committed 128K, reserved 327680K
}
Event: 4.446 GC heap before
{Heap before GC invocations=1 (full 0):
 garbage-first heap   total 262144K, used 40443K [0x00000000e0000000, 0x0000000100000000)
  region size 1024K, 35 young (35840K), 3 survivors (3072K)
 Metaspace       used 4354K, committed 4544K, reserved 393216K
  class space    used 541K, committed 640K, reserved 327680K
}
Event: 4.453 GC heap after
{Heap after GC invocations=2 (full 0):
 garbage-first heap   total 262144K, used 11528K [0x00000000e0000000, 0x0000000100000000)
  region size 1024K, 3 young (3072K), 3 survivors (3072K)
 Metaspace       used 4354K, committed 4544K, reserved 393216K
  class space    used 541K, committed 640K, reserved 327680K
}
Event: 6.030 GC heap before
{Heap before GC invocations=2 (full 0):
 garbage-first heap   total 262144K, used 59656K [0x00000000e0000000, 0x0000000100000000)
  region size 1024K, 48 young (49152K), 3 survivors (3072K)
 Metaspace       used 5242K, committed 5440K, reserved 393216K
  class space    used 692K, committed 768K, reserved 327680K
}
Event: 6.037 GC heap after
{Heap after GC invocations=3 (full 0):
 garbage-first heap   total 262144K, used 17485K [0x00000000e0000000, 0x0000000100000000)
  region size 1024K, 6 young (6144K), 6 survivors (6144K)
 Metaspace       used 5242K, committed 5440K, reserved 393216K
  class space    used 692K, committed 768K, reserved 327680K
}
Event: 32.911 GC heap before
{Heap before GC invocations=3 (full 0):
 garbage-first heap   total 262144K, used 118861K [0x00000000e0000000, 0x0000000100000000)
  region size 1024K, 106 young (108544K), 6 survivors (6144K)
 Metaspace       used 21160K, committed 21504K, reserved 393216K
  class space    used 3080K, committed 3264K, reserved 327680K
}
Event: 32.932 GC heap after
{Heap after GC invocations=4 (full 0):
 garbage-first heap   total 262144K, used 24430K [0x00000000e0000000, 0x0000000100000000)
  region size 1024K, 13 young (13312K), 13 survivors (13312K)
 Metaspace       used 21160K, committed 21504K, reserved 393216K
  class space    used 3080K, committed 3264K, reserved 327680K
}
Event: 98.117 GC heap before
{Heap before GC invocations=5 (full 0):
 garbage-first heap   total 262144K, used 158574K [0x00000000e0000000, 0x0000000100000000)
  region size 1024K, 141 young (144384K), 13 survivors (13312K)
 Metaspace       used 36403K, committed 36800K, reserved 393216K
  class space    used 5043K, committed 5248K, reserved 327680K
}
Event: 98.140 GC heap after
{Heap after GC invocations=6 (full 0):
 garbage-first heap   total 262144K, used 34114K [0x00000000e0000000, 0x0000000100000000)
  region size 1024K, 17 young (17408K), 17 survivors (17408K)
 Metaspace       used 36403K, committed 36800K, reserved 393216K
  class space    used 5043K, committed 5248K, reserved 327680K
}
Event: 98.163 GC heap before
{Heap before GC invocations=6 (full 0):
 garbage-first heap   total 262144K, used 34114K [0x00000000e0000000, 0x0000000100000000)
  region size 1024K, 18 young (18432K), 17 survivors (17408K)
 Metaspace       used 36491K, committed 36928K, reserved 393216K
  class space    used 5052K, committed 5248K, reserved 327680K
}
Event: 98.185 GC heap after
{Heap after GC invocations=7 (full 0):
 garbage-first heap   total 262144K, used 33384K [0x00000000e0000000, 0x0000000100000000)
  region size 1024K, 2 young (2048K), 2 survivors (2048K)
 Metaspace       used 36491K, committed 36928K, reserved 393216K
  class space    used 5052K, committed 5248K, reserved 327680K
}
Event: 98.307 GC heap before
{Heap before GC invocations=7 (full 0):
 garbage-first heap   total 262144K, used 35432K [0x00000000e0000000, 0x0000000100000000)
  region size 1024K, 5 young (5120K), 2 survivors (2048K)
 Metaspace       used 36716K, committed 37120K, reserved 393216K
  class space    used 5089K, committed 5312K, reserved 327680K
}
Event: 98.310 GC heap after
{Heap after GC invocations=8 (full 0):
 garbage-first heap   total 262144K, used 32380K [0x00000000e0000000, 0x0000000100000000)
  region size 1024K, 1 young (1024K), 1 survivors (1024K)
 Metaspace       used 36716K, committed 37120K, reserved 393216K
  class space    used 5089K, committed 5312K, reserved 327680K
}

Deoptimization events (20 events):
Event: 118.400 Thread 0x0000019ab404b600 Uncommon trap: trap_request=0xffffffc6 fr.pc=0x0000019a8f5948ac relative=0x000000000000082c
Event: 118.400 Thread 0x0000019ab404b600 Uncommon trap: reason=bimorphic_or_optimized_type_check action=maybe_recompile pc=0x0000019a8f5948ac method=java.util.regex.Pattern$Start.match(Ljava/util/regex/Matcher;ILjava/lang/CharSequence;)Z @ 44 c2
Event: 118.400 Thread 0x0000019ab404b600 DEOPT PACKING pc=0x0000019a8f5948ac sp=0x0000002db62f5220
Event: 118.400 Thread 0x0000019ab404b600 DEOPT UNPACKING pc=0x0000019a8ed523a3 sp=0x0000002db62f5108 mode 2
Event: 118.400 Thread 0x0000019ab404b600 Uncommon trap: trap_request=0xffffffc6 fr.pc=0x0000019a8f5948ac relative=0x000000000000082c
Event: 118.400 Thread 0x0000019ab404b600 Uncommon trap: reason=bimorphic_or_optimized_type_check action=maybe_recompile pc=0x0000019a8f5948ac method=java.util.regex.Pattern$Start.match(Ljava/util/regex/Matcher;ILjava/lang/CharSequence;)Z @ 44 c2
Event: 118.400 Thread 0x0000019ab404b600 DEOPT PACKING pc=0x0000019a8f5948ac sp=0x0000002db62f5220
Event: 118.400 Thread 0x0000019ab404b600 DEOPT UNPACKING pc=0x0000019a8ed523a3 sp=0x0000002db62f5108 mode 2
Event: 118.400 Thread 0x0000019ab404b600 Uncommon trap: trap_request=0xffffffc6 fr.pc=0x0000019a8f5948ac relative=0x000000000000082c
Event: 118.400 Thread 0x0000019ab404b600 Uncommon trap: reason=bimorphic_or_optimized_type_check action=maybe_recompile pc=0x0000019a8f5948ac method=java.util.regex.Pattern$Start.match(Ljava/util/regex/Matcher;ILjava/lang/CharSequence;)Z @ 44 c2
Event: 118.400 Thread 0x0000019ab404b600 DEOPT PACKING pc=0x0000019a8f5948ac sp=0x0000002db62f5220
Event: 118.400 Thread 0x0000019ab404b600 DEOPT UNPACKING pc=0x0000019a8ed523a3 sp=0x0000002db62f5108 mode 2
Event: 118.400 Thread 0x0000019ab404b600 Uncommon trap: trap_request=0xffffffc6 fr.pc=0x0000019a8f56fe84 relative=0x00000000000007a4
Event: 118.400 Thread 0x0000019ab404b600 Uncommon trap: reason=bimorphic_or_optimized_type_check action=maybe_recompile pc=0x0000019a8f56fe84 method=java.util.regex.Pattern$Start.match(Ljava/util/regex/Matcher;ILjava/lang/CharSequence;)Z @ 44 c2
Event: 118.400 Thread 0x0000019ab404b600 DEOPT PACKING pc=0x0000019a8f56fe84 sp=0x0000002db62f51a0
Event: 118.400 Thread 0x0000019ab404b600 DEOPT UNPACKING pc=0x0000019a8ed523a3 sp=0x0000002db62f5100 mode 2
Event: 118.400 Thread 0x0000019ab404b600 Uncommon trap: trap_request=0xffffffc6 fr.pc=0x0000019a8f570ed8 relative=0x0000000000000678
Event: 118.400 Thread 0x0000019ab404b600 Uncommon trap: reason=bimorphic_or_optimized_type_check action=maybe_recompile pc=0x0000019a8f570ed8 method=java.util.regex.Pattern$Start.match(Ljava/util/regex/Matcher;ILjava/lang/CharSequence;)Z @ 44 c2
Event: 118.400 Thread 0x0000019ab404b600 DEOPT PACKING pc=0x0000019a8f570ed8 sp=0x0000002db62f5120
Event: 118.400 Thread 0x0000019ab404b600 DEOPT UNPACKING pc=0x0000019a8ed523a3 sp=0x0000002db62f5100 mode 2

Classes unloaded (0 events):
No events

Classes redefined (0 events):
No events

Internal exceptions (20 events):
Event: 112.690 Thread 0x0000019ab404b600 Exception <a 'java/lang/NoSuchMethodError'{0x00000000ec7dc498}: 'java.lang.Object java.lang.invoke.DirectMethodHandle$Holder.newInvokeSpecial(java.lang.Object, java.lang.Object, java.lang.Object, java.lang.Object, int)'> (0x00000000ec7dc498) 
thrown [s\open\src\hotspot\share\interpreter\linkResolver.cpp, line 759]
Event: 112.690 Thread 0x0000019ab404b600 Exception <a 'java/lang/NoSuchMethodError'{0x00000000ec7e1778}: 'java.lang.Object java.lang.invoke.DirectMethodHandle$Holder.invokeSpecial(java.lang.Object, java.lang.Object, java.lang.Object, java.lang.Object, java.lang.Object, int)'> (0x00000000ec7e1778) 
thrown [s\open\src\hotspot\share\interpreter\linkResolver.cpp, line 759]
Event: 112.691 Thread 0x0000019ab404b600 Exception <a 'java/lang/NoSuchMethodError'{0x00000000ec7e6408}: 'java.lang.Object java.lang.invoke.Invokers$Holder.linkToTargetMethod(java.lang.Object, java.lang.Object, java.lang.Object, int, java.lang.Object)'> (0x00000000ec7e6408) 
thrown [s\open\src\hotspot\share\interpreter\linkResolver.cpp, line 759]
Event: 112.705 Thread 0x0000019ab404b600 Exception <a 'java/lang/NoSuchMethodError'{0x00000000ec643cf0}: 'java.lang.Object java.lang.invoke.DirectMethodHandle$Holder.invokeSpecial(java.lang.Object, java.lang.Object, java.lang.Object, java.lang.Object, java.lang.Object, long)'> (0x00000000ec643cf0) 
thrown [s\open\src\hotspot\share\interpreter\linkResolver.cpp, line 759]
Event: 112.709 Thread 0x0000019ab404b600 Exception <a 'java/lang/NoSuchMethodError'{0x00000000ec66cd18}: 'void java.lang.invoke.DirectMethodHandle$Holder.invokeStatic(java.lang.Object, java.lang.Object, java.lang.Object, int, java.lang.Object)'> (0x00000000ec66cd18) 
thrown [s\open\src\hotspot\share\interpreter\linkResolver.cpp, line 759]
Event: 112.779 Thread 0x0000019ab404b600 Exception <a 'java/lang/NoSuchMethodError'{0x00000000ec5deae8}: 'int java.lang.invoke.DirectMethodHandle$Holder.invokeInterface(java.lang.Object, java.lang.Object, java.lang.Object, java.lang.Object, java.lang.Object)'> (0x00000000ec5deae8) 
thrown [s\open\src\hotspot\share\interpreter\linkResolver.cpp, line 759]
Event: 113.104 Thread 0x0000019ab404b600 Exception <a 'java/lang/NoSuchMethodError'{0x00000000ebee9498}: 'int java.lang.invoke.DirectMethodHandle$Holder.invokeInterface(java.lang.Object, java.lang.Object, java.lang.Object, java.lang.Object)'> (0x00000000ebee9498) 
thrown [s\open\src\hotspot\share\interpreter\linkResolver.cpp, line 759]
Event: 113.162 Thread 0x0000019ab404b600 Exception <a 'java/lang/NoSuchMethodError'{0x00000000ebcb01e0}: 'java.lang.Object java.lang.invoke.DirectMethodHandle$Holder.invokeStatic(java.lang.Object, long, java.lang.Object)'> (0x00000000ebcb01e0) 
thrown [s\open\src\hotspot\share\interpreter\linkResolver.cpp, line 759]
Event: 113.163 Thread 0x0000019ab404b600 Exception <a 'java/lang/NoSuchMethodError'{0x00000000ebcb7f18}: 'java.lang.Object java.lang.invoke.DirectMethodHandle$Holder.newInvokeSpecial(java.lang.Object, long)'> (0x00000000ebcb7f18) 
thrown [s\open\src\hotspot\share\interpreter\linkResolver.cpp, line 759]
Event: 113.174 Thread 0x0000019ab404b600 Exception <a 'java/lang/NoSuchMethodError'{0x00000000ebb15948}: 'java.lang.Object java.lang.invoke.DirectMethodHandle$Holder.newInvokeSpecial(java.lang.Object, java.lang.Object, java.lang.Object, java.lang.Object, java.lang.Object, long)'> (0x00000000ebb15948) 
thrown [s\open\src\hotspot\share\interpreter\linkResolver.cpp, line 759]
Event: 113.174 Thread 0x0000019ab404b600 Exception <a 'java/lang/NoSuchMethodError'{0x00000000ebb1a810}: 'java.lang.Object java.lang.invoke.DirectMethodHandle$Holder.invokeSpecial(java.lang.Object, java.lang.Object, java.lang.Object, java.lang.Object, java.lang.Object, java.lang.Object, long)'> (0x00000000ebb1a810) 
thrown [s\open\src\hotspot\share\interpreter\linkResolver.cpp, line 759]
Event: 113.182 Thread 0x0000019ab404b600 Exception <a 'java/lang/NoSuchMethodError'{0x00000000ebb67128}: 'java.lang.Object java.lang.invoke.DirectMethodHandle$Holder.newInvokeSpecial(java.lang.Object, java.lang.Object, java.lang.Object, long)'> (0x00000000ebb67128) 
thrown [s\open\src\hotspot\share\interpreter\linkResolver.cpp, line 759]
Event: 113.183 Thread 0x0000019ab404b600 Exception <a 'java/lang/NoSuchMethodError'{0x00000000ebb6c120}: 'java.lang.Object java.lang.invoke.DirectMethodHandle$Holder.invokeSpecial(java.lang.Object, java.lang.Object, java.lang.Object, java.lang.Object, long)'> (0x00000000ebb6c120) 
thrown [s\open\src\hotspot\share\interpreter\linkResolver.cpp, line 759]
Event: 113.183 Thread 0x0000019ab404b600 Exception <a 'java/lang/NoSuchMethodError'{0x00000000ebb70558}: 'java.lang.Object java.lang.invoke.Invokers$Holder.linkToTargetMethod(java.lang.Object, java.lang.Object, long, java.lang.Object)'> (0x00000000ebb70558) 
thrown [s\open\src\hotspot\share\interpreter\linkResolver.cpp, line 759]
Event: 113.253 Thread 0x0000019ab404b600 Exception <a 'java/lang/NoSuchMethodError'{0x00000000eb944510}: 'java.lang.Object java.lang.invoke.DirectMethodHandle$Holder.invokeSpecial(java.lang.Object, java.lang.Object, long, java.lang.Object, java.lang.Object)'> (0x00000000eb944510) 
thrown [s\open\src\hotspot\share\interpreter\linkResolver.cpp, line 759]
Event: 113.601 Thread 0x0000019ab404b600 Exception <a 'java/lang/IncompatibleClassChangeError'{0x00000000eb6efd58}: Found class java.lang.Object, but interface was expected> (0x00000000eb6efd58) 
thrown [s\open\src\hotspot\share\interpreter\linkResolver.cpp, line 826]
Event: 117.475 Thread 0x0000019ab404b600 Exception <a 'java/lang/NoSuchMethodError'{0x00000000eb07c0e8}: 'java.lang.Object java.lang.invoke.DirectMethodHandle$Holder.newInvokeSpecial(java.lang.Object, java.lang.Object, java.lang.Object, java.lang.Object, int, java.lang.Object)'> (0x00000000eb07c0e8) 
thrown [s\open\src\hotspot\share\interpreter\linkResolver.cpp, line 759]
Event: 117.476 Thread 0x0000019ab404b600 Exception <a 'java/lang/NoSuchMethodError'{0x00000000eb085060}: 'java.lang.Object java.lang.invoke.Invokers$Holder.linkToTargetMethod(java.lang.Object, java.lang.Object, java.lang.Object, int, java.lang.Object, java.lang.Object)'> (0x00000000eb085060) 
thrown [s\open\src\hotspot\share\interpreter\linkResolver.cpp, line 759]
Event: 117.722 Thread 0x0000019ab404b600 Exception <a 'java/lang/NoSuchMethodError'{0x00000000ea720ee0}: 'java.lang.Object java.lang.invoke.DirectMethodHandle$Holder.invokeSpecialIFC(java.lang.Object, java.lang.Object, java.lang.Object)'> (0x00000000ea720ee0) 
thrown [s\open\src\hotspot\share\interpreter\linkResolver.cpp, line 759]
Event: 118.494 Thread 0x0000019ab404b600 Exception <a 'java/lang/NoSuchMethodError'{0x00000000e8e58810}: 'void java.lang.invoke.DirectMethodHandle$Holder.invokeVirtual(java.lang.Object, java.lang.Object)'> (0x00000000e8e58810) 
thrown [s\open\src\hotspot\share\interpreter\linkResolver.cpp, line 759]

VM Operations (20 events):
Event: 104.262 Executing VM operation: HandshakeAllThreads
Event: 104.262 Executing VM operation: HandshakeAllThreads done
Event: 105.269 Executing VM operation: Cleanup
Event: 105.269 Executing VM operation: Cleanup done
Event: 108.305 Executing VM operation: Cleanup
Event: 108.305 Executing VM operation: Cleanup done
Event: 111.322 Executing VM operation: Cleanup
Event: 111.355 Executing VM operation: Cleanup done
Event: 112.361 Executing VM operation: Cleanup
Event: 112.370 Executing VM operation: Cleanup done
Event: 113.087 Executing VM operation: HandshakeAllThreads
Event: 113.088 Executing VM operation: HandshakeAllThreads done
Event: 113.102 Executing VM operation: HandshakeAllThreads
Event: 113.102 Executing VM operation: HandshakeAllThreads done
Event: 114.114 Executing VM operation: Cleanup
Event: 114.114 Executing VM operation: Cleanup done
Event: 117.824 Executing VM operation: ICBufferFull
Event: 117.824 Executing VM operation: ICBufferFull done
Event: 118.139 Executing VM operation: ICBufferFull
Event: 118.140 Executing VM operation: ICBufferFull done

Events (20 events):
Event: 118.309 loading class javax/xml/parsers/FactoryFinder done
Event: 118.310 loading class javax/xml/parsers/FactoryFinder$1
Event: 118.310 loading class javax/xml/parsers/FactoryFinder$1 done
Event: 118.312 loading class com/sun/org/apache/xerces/internal/jaxp/DocumentBuilderFactoryImpl
Event: 118.312 loading class com/sun/org/apache/xerces/internal/jaxp/DocumentBuilderFactoryImpl done
Event: 118.312 loading class com/sun/org/apache/xerces/internal/utils/XMLSecurityManager
Event: 118.313 loading class com/sun/org/apache/xerces/internal/utils/XMLSecurityManager done
Event: 118.313 loading class com/sun/org/apache/xerces/internal/utils/XMLSecurityManager$Limit
Event: 118.313 loading class com/sun/org/apache/xerces/internal/utils/XMLSecurityManager$Limit done
Event: 118.313 loading class com/sun/org/apache/xerces/internal/utils/XMLSecurityManager$NameMap
Event: 118.313 loading class com/sun/org/apache/xerces/internal/utils/XMLSecurityManager$NameMap done
Event: 118.313 loading class com/sun/org/apache/xerces/internal/utils/XMLSecurityPropertyManager
Event: 118.314 loading class com/sun/org/apache/xerces/internal/utils/XMLSecurityPropertyManager done
Event: 118.314 loading class com/sun/org/apache/xerces/internal/utils/XMLSecurityPropertyManager$State
Event: 118.314 loading class com/sun/org/apache/xerces/internal/utils/XMLSecurityPropertyManager$State done
Event: 118.314 loading class com/sun/org/apache/xerces/internal/utils/XMLSecurityPropertyManager$Property
Event: 118.314 loading class com/sun/org/apache/xerces/internal/utils/XMLSecurityPropertyManager$Property done
Event: 118.397 loading class java/util/regex/Pattern$SliceI
Event: 118.397 loading class java/util/regex/Pattern$SliceI done
Event: 118.444 Thread 0x0000019ab68221a0 Thread added: 0x0000019ab68221a0


Dynamic libraries:
0x00007ff6471f0000 - 0x00007ff647200000 	T:\ToolJava\jdk-17.0.8\bin\java.exe
0x00007ff9269f0000 - 0x00007ff926c07000 	C:\WINDOWS\SYSTEM32\ntdll.dll
0x00007ff924f30000 - 0x00007ff924ff4000 	C:\WINDOWS\System32\KERNEL32.DLL
0x00007ff923fc0000 - 0x00007ff924377000 	C:\WINDOWS\System32\KERNELBASE.dll
0x00007ff924380000 - 0x00007ff924491000 	C:\WINDOWS\System32\ucrtbase.dll
0x00007ff909eb0000 - 0x00007ff909ec9000 	T:\ToolJava\jdk-17.0.8\bin\jli.dll
0x00007ff924a80000 - 0x00007ff924b32000 	C:\WINDOWS\System32\ADVAPI32.dll
0x00007ff924ca0000 - 0x00007ff924d47000 	C:\WINDOWS\System32\msvcrt.dll
0x00007ff925d00000 - 0x00007ff925da8000 	C:\WINDOWS\System32\sechost.dll
0x00007ff923d00000 - 0x00007ff923d28000 	C:\WINDOWS\System32\bcrypt.dll
0x00007ff925340000 - 0x00007ff925454000 	C:\WINDOWS\System32\RPCRT4.dll
0x00007ff9248b0000 - 0x00007ff924a5f000 	C:\WINDOWS\System32\USER32.dll
0x00007ff9246f0000 - 0x00007ff924716000 	C:\WINDOWS\System32\win32u.dll
0x00007ff925cd0000 - 0x00007ff925cf9000 	C:\WINDOWS\System32\GDI32.dll
0x00007ff9244a0000 - 0x00007ff9245b8000 	C:\WINDOWS\System32\gdi32full.dll
0x00007ff923db0000 - 0x00007ff923e4a000 	C:\WINDOWS\System32\msvcp_win.dll
0x00007ff908070000 - 0x00007ff90808b000 	T:\ToolJava\jdk-17.0.8\bin\VCRUNTIME140.dll
0x00007ff9073c0000 - 0x00007ff907653000 	C:\WINDOWS\WinSxS\amd64_microsoft.windows.common-controls_6595b64144ccf1df_6.0.22621.3672_none_2713b9d173822955\COMCTL32.dll
0x00007ff91ae00000 - 0x00007ff91ae0a000 	C:\WINDOWS\SYSTEM32\VERSION.dll
0x00007ff926220000 - 0x00007ff926251000 	C:\WINDOWS\System32\IMM32.DLL
0x00007ff9203d0000 - 0x00007ff9203dc000 	T:\ToolJava\jdk-17.0.8\bin\vcruntime140_1.dll
0x00007ff8d8c70000 - 0x00007ff8d8cfe000 	T:\ToolJava\jdk-17.0.8\bin\msvcp140.dll
0x00007ff8b4560000 - 0x00007ff8b513e000 	T:\ToolJava\jdk-17.0.8\bin\server\jvm.dll
0x00007ff926920000 - 0x00007ff926928000 	C:\WINDOWS\System32\PSAPI.DLL
0x00007ff909a20000 - 0x00007ff909a29000 	C:\WINDOWS\SYSTEM32\WSOCK32.dll
0x00007ff924830000 - 0x00007ff9248a1000 	C:\WINDOWS\System32\WS2_32.dll
0x00007ff91d020000 - 0x00007ff91d054000 	C:\WINDOWS\SYSTEM32\WINMM.dll
0x00007ff922d10000 - 0x00007ff922d28000 	C:\WINDOWS\SYSTEM32\kernel.appcore.dll
0x00007ff91de70000 - 0x00007ff91de7a000 	T:\ToolJava\jdk-17.0.8\bin\jimage.dll
0x00007ff921550000 - 0x00007ff921782000 	C:\WINDOWS\SYSTEM32\DBGHELP.DLL
0x00007ff925db0000 - 0x00007ff92613e000 	C:\WINDOWS\System32\combase.dll
0x00007ff925260000 - 0x00007ff925337000 	C:\WINDOWS\System32\OLEAUT32.dll
0x00007ff8f3cd0000 - 0x00007ff8f3d02000 	C:\WINDOWS\SYSTEM32\dbgcore.DLL
0x00007ff923d30000 - 0x00007ff923dab000 	C:\WINDOWS\System32\bcryptPrimitives.dll
0x00007ff90aba0000 - 0x00007ff90abae000 	T:\ToolJava\jdk-17.0.8\bin\instrument.dll
0x00007ff908040000 - 0x00007ff908065000 	T:\ToolJava\jdk-17.0.8\bin\java.dll
0x00007ff8d8b90000 - 0x00007ff8d8c67000 	T:\ToolJava\jdk-17.0.8\bin\jsvml.dll
0x00007ff925460000 - 0x00007ff925cc9000 	C:\WINDOWS\System32\SHELL32.dll
0x00007ff921c20000 - 0x00007ff92251f000 	C:\WINDOWS\SYSTEM32\windows.storage.dll
0x00007ff921ae0000 - 0x00007ff921c1f000 	C:\WINDOWS\SYSTEM32\wintypes.dll
0x00007ff924730000 - 0x00007ff924829000 	C:\WINDOWS\System32\SHCORE.dll
0x00007ff926930000 - 0x00007ff92698e000 	C:\WINDOWS\System32\shlwapi.dll
0x00007ff923c30000 - 0x00007ff923c57000 	C:\WINDOWS\SYSTEM32\profapi.dll
0x00007ff9071b0000 - 0x00007ff9071c8000 	T:\ToolJava\jdk-17.0.8\bin\zip.dll
0x00007ff907160000 - 0x00007ff907179000 	T:\ToolJava\jdk-17.0.8\bin\net.dll
0x00007ff91f940000 - 0x00007ff91fa76000 	C:\WINDOWS\SYSTEM32\WINHTTP.dll
0x00007ff923180000 - 0x00007ff9231e9000 	C:\WINDOWS\system32\mswsock.dll
0x00007ff906bc0000 - 0x00007ff906bd6000 	T:\ToolJava\jdk-17.0.8\bin\nio.dll
0x00007ff90a3c0000 - 0x00007ff90a3d0000 	T:\ToolJava\jdk-17.0.8\bin\verify.dll
0x00007ff908420000 - 0x00007ff908447000 	T:\ToolJava\gradle-8.8\native\c067742578af261105cb4f569cf0c3c89f3d7b1fecec35dd04571415982c5e48\windows-amd64\native-platform.dll
0x00007ff8d7ec0000 - 0x00007ff8d8004000 	T:\ToolJava\gradle-8.8\native\100fb08df4bc3b14c8652ba06237920a3bd2aa13389f12d3474272988ae205f9\windows-amd64\native-platform-file-events.dll
0x00007ff90a1f0000 - 0x00007ff90a1fa000 	T:\ToolJava\jdk-17.0.8\bin\management.dll
0x00007ff909a30000 - 0x00007ff909a3b000 	T:\ToolJava\jdk-17.0.8\bin\management_ext.dll
0x00007ff9233c0000 - 0x00007ff9233db000 	C:\WINDOWS\SYSTEM32\CRYPTSP.dll
0x00007ff922c70000 - 0x00007ff922ca5000 	C:\WINDOWS\system32\rsaenh.dll
0x00007ff923240000 - 0x00007ff923268000 	C:\WINDOWS\SYSTEM32\USERENV.dll
0x00007ff9233b0000 - 0x00007ff9233bc000 	C:\WINDOWS\SYSTEM32\CRYPTBASE.dll
0x00007ff922780000 - 0x00007ff9227ad000 	C:\WINDOWS\SYSTEM32\IPHLPAPI.DLL
0x00007ff924720000 - 0x00007ff924729000 	C:\WINDOWS\System32\NSI.dll
0x00007ff91f920000 - 0x00007ff91f939000 	C:\WINDOWS\SYSTEM32\dhcpcsvc6.DLL
0x00007ff91f900000 - 0x00007ff91f91f000 	C:\WINDOWS\SYSTEM32\dhcpcsvc.DLL
0x00007ff9227f0000 - 0x00007ff9228f2000 	C:\WINDOWS\SYSTEM32\DNSAPI.dll
0x00007ff9089d0000 - 0x00007ff9089de000 	T:\ToolJava\jdk-17.0.8\bin\sunmscapi.dll
0x00007ff923e50000 - 0x00007ff923fb6000 	C:\WINDOWS\System32\CRYPT32.dll
0x00007ff9235d0000 - 0x00007ff9235fd000 	C:\WINDOWS\SYSTEM32\ncrypt.dll
0x00007ff923590000 - 0x00007ff9235c7000 	C:\WINDOWS\SYSTEM32\NTASN1.dll
0x00007ff909a10000 - 0x00007ff909a18000 	C:\WINDOWS\system32\wshunix.dll

dbghelp: loaded successfully - version: 4.0.5 - missing functions: none
symbol engine: initialized successfully - sym options: 0x614 - pdb path: .;T:\ToolJava\jdk-17.0.8\bin;C:\WINDOWS\SYSTEM32;C:\WINDOWS\WinSxS\amd64_microsoft.windows.common-controls_6595b64144ccf1df_6.0.22621.3672_none_2713b9d173822955;T:\ToolJava\jdk-17.0.8\bin\server;T:\ToolJava\gradle-8.8\native\c067742578af261105cb4f569cf0c3c89f3d7b1fecec35dd04571415982c5e48\windows-amd64;T:\ToolJava\gradle-8.8\native\100fb08df4bc3b14c8652ba06237920a3bd2aa13389f12d3474272988ae205f9\windows-amd64

VM Arguments:
jvm_args: --add-opens=java.base/java.util=ALL-UNNAMED --add-opens=java.base/java.lang=ALL-UNNAMED --add-opens=java.base/java.lang.invoke=ALL-UNNAMED --add-opens=java.prefs/java.util.prefs=ALL-UNNAMED --add-exports=jdk.compiler/com.sun.tools.javac.api=ALL-UNNAMED --add-exports=jdk.compiler/com.sun.tools.javac.util=ALL-UNNAMED --add-opens=java.base/java.nio.charset=ALL-UNNAMED --add-opens=java.base/java.net=ALL-UNNAMED --add-opens=java.base/java.util.concurrent.atomic=ALL-UNNAMED -XX:MaxMetaspaceSize=384m -XX:+HeapDumpOnOutOfMemoryError -Xms256m -Xmx512m -Dfile.encoding=UTF-8 -Duser.country=US -Duser.language=en -Duser.variant -javaagent:T:\ToolJava\gradle-8.8\wrapper\dists\gradle-8.10.2-bin\a04bxjujx95o3nb99gddekhwo\gradle-8.10.2\lib\agents\gradle-instrumentation-agent-8.10.2.jar 
java_command: org.gradle.launcher.daemon.bootstrap.GradleDaemon 8.10.2
java_class_path (initial): T:\ToolJava\gradle-8.8\wrapper\dists\gradle-8.10.2-bin\a04bxjujx95o3nb99gddekhwo\gradle-8.10.2\lib\gradle-daemon-main-8.10.2.jar
Launcher Type: SUN_STANDARD

[Global flags]
     intx CICompilerCount                          = 4                                         {product} {ergonomic}
   size_t CompressedClassSpaceSize                 = 335544320                                 {product} {ergonomic}
     uint ConcGCThreads                            = 2                                         {product} {ergonomic}
     uint G1ConcRefinementThreads                  = 8                                         {product} {ergonomic}
   size_t G1HeapRegionSize                         = 1048576                                   {product} {ergonomic}
    uintx GCDrainStackTargetSize                   = 64                                        {product} {ergonomic}
     bool HeapDumpOnOutOfMemoryError               = true                                   {manageable} {command line}
   size_t InitialHeapSize                          = 268435456                                 {product} {command line}
   size_t MarkStackSize                            = 4194304                                   {product} {ergonomic}
   size_t MaxHeapSize                              = 536870912                                 {product} {command line}
   size_t MaxMetaspaceSize                         = 402653184                                 {product} {command line}
   size_t MaxNewSize                               = 321912832                                 {product} {ergonomic}
   size_t MinHeapDeltaBytes                        = 1048576                                   {product} {ergonomic}
   size_t MinHeapSize                              = 268435456                                 {product} {command line}
    uintx NonNMethodCodeHeapSize                   = 5839372                                {pd product} {ergonomic}
    uintx NonProfiledCodeHeapSize                  = 122909434                              {pd product} {ergonomic}
    uintx ProfiledCodeHeapSize                     = 122909434                              {pd product} {ergonomic}
    uintx ReservedCodeCacheSize                    = 251658240                              {pd product} {ergonomic}
     bool SegmentedCodeCache                       = true                                      {product} {ergonomic}
   size_t SoftMaxHeapSize                          = 536870912                              {manageable} {ergonomic}
     bool UseCompressedClassPointers               = true                           {product lp64_product} {ergonomic}
     bool UseCompressedOops                        = true                           {product lp64_product} {ergonomic}
     bool UseG1GC                                  = true                                      {product} {ergonomic}
     bool UseLargePagesIndividualAllocation        = false                                  {pd product} {ergonomic}

Logging:
Log output configuration:
 #0: stdout all=warning uptime,level,tags
 #1: stderr all=off uptime,level,tags

Environment Variables:
JAVA_HOME=T:\ToolJava\jdk-17.0.8
PATH=C:\WINDOWS\system32;C:\WINDOWS;C:\WINDOWS\System32\Wbem;C:\WINDOWS\System32\WindowsPowerShell\v1.0\;C:\WINDOWS\System32\OpenSSH\;C:\Program Files\MongoDB\Server\tools\bin;C:\Program Files\MongoDB\Server\5.0\bin;C:\Program Files (x86)\Microsoft SQL Server\150\DTS\Binn\;C:\Program Files\Microsoft SQL Server\Client SDK\ODBC\170\Tools\Binn\;C:\Program Files (x86)\Microsoft SQL Server\150\Tools\Binn\;C:\Program Files\Microsoft SQL Server\150\Tools\Binn\;C:\Program Files\Microsoft SQL Server\150\DTS\Binn\;C:\Program Files\Azure Data Studio\bin;C:\Program Files\nodejs;C:\MinGW\bin;C:\Program Files\Git\cmd;T:\ToolJava\jdk-17.0.8\bin;C:\Program Files\HP\HP One Agent;C:\Program Files\Docker\Docker\resources\bin;T:\ToolJava\apache-maven-3.9.9\bin;C:\Users\HP\AppData\Local\Programs\Python\Python311\Scripts\;C:\Users\HP\AppData\Local\Programs\Python\Python311\;C:\Users\HP\AppData\Local\Microsoft\WindowsApps;C:\Program Files (x86)\CodeBlocks\MinGW\bin;C:\Program Files\Azure Data Studio\bin;C:\Program Files\MongoDB\Server\tools\bin;C:\Program Files\MongoDB\Server\5.0\bin;;T:\50_NguyenVanLoc\;C:\Users\HP\AppData\Local\Programs\Microsoft VS Code\bin;C:\Users\HP\AppData\Roaming\npm
USERNAME=HP
OS=Windows_NT
PROCESSOR_IDENTIFIER=Intel64 Family 6 Model 142 Stepping 12, GenuineIntel



---------------  S Y S T E M  ---------------

OS:
 Windows 11 , 64 bit Build 22621 (10.0.22621.3958)
OS uptime: 2 days 8:19 hours
Hyper-V role detected

CPU: total 8 (initial active 8) (4 cores per cpu, 2 threads per core) family 6 model 142 stepping 12 microcode 0xec, cx8, cmov, fxsr, ht, mmx, 3dnowpref, sse, sse2, sse3, ssse3, sse4.1, sse4.2, popcnt, lzcnt, tsc, tscinvbit, avx, avx2, aes, erms, clmul, bmi1, bmi2, adx, fma, vzeroupper, clflush, clflushopt, hv

Memory: 4k page, system-wide physical 24398M (1451M free)
TotalPageFile size 32398M (AvailPageFile size 8M)
current process WorkingSet (physical memory assigned to process): 368M, peak: 371M
current process commit charge ("private bytes"): 480M, peak: 484M

vm_info: Java HotSpot(TM) 64-Bit Server VM (17.0.8+9-LTS-211) for windows-amd64 JRE (17.0.8+9-LTS-211), built on Jun 14 2023 10:34:31 by "mach5one" with MS VC++ 17.1 (VS2022)

END.
